# JRE version: OpenJDK Runtime Environment Microsoft-8035246 (17.0.8+7) (build 17.0.8+7-LTS)
# Java VM: OpenJDK 64-Bit Server VM Microsoft-8035246 (17.0.8+7-LTS, mixed mode, sharing, tiered, compressed oops, compressed class ptrs, g1 gc, windows-amd64)
GC Precious Log:
 CPUs: 8 total, 8 available
 Memory: 7974M
 Large Page Support: Disabled
 NUMA Support: Disabled
 Compressed Oops: Enabled (32-bit)
 Heap Region Size: 1M
 Heap Min Capacity: 8M
 Heap Initial Capacity: 126M
 Heap Max Capacity: 2G
 Pre-touch: Disabled
 Parallel Workers: 8
 Concurrent Workers: 2
 Concurrent Refinement Workers: 8
 Periodic GC: Disabled
Heap:
 garbage-first heap   total 419840K, used 271102K [0x0000000080000000, 0x0000000100000000)
  region size 1024K, 47 young (48128K), 14 survivors (14336K)
 Metaspace       used 103090K, committed 104640K, reserved 557056K
  class space    used 14426K, committed 15168K, reserved 425984K
GC Heap History (20 events):
Event: 75.509 GC heap before
{Heap before GC invocations=52 (full 0):
 garbage-first heap   total 195584K, used 158231K [0x0000000080000000, 0x0000000100000000)
  region size 1024K, 49 young (50176K), 8 survivors (8192K)
 Metaspace       used 89779K, committed 90752K, reserved 557056K
  class space    used 12619K, committed 13120K, reserved 425984K
}
Event: 75.527 GC heap after
{Heap after GC invocations=53 (full 0):
 garbage-first heap   total 195584K, used 128508K [0x0000000080000000, 0x0000000100000000)
  region size 1024K, 7 young (7168K), 7 survivors (7168K)
 Metaspace       used 89779K, committed 90752K, reserved 557056K
  class space    used 12619K, committed 13120K, reserved 425984K
}
Event: 76.085 GC heap before
{Heap before GC invocations=54 (full 0):
 garbage-first heap   total 225280K, used 157180K [0x0000000080000000, 0x0000000100000000)
  region size 1024K, 35 young (35840K), 7 survivors (7168K)
 Metaspace       used 90507K, committed 91584K, reserved 557056K
  class space    used 12730K, committed 13248K, reserved 425984K
}
Event: 76.098 GC heap after
{Heap after GC invocations=55 (full 0):
 garbage-first heap   total 225280K, used 134945K [0x0000000080000000, 0x0000000100000000)
  region size 1024K, 5 young (5120K), 5 survivors (5120K)
 Metaspace       used 90507K, committed 91584K, reserved 557056K
  class space    used 12730K, committed 13248K, reserved 425984K
}
Event: 76.222 GC heap before
{Heap before GC invocations=55 (full 0):
 garbage-first heap   total 225280K, used 141089K [0x0000000080000000, 0x0000000100000000)
  region size 1024K, 11 young (11264K), 5 survivors (5120K)
 Metaspace       used 90649K, committed 91712K, reserved 557056K
  class space    used 12751K, committed 13248K, reserved 425984K
}
Event: 76.230 GC heap after
{Heap after GC invocations=56 (full 0):
 garbage-first heap   total 225280K, used 137216K [0x0000000080000000, 0x0000000100000000)
  region size 1024K, 2 young (2048K), 2 survivors (2048K)
 Metaspace       used 90649K, committed 91712K, reserved 557056K
  class space    used 12751K, committed 13248K, reserved 425984K
}
Event: 77.239 GC heap before
{Heap before GC invocations=56 (full 0):
 garbage-first heap   total 225280K, used 180224K [0x0000000080000000, 0x0000000100000000)
  region size 1024K, 44 young (45056K), 2 survivors (2048K)
 Metaspace       used 91151K, committed 92224K, reserved 557056K
  class space    used 12811K, committed 13312K, reserved 425984K
}
Event: 77.253 GC heap after
{Heap after GC invocations=57 (full 0):
 garbage-first heap   total 419840K, used 148480K [0x0000000080000000, 0x0000000100000000)
  region size 1024K, 6 young (6144K), 6 survivors (6144K)
 Metaspace       used 91151K, committed 92224K, reserved 557056K
  class space    used 12811K, committed 13312K, reserved 425984K
}
Event: 81.853 GC heap before
{Heap before GC invocations=57 (full 0):
 garbage-first heap   total 419840K, used 318464K [0x0000000080000000, 0x0000000100000000)
  region size 1024K, 166 young (169984K), 6 survivors (6144K)
 Metaspace       used 93713K, committed 95040K, reserved 557056K
  class space    used 13154K, committed 13760K, reserved 425984K
}
Event: 81.898 GC heap after
{Heap after GC invocations=58 (full 0):
 garbage-first heap   total 419840K, used 187102K [0x0000000080000000, 0x0000000100000000)
  region size 1024K, 21 young (21504K), 21 survivors (21504K)
 Metaspace       used 93713K, committed 95040K, reserved 557056K
  class space    used 13154K, committed 13760K, reserved 425984K
}
Event: 85.144 GC heap before
{Heap before GC invocations=58 (full 0):
 garbage-first heap   total 419840K, used 300766K [0x0000000080000000, 0x0000000100000000)
  region size 1024K, 132 young (135168K), 21 survivors (21504K)
 Metaspace       used 99666K, committed 101056K, reserved 557056K
  class space    used 13986K, committed 14656K, reserved 425984K
}
Event: 85.189 GC heap after
{Heap after GC invocations=59 (full 0):
 garbage-first heap   total 419840K, used 202209K [0x0000000080000000, 0x0000000100000000)
  region size 1024K, 13 young (13312K), 13 survivors (13312K)
 Metaspace       used 99666K, committed 101056K, reserved 557056K
  class space    used 13986K, committed 14656K, reserved 425984K
}
Event: 87.301 GC heap before
{Heap before GC invocations=59 (full 0):
 garbage-first heap   total 419840K, used 315873K [0x0000000080000000, 0x0000000100000000)
  region size 1024K, 124 young (126976K), 13 survivors (13312K)
 Metaspace       used 101009K, committed 102528K, reserved 557056K
  class space    used 14131K, committed 14848K, reserved 425984K
}
Event: 87.349 GC heap after
{Heap after GC invocations=60 (full 0):
 garbage-first heap   total 419840K, used 214303K [0x0000000080000000, 0x0000000100000000)
  region size 1024K, 14 young (14336K), 14 survivors (14336K)
 Metaspace       used 101009K, committed 102528K, reserved 557056K
  class space    used 14131K, committed 14848K, reserved 425984K
}
Event: 89.845 GC heap before
{Heap before GC invocations=60 (full 0):
 garbage-first heap   total 419840K, used 325919K [0x0000000080000000, 0x0000000100000000)
  region size 1024K, 123 young (125952K), 14 survivors (14336K)
 Metaspace       used 101804K, committed 103424K, reserved 557056K
  class space    used 14236K, committed 14976K, reserved 425984K
}
Event: 89.890 GC heap after
{Heap after GC invocations=61 (full 0):
 garbage-first heap   total 419840K, used 224980K [0x0000000080000000, 0x0000000100000000)
  region size 1024K, 11 young (11264K), 11 survivors (11264K)
 Metaspace       used 101804K, committed 103424K, reserved 557056K
  class space    used 14236K, committed 14976K, reserved 425984K
}
Event: 91.483 GC heap before
{Heap before GC invocations=61 (full 0):
 garbage-first heap   total 419840K, used 333524K [0x0000000080000000, 0x0000000100000000)
  region size 1024K, 118 young (120832K), 11 survivors (11264K)
 Metaspace       used 102746K, committed 104320K, reserved 557056K
  class space    used 14367K, committed 15104K, reserved 425984K
}
Event: 91.509 GC heap after
{Heap after GC invocations=62 (full 0):
 garbage-first heap   total 419840K, used 231790K [0x0000000080000000, 0x0000000100000000)
  region size 1024K, 7 young (7168K), 7 survivors (7168K)
 Metaspace       used 102746K, committed 104320K, reserved 557056K
  class space    used 14367K, committed 15104K, reserved 425984K
}
Event: 93.347 GC heap before
{Heap before GC invocations=62 (full 0):
 garbage-first heap   total 419840K, used 339310K [0x0000000080000000, 0x0000000100000000)
  region size 1024K, 113 young (115712K), 7 survivors (7168K)
 Metaspace       used 103085K, committed 104640K, reserved 557056K
  class space    used 14424K, committed 15168K, reserved 425984K
}
Event: 93.365 GC heap after
{Heap after GC invocations=63 (full 0):
 garbage-first heap   total 419840K, used 238334K [0x0000000080000000, 0x0000000100000000)
  region size 1024K, 14 young (14336K), 14 survivors (14336K)
 Metaspace       used 103085K, committed 104640K, reserved 557056K
  class space    used 14424K, committed 15168K, reserved 425984K
}

