# JRE version: OpenJDK Runtime Environment Microsoft-8035246 (17.0.8+7) (build 17.0.8+7-LTS)
# Java VM: OpenJDK 64-Bit Server VM Microsoft-8035246 (17.0.8+7-LTS, mixed mode, sharing, tiered, compressed oops, compressed class ptrs, g1 gc, windows-amd64)
GC Precious Log:
 CPUs: 8 total, 8 available
 Memory: 7974M
 Large Page Support: Disabled
 NUMA Support: Disabled
 Compressed Oops: Enabled (32-bit)
 Heap Region Size: 1M
 Heap Min Capacity: 8M
 Heap Initial Capacity: 126M
 Heap Max Capacity: 2G
 Pre-touch: Disabled
 Parallel Workers: 8
 Concurrent Workers: 2
 Concurrent Refinement Workers: 8
 Periodic GC: Disabled
Heap:
 garbage-first heap   total 258048K, used 200539K [0x0000000080000000, 0x0000000100000000)
  region size 1024K, 12 young (12288K), 3 survivors (3072K)
 Metaspace       used 104808K, committed 105920K, reserved 557056K
  class space    used 14586K, committed 15104K, reserved 425984K
GC Heap History (20 events):
Event: 61.906 GC heap before
{Heap before GC invocations=67 (full 0):
 garbage-first heap   total 215040K, used 178890K [0x0000000080000000, 0x0000000100000000)
  region size 1024K, 26 young (26624K), 4 survivors (4096K)
 Metaspace       used 96066K, committed 96960K, reserved 557056K
  class space    used 13433K, committed 13824K, reserved 425984K
}
Event: 61.912 GC heap after
{Heap after GC invocations=68 (full 0):
 garbage-first heap   total 258048K, used 158758K [0x0000000080000000, 0x0000000100000000)
  region size 1024K, 2 young (2048K), 2 survivors (2048K)
 Metaspace       used 96066K, committed 96960K, reserved 557056K
  class space    used 13433K, committed 13824K, reserved 425984K
}
Event: 62.914 GC heap before
{Heap before GC invocations=68 (full 0):
 garbage-first heap   total 258048K, used 203814K [0x0000000080000000, 0x0000000100000000)
  region size 1024K, 46 young (47104K), 2 survivors (2048K)
 Metaspace       used 100320K, committed 101248K, reserved 557056K
  class space    used 14017K, committed 14464K, reserved 425984K
}
Event: 62.923 GC heap after
{Heap after GC invocations=69 (full 0):
 garbage-first heap   total 258048K, used 161310K [0x0000000080000000, 0x0000000100000000)
  region size 1024K, 5 young (5120K), 5 survivors (5120K)
 Metaspace       used 100320K, committed 101248K, reserved 557056K
  class space    used 14017K, committed 14464K, reserved 425984K
}
Event: 63.701 GC heap before
{Heap before GC invocations=69 (full 0):
 garbage-first heap   total 258048K, used 207390K [0x0000000080000000, 0x0000000100000000)
  region size 1024K, 50 young (51200K), 5 survivors (5120K)
 Metaspace       used 102092K, committed 103168K, reserved 557056K
  class space    used 14234K, committed 14720K, reserved 425984K
}
Event: 63.711 GC heap after
{Heap after GC invocations=70 (full 0):
 garbage-first heap   total 258048K, used 166036K [0x0000000080000000, 0x0000000100000000)
  region size 1024K, 7 young (7168K), 7 survivors (7168K)
 Metaspace       used 102092K, committed 103168K, reserved 557056K
  class space    used 14234K, committed 14720K, reserved 425984K
}
Event: 64.260 GC heap before
{Heap before GC invocations=70 (full 0):
 garbage-first heap   total 258048K, used 210068K [0x0000000080000000, 0x0000000100000000)
  region size 1024K, 50 young (51200K), 7 survivors (7168K)
 Metaspace       used 102719K, committed 103680K, reserved 557056K
  class space    used 14291K, committed 14720K, reserved 425984K
}
Event: 64.274 GC heap after
{Heap after GC invocations=71 (full 0):
 garbage-first heap   total 258048K, used 171017K [0x0000000080000000, 0x0000000100000000)
  region size 1024K, 5 young (5120K), 5 survivors (5120K)
 Metaspace       used 102719K, committed 103680K, reserved 557056K
  class space    used 14291K, committed 14720K, reserved 425984K
}
Event: 64.743 GC heap before
{Heap before GC invocations=71 (full 0):
 garbage-first heap   total 258048K, used 213001K [0x0000000080000000, 0x0000000100000000)
  region size 1024K, 46 young (47104K), 5 survivors (5120K)
 Metaspace       used 103175K, committed 104128K, reserved 557056K
  class space    used 14341K, committed 14784K, reserved 425984K
}
Event: 64.751 GC heap after
{Heap after GC invocations=72 (full 0):
 garbage-first heap   total 258048K, used 175650K [0x0000000080000000, 0x0000000100000000)
  region size 1024K, 5 young (5120K), 5 survivors (5120K)
 Metaspace       used 103175K, committed 104128K, reserved 557056K
  class space    used 14341K, committed 14784K, reserved 425984K
}
Event: 65.293 GC heap before
{Heap before GC invocations=72 (full 0):
 garbage-first heap   total 258048K, used 214562K [0x0000000080000000, 0x0000000100000000)
  region size 1024K, 44 young (45056K), 5 survivors (5120K)
 Metaspace       used 104101K, committed 105088K, reserved 557056K
  class space    used 14518K, committed 14976K, reserved 425984K
}
Event: 65.304 GC heap after
{Heap after GC invocations=73 (full 0):
 garbage-first heap   total 258048K, used 178493K [0x0000000080000000, 0x0000000100000000)
  region size 1024K, 3 young (3072K), 3 survivors (3072K)
 Metaspace       used 104101K, committed 105088K, reserved 557056K
  class space    used 14518K, committed 14976K, reserved 425984K
}
Event: 65.786 GC heap before
{Heap before GC invocations=73 (full 0):
 garbage-first heap   total 258048K, used 217405K [0x0000000080000000, 0x0000000100000000)
  region size 1024K, 41 young (41984K), 3 survivors (3072K)
 Metaspace       used 104466K, committed 105472K, reserved 557056K
  class space    used 14564K, committed 15040K, reserved 425984K
}
Event: 65.795 GC heap after
{Heap after GC invocations=74 (full 0):
 garbage-first heap   total 258048K, used 182272K [0x0000000080000000, 0x0000000100000000)
  region size 1024K, 6 young (6144K), 6 survivors (6144K)
 Metaspace       used 104466K, committed 105472K, reserved 557056K
  class space    used 14564K, committed 15040K, reserved 425984K
}
Event: 66.158 GC heap before
{Heap before GC invocations=74 (full 0):
 garbage-first heap   total 258048K, used 217088K [0x0000000080000000, 0x0000000100000000)
  region size 1024K, 41 young (41984K), 6 survivors (6144K)
 Metaspace       used 104578K, committed 105664K, reserved 557056K
  class space    used 14565K, committed 15040K, reserved 425984K
}
Event: 66.166 GC heap after
{Heap after GC invocations=75 (full 0):
 garbage-first heap   total 258048K, used 184958K [0x0000000080000000, 0x0000000100000000)
  region size 1024K, 3 young (3072K), 3 survivors (3072K)
 Metaspace       used 104578K, committed 105664K, reserved 557056K
  class space    used 14565K, committed 15040K, reserved 425984K
}
Event: 66.617 GC heap before
{Heap before GC invocations=75 (full 0):
 garbage-first heap   total 258048K, used 219774K [0x0000000080000000, 0x0000000100000000)
  region size 1024K, 37 young (37888K), 3 survivors (3072K)
 Metaspace       used 104580K, committed 105664K, reserved 557056K
  class space    used 14565K, committed 15040K, reserved 425984K
}
Event: 66.621 GC heap after
{Heap after GC invocations=76 (full 0):
 garbage-first heap   total 258048K, used 186340K [0x0000000080000000, 0x0000000100000000)
  region size 1024K, 5 young (5120K), 5 survivors (5120K)
 Metaspace       used 104580K, committed 105664K, reserved 557056K
  class space    used 14565K, committed 15040K, reserved 425984K
}
Event: 67.299 GC heap before
{Heap before GC invocations=76 (full 0):
 garbage-first heap   total 258048K, used 224228K [0x0000000080000000, 0x0000000100000000)
  region size 1024K, 39 young (39936K), 5 survivors (5120K)
 Metaspace       used 104676K, committed 105728K, reserved 557056K
  class space    used 14575K, committed 15040K, reserved 425984K
}
Event: 67.305 GC heap after
{Heap after GC invocations=77 (full 0):
 garbage-first heap   total 258048K, used 189902K [0x0000000080000000, 0x0000000100000000)
  region size 1024K, 5 young (5120K), 5 survivors (5120K)
 Metaspace       used 104676K, committed 105728K, reserved 557056K
  class space    used 14575K, committed 15040K, reserved 425984K
}

