{"C:\\Users\\dell\\Desktop\\Nutrisport_pipeline\\NutriSport-app\\payment-service\\src\\controller\\PaymentController.ts": {"path":"C:\\Users\\dell\\Desktop\\Nutrisport_pipeline\\NutriSport-app\\payment-service\\src\\controller\\PaymentController.ts","statementMap":{"0":{"start":{"line":2,"column":15},"end":{"line":3,"column":null}},"1":{"start":{"line":5,"column":0},"end":{"line":5,"column":13}},"2":{"start":{"line":7,"column":10},"end":{"line":24,"column":null}},"3":{"start":{"line":10,"column":34},"end":{"line":16,"column":null}},"4":{"start":{"line":10,"column":18},"end":{"line":16,"column":null}},"5":{"start":{"line":18,"column":12},"end":{"line":18,"column":74}},"6":{"start":{"line":20,"column":12},"end":{"line":22,"column":15}},"7":{"start":{"line":25,"column":0},"end":{"line":25,"column":null}},"8":{"start":{"line":5,"column":13},"end":{"line":5,"column":30}}},"fnMap":{"0":{"name":"(anonymous_13)","decl":{"start":{"line":5,"column":0},"end":{"line":5,"column":13}},"loc":{"start":{"line":5,"column":0},"end":{"line":25,"column":null}}},"1":{"name":"(anonymous_15)","decl":{"start":{"line":7,"column":4},"end":{"line":7,"column":10}},"loc":{"start":{"line":7,"column":80},"end":{"line":24,"column":null}}}},"branchMap":{},"s":{"0":1,"1":1,"2":1,"3":2,"4":1,"5":1,"6":1,"7":1,"8":1},"f":{"0":3,"1":2},"b":{}}
}
