<?xml version="1.0" encoding="UTF-8"?>
<coverage generated="1707557836457" clover="3.2.0">
  <project timestamp="1707557836457" name="All files">
    <metrics statements="277" coveredstatements="257" conditionals="32" coveredconditionals="32" methods="43" coveredmethods="20" elements="352" coveredelements="309" complexity="0" loc="277" ncloc="277" packages="5" files="9" classes="9"/>
    <package name="src">
      <metrics statements="8" coveredstatements="8" conditionals="0" coveredconditionals="0" methods="0" coveredmethods="0"/>
      <file name="data-source.ts" path="C:\Users\dell\Desktop\Nutrisport_pipeline\NutriSport-app\orders-management-service\src\data-source.ts">
        <metrics statements="8" coveredstatements="8" conditionals="0" coveredconditionals="0" methods="0" coveredmethods="0"/>
        <line num="1" count="1" type="stmt"/>
        <line num="2" count="1" type="stmt"/>
        <line num="3" count="1" type="stmt"/>
        <line num="4" count="1" type="stmt"/>
        <line num="5" count="1" type="stmt"/>
        <line num="6" count="1" type="stmt"/>
        <line num="7" count="1" type="stmt"/>
        <line num="9" count="1" type="stmt"/>
      </file>
    </package>
    <package name="src.controller">
      <metrics statements="178" coveredstatements="171" conditionals="30" coveredconditionals="30" methods="12" coveredmethods="12"/>
      <file name="Controller.ts" path="C:\Users\dell\Desktop\Nutrisport_pipeline\NutriSport-app\orders-management-service\src\controller\Controller.ts">
        <metrics statements="178" coveredstatements="171" conditionals="30" coveredconditionals="30" methods="12" coveredmethods="12"/>
        <line num="1" count="1" type="stmt"/>
        <line num="3" count="1" type="stmt"/>
        <line num="4" count="1" type="stmt"/>
        <line num="5" count="1" type="stmt"/>
        <line num="6" count="1" type="stmt"/>
        <line num="7" count="1" type="stmt"/>
        <line num="8" count="1" type="stmt"/>
        <line num="9" count="1" type="stmt"/>
        <line num="10" count="1" type="stmt"/>
        <line num="12" count="1" type="stmt"/>
        <line num="15" count="1" type="stmt"/>
        <line num="17" count="1" type="stmt"/>
        <line num="18" count="1" type="stmt"/>
        <line num="19" count="1" type="stmt"/>
        <line num="20" count="1" type="stmt"/>
        <line num="21" count="1" type="stmt"/>
        <line num="23" count="1" type="stmt"/>
        <line num="24" count="1" type="stmt"/>
        <line num="25" count="1" type="stmt"/>
        <line num="26" count="1" type="stmt"/>
        <line num="35" count="1" type="stmt"/>
        <line num="37" count="3" type="stmt"/>
        <line num="40" count="3" type="stmt"/>
        <line num="43" count="3" type="stmt"/>
        <line num="46" count="3" type="stmt"/>
        <line num="51" count="3" type="cond" truecount="1" falsecount="0"/>
        <line num="52" count="1" type="stmt"/>
        <line num="56" count="2" type="stmt"/>
        <line num="62" count="2" type="cond" truecount="1" falsecount="0"/>
        <line num="63" count="1" type="stmt"/>
        <line num="67" count="1" type="stmt"/>
        <line num="72" count="1" type="cond" truecount="1" falsecount="0"/>
        <line num="73" count="1" type="stmt"/>
        <line num="77" count="1" type="stmt"/>
        <line num="79" count="1" type="stmt"/>
        <line num="83" count="1" type="stmt"/>
        <line num="91" count="1" type="stmt"/>
        <line num="93" count="1" type="stmt"/>
        <line num="95" count="1" type="stmt"/>
        <line num="96" count="1" type="cond" truecount="1" falsecount="0"/>
        <line num="97" count="1" type="stmt"/>
        <line num="100" count="1" type="stmt"/>
        <line num="101" count="1" type="stmt"/>
        <line num="109" count="1" type="stmt"/>
        <line num="111" count="3" type="stmt"/>
        <line num="114" count="3" type="stmt"/>
        <line num="117" count="3" type="stmt"/>
        <line num="120" count="3" type="stmt"/>
        <line num="125" count="3" type="cond" truecount="1" falsecount="0"/>
        <line num="126" count="1" type="stmt"/>
        <line num="130" count="2" type="stmt"/>
        <line num="137" count="2" type="cond" truecount="1" falsecount="0"/>
        <line num="138" count="1" type="stmt"/>
        <line num="142" count="1" type="stmt"/>
        <line num="147" count="1" type="cond" truecount="1" falsecount="0"/>
        <line num="148" count="1" type="stmt"/>
        <line num="151" count="1" type="stmt"/>
        <line num="154" count="1" type="stmt"/>
        <line num="155" count="1" type="cond" truecount="1" falsecount="0"/>
        <line num="156" count="1" type="stmt"/>
        <line num="159" count="1" type="stmt"/>
        <line num="160" count="1" type="stmt"/>
        <line num="169" count="1" type="stmt"/>
        <line num="171" count="2" type="stmt"/>
        <line num="174" count="2" type="stmt"/>
        <line num="179" count="2" type="cond" truecount="1" falsecount="0"/>
        <line num="180" count="1" type="stmt"/>
        <line num="182" count="1" type="stmt"/>
        <line num="184" count="1" type="stmt"/>
        <line num="192" count="1" type="stmt"/>
        <line num="199" count="1" type="stmt"/>
        <line num="201" count="2" type="stmt"/>
        <line num="203" count="2" type="stmt"/>
        <line num="205" count="2" type="stmt"/>
        <line num="210" count="3" type="cond" truecount="1" falsecount="0"/>
        <line num="212" count="1" type="stmt"/>
        <line num="216" count="1" type="stmt"/>
        <line num="220" count="1" type="cond" truecount="3" falsecount="0"/>
        <line num="224" count="1" type="stmt"/>
        <line num="227" count="2" type="stmt"/>
        <line num="231" count="2" type="stmt"/>
        <line num="240" count="2" type="stmt"/>
        <line num="249" count="2" type="stmt"/>
        <line num="252" count="2" type="stmt"/>
        <line num="256" count="2" type="stmt"/>
        <line num="258" count="4" type="cond" truecount="1" falsecount="0"/>
        <line num="260" count="0" type="stmt"/>
        <line num="261" count="0" type="stmt"/>
        <line num="263" count="0" type="stmt"/>
        <line num="264" count="0" type="stmt"/>
        <line num="265" count="0" type="stmt"/>
        <line num="268" count="0" type="stmt"/>
        <line num="272" count="0" type="stmt"/>
        <line num="275" count="2" type="stmt"/>
        <line num="282" count="1" type="stmt"/>
        <line num="284" count="6" type="stmt"/>
        <line num="287" count="6" type="stmt"/>
        <line num="290" count="6" type="stmt"/>
        <line num="296" count="6" type="cond" truecount="1" falsecount="0"/>
        <line num="297" count="1" type="stmt"/>
        <line num="301" count="5" type="stmt"/>
        <line num="306" count="5" type="stmt"/>
        <line num="309" count="5" type="cond" truecount="5" falsecount="0"/>
        <line num="311" count="1" type="stmt"/>
        <line num="312" count="1" type="stmt"/>
        <line num="313" count="1" type="stmt"/>
        <line num="315" count="1" type="stmt"/>
        <line num="316" count="1" type="stmt"/>
        <line num="317" count="1" type="stmt"/>
        <line num="319" count="1" type="stmt"/>
        <line num="320" count="1" type="stmt"/>
        <line num="321" count="1" type="stmt"/>
        <line num="323" count="1" type="stmt"/>
        <line num="324" count="1" type="stmt"/>
        <line num="326" count="1" type="stmt"/>
        <line num="330" count="4" type="stmt"/>
        <line num="331" count="4" type="stmt"/>
        <line num="332" count="4" type="stmt"/>
        <line num="335" count="4" type="stmt"/>
        <line num="343" count="4" type="stmt"/>
        <line num="346" count="4" type="stmt"/>
        <line num="349" count="4" type="stmt"/>
        <line num="356" count="1" type="stmt"/>
        <line num="358" count="2" type="stmt"/>
        <line num="361" count="2" type="stmt"/>
        <line num="366" count="2" type="cond" truecount="1" falsecount="0"/>
        <line num="367" count="1" type="stmt"/>
        <line num="371" count="1" type="stmt"/>
        <line num="378" count="1" type="stmt"/>
        <line num="380" count="2" type="stmt"/>
        <line num="383" count="2" type="stmt"/>
        <line num="390" count="2" type="cond" truecount="1" falsecount="0"/>
        <line num="391" count="1" type="stmt"/>
        <line num="395" count="1" type="stmt"/>
        <line num="399" count="1" type="stmt"/>
        <line num="401" count="3" type="stmt"/>
        <line num="402" count="3" type="stmt"/>
        <line num="404" count="3" type="stmt"/>
        <line num="407" count="3" type="stmt"/>
        <line num="409" count="3" type="cond" truecount="1" falsecount="0"/>
        <line num="411" count="1" type="stmt"/>
        <line num="415" count="2" type="stmt"/>
        <line num="418" count="3" type="cond" truecount="3" falsecount="0"/>
        <line num="420" count="1" type="stmt"/>
        <line num="423" count="1" type="stmt"/>
        <line num="426" count="1" type="stmt"/>
        <line num="438" count="1" type="stmt"/>
        <line num="440" count="1" type="cond" truecount="1" falsecount="0"/>
        <line num="443" count="1" type="stmt"/>
        <line num="445" count="2" type="stmt"/>
        <line num="448" count="2" type="stmt"/>
        <line num="453" count="2" type="cond" truecount="1" falsecount="0"/>
        <line num="454" count="1" type="stmt"/>
        <line num="456" count="1" type="stmt"/>
        <line num="457" count="1" type="stmt"/>
        <line num="468" count="1" type="stmt"/>
        <line num="470" count="1" type="stmt"/>
        <line num="472" count="2" type="stmt"/>
        <line num="473" count="2" type="stmt"/>
        <line num="474" count="2" type="stmt"/>
        <line num="477" count="2" type="stmt"/>
        <line num="480" count="2" type="stmt"/>
        <line num="482" count="2" type="cond" truecount="1" falsecount="0"/>
        <line num="483" count="1" type="stmt"/>
        <line num="487" count="1" type="stmt"/>
        <line num="490" count="1" type="stmt"/>
        <line num="493" count="1" type="stmt"/>
        <line num="494" count="1" type="stmt"/>
        <line num="497" count="1" type="stmt"/>
        <line num="505" count="1" type="stmt"/>
        <line num="508" count="2" type="stmt"/>
        <line num="511" count="2" type="stmt"/>
        <line num="516" count="2" type="cond" truecount="1" falsecount="0"/>
        <line num="517" count="1" type="stmt"/>
        <line num="519" count="1" type="stmt"/>
        <line num="521" count="1" type="stmt"/>
        <line num="528" count="1" type="stmt"/>
        <line num="532" count="1" type="stmt"/>
      </file>
    </package>
    <package name="src.dto">
      <metrics statements="7" coveredstatements="7" conditionals="0" coveredconditionals="0" methods="2" coveredmethods="2"/>
      <file name="PreparatorSessionDto.ts" path="C:\Users\dell\Desktop\Nutrisport_pipeline\NutriSport-app\orders-management-service\src\dto\PreparatorSessionDto.ts">
        <metrics statements="7" coveredstatements="7" conditionals="0" coveredconditionals="0" methods="2" coveredmethods="2"/>
        <line num="3" count="2" type="stmt"/>
        <line num="8" count="2" type="stmt"/>
        <line num="9" count="1" type="stmt"/>
        <line num="10" count="1" type="stmt"/>
        <line num="11" count="1" type="stmt"/>
        <line num="12" count="1" type="stmt"/>
        <line num="14" count="2" type="stmt"/>
      </file>
    </package>
    <package name="src.entity">
      <metrics statements="79" coveredstatements="66" conditionals="0" coveredconditionals="0" methods="28" coveredmethods="5"/>
      <file name="Devis.ts" path="C:\Users\dell\Desktop\Nutrisport_pipeline\NutriSport-app\orders-management-service\src\entity\Devis.ts">
        <metrics statements="13" coveredstatements="11" conditionals="0" coveredconditionals="0" methods="5" coveredmethods="1"/>
        <line num="1" count="4" type="stmt"/>
        <line num="2" count="4" type="stmt"/>
        <line num="3" count="4" type="stmt"/>
        <line num="6" count="4" type="stmt"/>
        <line num="8" count="4" type="stmt"/>
        <line num="11" count="4" type="stmt"/>
        <line num="14" count="4" type="stmt"/>
        <line num="16" count="0" type="stmt"/>
        <line num="18" count="4" type="stmt"/>
        <line num="20" count="0" type="stmt"/>
        <line num="21" count="4" type="stmt"/>
        <line num="24" count="4" type="stmt"/>
        <line num="29" count="4" type="stmt"/>
      </file>
      <file name="Offer.ts" path="C:\Users\dell\Desktop\Nutrisport_pipeline\NutriSport-app\orders-management-service\src\entity\Offer.ts">
        <metrics statements="20" coveredstatements="16" conditionals="0" coveredconditionals="0" methods="7" coveredmethods="1"/>
        <line num="1" count="4" type="stmt"/>
        <line num="2" count="4" type="stmt"/>
        <line num="3" count="4" type="stmt"/>
        <line num="7" count="4" type="stmt"/>
        <line num="9" count="4" type="stmt"/>
        <line num="12" count="4" type="stmt"/>
        <line num="15" count="4" type="stmt"/>
        <line num="18" count="4" type="stmt"/>
        <line num="21" count="4" type="stmt"/>
        <line num="24" count="4" type="stmt"/>
        <line num="26" count="0" type="stmt"/>
        <line num="27" count="4" type="stmt"/>
        <line num="29" count="0" type="stmt"/>
        <line num="30" count="4" type="stmt"/>
        <line num="33" count="4" type="stmt"/>
        <line num="35" count="0" type="stmt"/>
        <line num="37" count="4" type="stmt"/>
        <line num="39" count="0" type="stmt"/>
        <line num="40" count="4" type="stmt"/>
        <line num="41" count="4" type="stmt"/>
      </file>
      <file name="Order.ts" path="C:\Users\dell\Desktop\Nutrisport_pipeline\NutriSport-app\orders-management-service\src\entity\Order.ts">
        <metrics statements="18" coveredstatements="14" conditionals="0" coveredconditionals="0" methods="8" coveredmethods="1"/>
        <line num="1" count="4" type="stmt"/>
        <line num="2" count="4" type="stmt"/>
        <line num="3" count="4" type="stmt"/>
        <line num="4" count="4" type="stmt"/>
        <line num="5" count="4" type="stmt"/>
        <line num="8" count="4" type="stmt"/>
        <line num="11" count="4" type="stmt"/>
        <line num="18" count="4" type="stmt"/>
        <line num="20" count="0" type="stmt"/>
        <line num="21" count="4" type="stmt"/>
        <line num="24" count="4" type="stmt"/>
        <line num="26" count="0" type="stmt"/>
        <line num="28" count="4" type="stmt"/>
        <line num="30" count="0" type="stmt"/>
        <line num="31" count="4" type="stmt"/>
        <line num="33" count="0" type="stmt"/>
        <line num="34" count="4" type="stmt"/>
        <line num="35" count="4" type="stmt"/>
      </file>
      <file name="PreparatorSession.ts" path="C:\Users\dell\Desktop\Nutrisport_pipeline\NutriSport-app\orders-management-service\src\entity\PreparatorSession.ts">
        <metrics statements="15" coveredstatements="13" conditionals="0" coveredconditionals="0" methods="5" coveredmethods="1"/>
        <line num="2" count="4" type="stmt"/>
        <line num="3" count="4" type="stmt"/>
        <line num="4" count="4" type="stmt"/>
        <line num="7" count="4" type="stmt"/>
        <line num="9" count="4" type="stmt"/>
        <line num="12" count="4" type="stmt"/>
        <line num="15" count="4" type="stmt"/>
        <line num="18" count="4" type="stmt"/>
        <line num="21" count="4" type="stmt"/>
        <line num="24" count="4" type="stmt"/>
        <line num="26" count="0" type="stmt"/>
        <line num="27" count="4" type="stmt"/>
        <line num="29" count="0" type="stmt"/>
        <line num="30" count="4" type="stmt"/>
        <line num="33" count="4" type="stmt"/>
      </file>
      <file name="SportifSession.ts" path="C:\Users\dell\Desktop\Nutrisport_pipeline\NutriSport-app\orders-management-service\src\entity\SportifSession.ts">
        <metrics statements="13" coveredstatements="12" conditionals="0" coveredconditionals="0" methods="3" coveredmethods="1"/>
        <line num="1" count="4" type="stmt"/>
        <line num="2" count="4" type="stmt"/>
        <line num="5" count="4" type="stmt"/>
        <line num="7" count="4" type="stmt"/>
        <line num="10" count="4" type="stmt"/>
        <line num="13" count="4" type="stmt"/>
        <line num="16" count="4" type="stmt"/>
        <line num="19" count="4" type="stmt"/>
        <line num="22" count="4" type="stmt"/>
        <line num="25" count="4" type="stmt"/>
        <line num="27" count="0" type="stmt"/>
        <line num="28" count="4" type="stmt"/>
        <line num="33" count="4" type="stmt"/>
      </file>
    </package>
    <package name="src.enum">
      <metrics statements="5" coveredstatements="5" conditionals="2" coveredconditionals="2" methods="1" coveredmethods="1"/>
      <file name="EnumOrderStatus.ts" path="C:\Users\dell\Desktop\Nutrisport_pipeline\NutriSport-app\orders-management-service\src\enum\EnumOrderStatus.ts">
        <metrics statements="5" coveredstatements="5" conditionals="2" coveredconditionals="2" methods="1" coveredmethods="1"/>
        <line num="1" count="4" type="cond" truecount="2" falsecount="0"/>
        <line num="2" count="4" type="stmt"/>
        <line num="3" count="4" type="stmt"/>
        <line num="4" count="4" type="stmt"/>
        <line num="5" count="4" type="stmt"/>
      </file>
    </package>
  </project>
</coverage>
