{"C:\\Users\\PC\\newNutriSport\\NutriSport\\NutriSport-app\\orders-management-service\\src\\entity\\Devis.ts": {"path":"C:\\Users\\PC\\newNutriSport\\NutriSport\\NutriSport-app\\orders-management-service\\src\\entity\\Devis.ts","statementMap":{"0":{"start":{"line":1,"column":0},"end":{"line":1,"column":157}},"1":{"start":{"line":2,"column":0},"end":{"line":2,"column":32}},"2":{"start":{"line":3,"column":0},"end":{"line":3,"column":56}},"3":{"start":{"line":7,"column":0},"end":{"line":7,"column":13}},"4":{"start":{"line":9,"column":2},"end":{"line":9,"column":null}},"5":{"start":{"line":12,"column":2},"end":{"line":12,"column":null}},"6":{"start":{"line":15,"column":2},"end":{"line":15,"column":null}},"7":{"start":{"line":19,"column":2},"end":{"line":19,"column":null}},"8":{"start":{"line":17,"column":18},"end":{"line":17,"column":25}},"9":{"start":{"line":17,"column":34},"end":{"line":17,"column":46}},"10":{"start":{"line":22,"column":2},"end":{"line":22,"column":null}},"11":{"start":{"line":21,"column":19},"end":{"line":21,"column":38}},"12":{"start":{"line":21,"column":61},"end":{"line":21,"column":85}},"13":{"start":{"line":25,"column":2},"end":{"line":25,"column":null}},"14":{"start":{"line":7,"column":13},"end":{"line":30,"column":null}},"15":{"start":{"line":30,"column":0},"end":{"line":30,"column":null}},"16":{"start":{"line":7,"column":13},"end":{"line":7,"column":18}}},"fnMap":{"0":{"name":"(anonymous_2)","decl":{"start":{"line":7,"column":0},"end":{"line":7,"column":13}},"loc":{"start":{"line":7,"column":0},"end":{"line":7,"column":13}}},"1":{"name":"(anonymous_4)","decl":{"start":{"line":17,"column":12},"end":{"line":17,"column":18}},"loc":{"start":{"line":17,"column":12},"end":{"line":17,"column":23}}},"2":{"name":"(anonymous_5)","decl":{"start":{"line":17,"column":25},"end":{"line":17,"column":30}},"loc":{"start":{"line":17,"column":30},"end":{"line":17,"column":39}}},"3":{"name":"(anonymous_6)","decl":{"start":{"line":21,"column":13},"end":{"line":21,"column":19}},"loc":{"start":{"line":21,"column":13},"end":{"line":21,"column":36}}},"4":{"name":"(anonymous_7)","decl":{"start":{"line":21,"column":38},"end":{"line":21,"column":39}},"loc":{"start":{"line":21,"column":56},"end":{"line":21,"column":78}}}},"branchMap":{},"s":{"0":1,"1":1,"2":1,"3":1,"4":1,"5":1,"6":1,"7":1,"8":0,"9":0,"10":1,"11":0,"12":0,"13":1,"14":1,"15":1,"16":1},"f":{"0":1,"1":0,"2":0,"3":0,"4":0},"b":{}}
,"C:\\Users\\PC\\newNutriSport\\NutriSport\\NutriSport-app\\orders-management-service\\src\\entity\\Offer.ts": {"path":"C:\\Users\\PC\\newNutriSport\\NutriSport\\NutriSport-app\\orders-management-service\\src\\entity\\Offer.ts","statementMap":{"0":{"start":{"line":1,"column":0},"end":{"line":1,"column":135}},"1":{"start":{"line":2,"column":0},"end":{"line":2,"column":32}},"2":{"start":{"line":3,"column":0},"end":{"line":3,"column":56}},"3":{"start":{"line":7,"column":0},"end":{"line":7,"column":13}},"4":{"start":{"line":9,"column":2},"end":{"line":9,"column":null}},"5":{"start":{"line":12,"column":2},"end":{"line":12,"column":null}},"6":{"start":{"line":15,"column":2},"end":{"line":15,"column":null}},"7":{"start":{"line":18,"column":2},"end":{"line":18,"column":null}},"8":{"start":{"line":21,"column":2},"end":{"line":21,"column":null}},"9":{"start":{"line":24,"column":2},"end":{"line":24,"column":null}},"10":{"start":{"line":27,"column":2},"end":{"line":27,"column":null}},"11":{"start":{"line":26,"column":58},"end":{"line":26,"column":79}},"12":{"start":{"line":30,"column":2},"end":{"line":30,"column":null}},"13":{"start":{"line":29,"column":58},"end":{"line":29,"column":79}},"14":{"start":{"line":33,"column":2},"end":{"line":33,"column":null}},"15":{"start":{"line":37,"column":2},"end":{"line":37,"column":null}},"16":{"start":{"line":35,"column":18},"end":{"line":35,"column":25}},"17":{"start":{"line":35,"column":34},"end":{"line":35,"column":47}},"18":{"start":{"line":40,"column":2},"end":{"line":40,"column":null}},"19":{"start":{"line":39,"column":19},"end":{"line":39,"column":38}},"20":{"start":{"line":39,"column":61},"end":{"line":39,"column":86}},"21":{"start":{"line":7,"column":13},"end":{"line":41,"column":null}},"22":{"start":{"line":41,"column":0},"end":{"line":41,"column":null}},"23":{"start":{"line":7,"column":13},"end":{"line":7,"column":18}}},"fnMap":{"0":{"name":"(anonymous_2)","decl":{"start":{"line":7,"column":0},"end":{"line":7,"column":13}},"loc":{"start":{"line":7,"column":0},"end":{"line":7,"column":13}}},"1":{"name":"(anonymous_4)","decl":{"start":{"line":26,"column":52},"end":{"line":26,"column":58}},"loc":{"start":{"line":26,"column":52},"end":{"line":26,"column":77}}},"2":{"name":"(anonymous_5)","decl":{"start":{"line":29,"column":52},"end":{"line":29,"column":58}},"loc":{"start":{"line":29,"column":52},"end":{"line":29,"column":77}}},"3":{"name":"(anonymous_6)","decl":{"start":{"line":35,"column":12},"end":{"line":35,"column":18}},"loc":{"start":{"line":35,"column":12},"end":{"line":35,"column":23}}},"4":{"name":"(anonymous_7)","decl":{"start":{"line":35,"column":25},"end":{"line":35,"column":30}},"loc":{"start":{"line":35,"column":30},"end":{"line":35,"column":39}}},"5":{"name":"(anonymous_8)","decl":{"start":{"line":39,"column":13},"end":{"line":39,"column":19}},"loc":{"start":{"line":39,"column":13},"end":{"line":39,"column":36}}},"6":{"name":"(anonymous_9)","decl":{"start":{"line":39,"column":38},"end":{"line":39,"column":39}},"loc":{"start":{"line":39,"column":56},"end":{"line":39,"column":78}}}},"branchMap":{},"s":{"0":1,"1":1,"2":1,"3":1,"4":1,"5":1,"6":1,"7":1,"8":1,"9":1,"10":1,"11":0,"12":1,"13":0,"14":1,"15":1,"16":0,"17":0,"18":1,"19":0,"20":0,"21":1,"22":1,"23":1},"f":{"0":1,"1":0,"2":0,"3":0,"4":0,"5":0,"6":0},"b":{}}
,"C:\\Users\\PC\\newNutriSport\\NutriSport\\NutriSport-app\\orders-management-service\\src\\entity\\Order.ts": {"path":"C:\\Users\\PC\\newNutriSport\\NutriSport\\NutriSport-app\\orders-management-service\\src\\entity\\Order.ts","statementMap":{"0":{"start":{"line":1,"column":0},"end":{"line":1,"column":116}},"1":{"start":{"line":2,"column":0},"end":{"line":2,"column":54}},"2":{"start":{"line":3,"column":0},"end":{"line":3,"column":32}},"3":{"start":{"line":4,"column":0},"end":{"line":4,"column":50}},"4":{"start":{"line":5,"column":0},"end":{"line":5,"column":32}},"5":{"start":{"line":8,"column":0},"end":{"line":8,"column":13}},"6":{"start":{"line":11,"column":2},"end":{"line":11,"column":null}},"7":{"start":{"line":18,"column":2},"end":{"line":18,"column":null}},"8":{"start":{"line":21,"column":2},"end":{"line":21,"column":null}},"9":{"start":{"line":20,"column":58},"end":{"line":20,"column":79}},"10":{"start":{"line":24,"column":2},"end":{"line":24,"column":null}},"11":{"start":{"line":28,"column":2},"end":{"line":28,"column":null}},"12":{"start":{"line":26,"column":18},"end":{"line":26,"column":25}},"13":{"start":{"line":26,"column":34},"end":{"line":26,"column":47}},"14":{"start":{"line":31,"column":2},"end":{"line":31,"column":null}},"15":{"start":{"line":30,"column":19},"end":{"line":30,"column":35}},"16":{"start":{"line":30,"column":53},"end":{"line":30,"column":75}},"17":{"start":{"line":34,"column":2},"end":{"line":34,"column":null}},"18":{"start":{"line":33,"column":19},"end":{"line":33,"column":26}},"19":{"start":{"line":33,"column":35},"end":{"line":33,"column":49}},"20":{"start":{"line":8,"column":13},"end":{"line":35,"column":null}},"21":{"start":{"line":35,"column":0},"end":{"line":35,"column":null}},"22":{"start":{"line":8,"column":13},"end":{"line":8,"column":18}}},"fnMap":{"0":{"name":"(anonymous_2)","decl":{"start":{"line":8,"column":0},"end":{"line":8,"column":13}},"loc":{"start":{"line":8,"column":0},"end":{"line":8,"column":13}}},"1":{"name":"(anonymous_4)","decl":{"start":{"line":20,"column":52},"end":{"line":20,"column":58}},"loc":{"start":{"line":20,"column":52},"end":{"line":20,"column":77}}},"2":{"name":"(anonymous_5)","decl":{"start":{"line":26,"column":12},"end":{"line":26,"column":18}},"loc":{"start":{"line":26,"column":12},"end":{"line":26,"column":23}}},"3":{"name":"(anonymous_6)","decl":{"start":{"line":26,"column":25},"end":{"line":26,"column":30}},"loc":{"start":{"line":26,"column":30},"end":{"line":26,"column":39}}},"4":{"name":"(anonymous_7)","decl":{"start":{"line":30,"column":13},"end":{"line":30,"column":19}},"loc":{"start":{"line":30,"column":13},"end":{"line":30,"column":33}}},"5":{"name":"(anonymous_8)","decl":{"start":{"line":30,"column":35},"end":{"line":30,"column":49}},"loc":{"start":{"line":30,"column":49},"end":{"line":30,"column":67}}},"6":{"name":"(anonymous_9)","decl":{"start":{"line":33,"column":13},"end":{"line":33,"column":19}},"loc":{"start":{"line":33,"column":13},"end":{"line":33,"column":24}}},"7":{"name":"(anonymous_10)","decl":{"start":{"line":33,"column":26},"end":{"line":33,"column":31}},"loc":{"start":{"line":33,"column":31},"end":{"line":33,"column":40}}}},"branchMap":{},"s":{"0":1,"1":1,"2":1,"3":1,"4":1,"5":1,"6":1,"7":1,"8":1,"9":0,"10":1,"11":1,"12":0,"13":0,"14":1,"15":0,"16":0,"17":1,"18":0,"19":0,"20":1,"21":1,"22":1},"f":{"0":1,"1":0,"2":0,"3":0,"4":0,"5":0,"6":0,"7":0},"b":{}}
,"C:\\Users\\PC\\newNutriSport\\NutriSport\\NutriSport-app\\orders-management-service\\src\\entity\\PreparatorSession.ts": {"path":"C:\\Users\\PC\\newNutriSport\\NutriSport\\NutriSport-app\\orders-management-service\\src\\entity\\PreparatorSession.ts","statementMap":{"0":{"start":{"line":2,"column":0},"end":{"line":2,"column":101}},"1":{"start":{"line":3,"column":0},"end":{"line":3,"column":32}},"2":{"start":{"line":4,"column":0},"end":{"line":4,"column":32}},"3":{"start":{"line":7,"column":0},"end":{"line":7,"column":13}},"4":{"start":{"line":9,"column":2},"end":{"line":9,"column":null}},"5":{"start":{"line":12,"column":2},"end":{"line":12,"column":null}},"6":{"start":{"line":15,"column":2},"end":{"line":15,"column":null}},"7":{"start":{"line":18,"column":2},"end":{"line":18,"column":null}},"8":{"start":{"line":21,"column":2},"end":{"line":21,"column":null}},"9":{"start":{"line":24,"column":2},"end":{"line":24,"column":null}},"10":{"start":{"line":27,"column":2},"end":{"line":27,"column":null}},"11":{"start":{"line":26,"column":19},"end":{"line":26,"column":26}},"12":{"start":{"line":26,"column":37},"end":{"line":26,"column":61}},"13":{"start":{"line":30,"column":2},"end":{"line":30,"column":null}},"14":{"start":{"line":29,"column":19},"end":{"line":29,"column":26}},"15":{"start":{"line":29,"column":37},"end":{"line":29,"column":61}},"16":{"start":{"line":7,"column":13},"end":{"line":33,"column":null}},"17":{"start":{"line":33,"column":0},"end":{"line":33,"column":null}},"18":{"start":{"line":7,"column":13},"end":{"line":7,"column":30}}},"fnMap":{"0":{"name":"(anonymous_2)","decl":{"start":{"line":7,"column":0},"end":{"line":7,"column":13}},"loc":{"start":{"line":7,"column":0},"end":{"line":7,"column":13}}},"1":{"name":"(anonymous_4)","decl":{"start":{"line":26,"column":13},"end":{"line":26,"column":19}},"loc":{"start":{"line":26,"column":13},"end":{"line":26,"column":24}}},"2":{"name":"(anonymous_5)","decl":{"start":{"line":26,"column":26},"end":{"line":26,"column":27}},"loc":{"start":{"line":26,"column":32},"end":{"line":26,"column":42}}},"3":{"name":"(anonymous_6)","decl":{"start":{"line":29,"column":13},"end":{"line":29,"column":19}},"loc":{"start":{"line":29,"column":13},"end":{"line":29,"column":24}}},"4":{"name":"(anonymous_7)","decl":{"start":{"line":29,"column":26},"end":{"line":29,"column":27}},"loc":{"start":{"line":29,"column":32},"end":{"line":29,"column":42}}}},"branchMap":{},"s":{"0":1,"1":1,"2":1,"3":1,"4":1,"5":1,"6":1,"7":1,"8":1,"9":1,"10":1,"11":0,"12":0,"13":1,"14":0,"15":0,"16":1,"17":1,"18":1},"f":{"0":1,"1":0,"2":0,"3":0,"4":0},"b":{}}
,"C:\\Users\\PC\\newNutriSport\\NutriSport\\NutriSport-app\\orders-management-service\\src\\entity\\SportifSession.ts": {"path":"C:\\Users\\PC\\newNutriSport\\NutriSport\\NutriSport-app\\orders-management-service\\src\\entity\\SportifSession.ts","statementMap":{"0":{"start":{"line":1,"column":0},"end":{"line":1,"column":101}},"1":{"start":{"line":2,"column":0},"end":{"line":2,"column":32}},"2":{"start":{"line":6,"column":0},"end":{"line":6,"column":13}},"3":{"start":{"line":8,"column":2},"end":{"line":8,"column":null}},"4":{"start":{"line":11,"column":2},"end":{"line":11,"column":null}},"5":{"start":{"line":14,"column":2},"end":{"line":14,"column":null}},"6":{"start":{"line":17,"column":2},"end":{"line":17,"column":null}},"7":{"start":{"line":20,"column":2},"end":{"line":20,"column":null}},"8":{"start":{"line":23,"column":2},"end":{"line":23,"column":null}},"9":{"start":{"line":26,"column":2},"end":{"line":26,"column":null}},"10":{"start":{"line":29,"column":2},"end":{"line":29,"column":null}},"11":{"start":{"line":28,"column":19},"end":{"line":28,"column":26}},"12":{"start":{"line":28,"column":35},"end":{"line":28,"column":56}},"13":{"start":{"line":6,"column":13},"end":{"line":34,"column":null}},"14":{"start":{"line":34,"column":0},"end":{"line":34,"column":null}},"15":{"start":{"line":6,"column":13},"end":{"line":6,"column":27}}},"fnMap":{"0":{"name":"(anonymous_2)","decl":{"start":{"line":6,"column":0},"end":{"line":6,"column":13}},"loc":{"start":{"line":6,"column":0},"end":{"line":6,"column":13}}},"1":{"name":"(anonymous_4)","decl":{"start":{"line":28,"column":13},"end":{"line":28,"column":19}},"loc":{"start":{"line":28,"column":13},"end":{"line":28,"column":24}}},"2":{"name":"(anonymous_5)","decl":{"start":{"line":28,"column":26},"end":{"line":28,"column":31}},"loc":{"start":{"line":28,"column":31},"end":{"line":28,"column":40}}}},"branchMap":{},"s":{"0":1,"1":1,"2":1,"3":1,"4":1,"5":1,"6":1,"7":1,"8":1,"9":1,"10":1,"11":0,"12":0,"13":1,"14":1,"15":1},"f":{"0":2,"1":0,"2":0},"b":{}}
,"C:\\Users\\PC\\newNutriSport\\NutriSport\\NutriSport-app\\orders-management-service\\src\\enum\\EnumOrderStatus.ts": {"path":"C:\\Users\\PC\\newNutriSport\\NutriSport\\NutriSport-app\\orders-management-service\\src\\enum\\EnumOrderStatus.ts","statementMap":{"0":{"start":{"line":1,"column":0},"end":{"line":1,"column":null}},"1":{"start":{"line":2,"column":4},"end":{"line":2,"column":null}},"2":{"start":{"line":3,"column":4},"end":{"line":3,"column":null}},"3":{"start":{"line":4,"column":4},"end":{"line":4,"column":null}},"4":{"start":{"line":5,"column":4},"end":{"line":5,"column":null}}},"fnMap":{"0":{"name":"(anonymous_0)","decl":{"start":{"line":1,"column":0},"end":{"line":1,"column":12}},"loc":{"start":{"line":1,"column":23},"end":{"line":6,"column":3}}}},"branchMap":{"0":{"loc":{"start":{"line":1,"column":12},"end":{"line":1,"column":null}},"type":"binary-expr","locations":[{"start":{"line":1,"column":12},"end":{"line":1,"column":23}},{"start":{"line":1,"column":12},"end":{"line":1,"column":null}}]}},"s":{"0":1,"1":1,"2":1,"3":1,"4":1},"f":{"0":1},"b":{"0":[1,1]}}
}
