{"C:\\Users\\dell\\Desktop\\Nutrisport_pipeline\\NutriSport-app\\orders-management-service\\src\\data-source.ts": {"path":"C:\\Users\\dell\\Desktop\\Nutrisport_pipeline\\NutriSport-app\\orders-management-service\\src\\data-source.ts","statementMap":{"0":{"start":{"line":1,"column":0},"end":{"line":1,"column":25}},"1":{"start":{"line":2,"column":0},"end":{"line":2,"column":36}},"2":{"start":{"line":3,"column":0},"end":{"line":3,"column":56}},"3":{"start":{"line":4,"column":0},"end":{"line":4,"column":38}},"4":{"start":{"line":5,"column":0},"end":{"line":5,"column":38}},"5":{"start":{"line":6,"column":0},"end":{"line":6,"column":38}},"6":{"start":{"line":7,"column":0},"end":{"line":7,"column":62}},"7":{"start":{"line":9,"column":13},"end":{"line":21,"column":null}}},"fnMap":{},"branchMap":{},"s":{"0":1,"1":1,"2":1,"3":1,"4":1,"5":1,"6":1,"7":1},"f":{},"b":{}}
,"C:\\Users\\dell\\Desktop\\Nutrisport_pipeline\\NutriSport-app\\orders-management-service\\src\\controller\\Controller.ts": {"path":"C:\\Users\\dell\\Desktop\\Nutrisport_pipeline\\NutriSport-app\\orders-management-service\\src\\controller\\Controller.ts","statementMap":{"0":{"start":{"line":1,"column":0},"end":{"line":1,"column":46}},"1":{"start":{"line":3,"column":0},"end":{"line":3,"column":39}},"2":{"start":{"line":4,"column":0},"end":{"line":4,"column":57}},"3":{"start":{"line":5,"column":0},"end":{"line":5,"column":39}},"4":{"start":{"line":6,"column":0},"end":{"line":6,"column":39}},"5":{"start":{"line":7,"column":0},"end":{"line":7,"column":53}},"6":{"start":{"line":8,"column":0},"end":{"line":8,"column":41}},"7":{"start":{"line":9,"column":0},"end":{"line":9,"column":63}},"8":{"start":{"line":10,"column":0},"end":{"line":10,"column":66}},"9":{"start":{"line":12,"column":0},"end":{"line":12,"column":40}},"10":{"start":{"line":15,"column":0},"end":{"line":15,"column":13}},"11":{"start":{"line":17,"column":12},"end":{"line":17,"column":null}},"12":{"start":{"line":18,"column":12},"end":{"line":18,"column":null}},"13":{"start":{"line":19,"column":12},"end":{"line":19,"column":null}},"14":{"start":{"line":20,"column":12},"end":{"line":20,"column":null}},"15":{"start":{"line":21,"column":12},"end":{"line":21,"column":null}},"16":{"start":{"line":23,"column":12},"end":{"line":23,"column":54}},"17":{"start":{"line":24,"column":12},"end":{"line":24,"column":null}},"18":{"start":{"line":25,"column":12},"end":{"line":25,"column":null}},"19":{"start":{"line":26,"column":11},"end":{"line":26,"column":null}},"20":{"start":{"line":35,"column":10},"end":{"line":102,"column":null}},"21":{"start":{"line":37,"column":14},"end":{"line":37,"column":83}},"22":{"start":{"line":40,"column":14},"end":{"line":40,"column":65}},"23":{"start":{"line":43,"column":14},"end":{"line":43,"column":45}},"24":{"start":{"line":46,"column":31},"end":{"line":48,"column":null}},"25":{"start":{"line":46,"column":14},"end":{"line":48,"column":null}},"26":{"start":{"line":51,"column":8},"end":{"line":53,"column":null}},"27":{"start":{"line":52,"column":12},"end":{"line":52,"column":45}},"28":{"start":{"line":56,"column":22},"end":{"line":59,"column":null}},"29":{"start":{"line":56,"column":14},"end":{"line":59,"column":null}},"30":{"start":{"line":62,"column":8},"end":{"line":64,"column":null}},"31":{"start":{"line":63,"column":12},"end":{"line":63,"column":43}},"32":{"start":{"line":67,"column":14},"end":{"line":70,"column":11}},"33":{"start":{"line":72,"column":8},"end":{"line":74,"column":null}},"34":{"start":{"line":73,"column":12},"end":{"line":73,"column":30}},"35":{"start":{"line":77,"column":14},"end":{"line":77,"column":60}},"36":{"start":{"line":79,"column":34},"end":{"line":81,"column":null}},"37":{"start":{"line":79,"column":14},"end":{"line":81,"column":null}},"38":{"start":{"line":83,"column":12},"end":{"line":89,"column":null}},"39":{"start":{"line":91,"column":28},"end":{"line":91,"column":null}},"40":{"start":{"line":91,"column":14},"end":{"line":91,"column":null}},"41":{"start":{"line":93,"column":8},"end":{"line":93,"column":65}},"42":{"start":{"line":95,"column":14},"end":{"line":95,"column":47}},"43":{"start":{"line":96,"column":24},"end":{"line":96,"column":null}},"44":{"start":{"line":97,"column":32},"end":{"line":97,"column":49}},"45":{"start":{"line":96,"column":18},"end":{"line":99,"column":null}},"46":{"start":{"line":96,"column":14},"end":{"line":99,"column":null}},"47":{"start":{"line":100,"column":8},"end":{"line":100,"column":57}},"48":{"start":{"line":101,"column":8},"end":{"line":101,"column":26}},"49":{"start":{"line":109,"column":10},"end":{"line":161,"column":null}},"50":{"start":{"line":111,"column":14},"end":{"line":111,"column":83}},"51":{"start":{"line":114,"column":14},"end":{"line":114,"column":65}},"52":{"start":{"line":117,"column":14},"end":{"line":117,"column":45}},"53":{"start":{"line":120,"column":31},"end":{"line":122,"column":null}},"54":{"start":{"line":120,"column":14},"end":{"line":122,"column":null}},"55":{"start":{"line":125,"column":8},"end":{"line":127,"column":null}},"56":{"start":{"line":126,"column":12},"end":{"line":126,"column":45}},"57":{"start":{"line":130,"column":22},"end":{"line":132,"column":null}},"58":{"start":{"line":130,"column":14},"end":{"line":132,"column":null}},"59":{"start":{"line":137,"column":8},"end":{"line":139,"column":null}},"60":{"start":{"line":138,"column":12},"end":{"line":138,"column":43}},"61":{"start":{"line":142,"column":14},"end":{"line":145,"column":11}},"62":{"start":{"line":147,"column":8},"end":{"line":149,"column":null}},"63":{"start":{"line":148,"column":12},"end":{"line":148,"column":30}},"64":{"start":{"line":151,"column":14},"end":{"line":151,"column":60}},"65":{"start":{"line":154,"column":14},"end":{"line":154,"column":47}},"66":{"start":{"line":155,"column":24},"end":{"line":155,"column":null}},"67":{"start":{"line":156,"column":32},"end":{"line":156,"column":49}},"68":{"start":{"line":155,"column":18},"end":{"line":158,"column":null}},"69":{"start":{"line":155,"column":14},"end":{"line":158,"column":null}},"70":{"start":{"line":159,"column":8},"end":{"line":159,"column":57}},"71":{"start":{"line":160,"column":8},"end":{"line":160,"column":26}},"72":{"start":{"line":169,"column":10},"end":{"line":193,"column":null}},"73":{"start":{"line":171,"column":14},"end":{"line":171,"column":83}},"74":{"start":{"line":174,"column":31},"end":{"line":176,"column":null}},"75":{"start":{"line":174,"column":14},"end":{"line":176,"column":null}},"76":{"start":{"line":179,"column":8},"end":{"line":181,"column":null}},"77":{"start":{"line":180,"column":12},"end":{"line":180,"column":45}},"78":{"start":{"line":182,"column":14},"end":{"line":182,"column":51}},"79":{"start":{"line":184,"column":23},"end":{"line":190,"column":null}},"80":{"start":{"line":184,"column":14},"end":{"line":190,"column":null}},"81":{"start":{"line":192,"column":8},"end":{"line":192,"column":22}},"82":{"start":{"line":199,"column":10},"end":{"line":276,"column":null}},"83":{"start":{"line":201,"column":14},"end":{"line":201,"column":65}},"84":{"start":{"line":203,"column":14},"end":{"line":203,"column":61}},"85":{"start":{"line":205,"column":22},"end":{"line":208,"column":null}},"86":{"start":{"line":205,"column":14},"end":{"line":208,"column":null}},"87":{"start":{"line":210,"column":11},"end":{"line":210,"column":12}},"88":{"start":{"line":212,"column":27},"end":{"line":215,"column":null}},"89":{"start":{"line":212,"column":18},"end":{"line":215,"column":null}},"90":{"start":{"line":216,"column":12},"end":{"line":216,"column":66}},"91":{"start":{"line":220,"column":27},"end":{"line":223,"column":null}},"92":{"start":{"line":220,"column":18},"end":{"line":223,"column":null}},"93":{"start":{"line":224,"column":13},"end":{"line":224,"column":null}},"94":{"start":{"line":227,"column":34},"end":{"line":229,"column":null}},"95":{"start":{"line":227,"column":14},"end":{"line":229,"column":null}},"96":{"start":{"line":231,"column":19},"end":{"line":237,"column":null}},"97":{"start":{"line":231,"column":14},"end":{"line":237,"column":null}},"98":{"start":{"line":240,"column":19},"end":{"line":246,"column":null}},"99":{"start":{"line":240,"column":14},"end":{"line":246,"column":null}},"100":{"start":{"line":249,"column":14},"end":{"line":249,"column":57}},"101":{"start":{"line":252,"column":38},"end":{"line":254,"column":null}},"102":{"start":{"line":252,"column":14},"end":{"line":254,"column":null}},"103":{"start":{"line":256,"column":14},"end":{"line":256,"column":71}},"104":{"start":{"line":258,"column":62},"end":{"line":258,"column":null}},"105":{"start":{"line":258,"column":41},"end":{"line":258,"column":null}},"106":{"start":{"line":258,"column":14},"end":{"line":258,"column":41}},"107":{"start":{"line":260,"column":12},"end":{"line":260,"column":55}},"108":{"start":{"line":261,"column":43},"end":{"line":261,"column":null}},"109":{"start":{"line":261,"column":18},"end":{"line":261,"column":null}},"110":{"start":{"line":263,"column":18},"end":{"line":263,"column":85}},"111":{"start":{"line":264,"column":12},"end":{"line":264,"column":42}},"112":{"start":{"line":265,"column":18},"end":{"line":267,"column":null}},"113":{"start":{"line":268,"column":12},"end":{"line":271,"column":null}},"114":{"start":{"line":272,"column":12},"end":{"line":272,"column":45}},"115":{"start":{"line":275,"column":8},"end":{"line":275,"column":33}},"116":{"start":{"line":282,"column":10},"end":{"line":350,"column":null}},"117":{"start":{"line":284,"column":14},"end":{"line":284,"column":65}},"118":{"start":{"line":287,"column":14},"end":{"line":287,"column":53}},"119":{"start":{"line":290,"column":22},"end":{"line":293,"column":null}},"120":{"start":{"line":290,"column":14},"end":{"line":293,"column":null}},"121":{"start":{"line":296,"column":8},"end":{"line":298,"column":null}},"122":{"start":{"line":297,"column":12},"end":{"line":297,"column":47}},"123":{"start":{"line":301,"column":24},"end":{"line":303,"column":null}},"124":{"start":{"line":301,"column":14},"end":{"line":303,"column":null}},"125":{"start":{"line":306,"column":12},"end":{"line":306,"column":32}},"126":{"start":{"line":309,"column":8},"end":{"line":327,"column":null}},"127":{"start":{"line":311,"column":16},"end":{"line":311,"column":60}},"128":{"start":{"line":312,"column":16},"end":{"line":312,"column":null}},"129":{"start":{"line":313,"column":16},"end":{"line":313,"column":22}},"130":{"start":{"line":315,"column":16},"end":{"line":315,"column":57}},"131":{"start":{"line":316,"column":16},"end":{"line":316,"column":null}},"132":{"start":{"line":317,"column":16},"end":{"line":317,"column":22}},"133":{"start":{"line":319,"column":16},"end":{"line":319,"column":58}},"134":{"start":{"line":320,"column":16},"end":{"line":320,"column":null}},"135":{"start":{"line":321,"column":16},"end":{"line":321,"column":22}},"136":{"start":{"line":323,"column":16},"end":{"line":323,"column":55}},"137":{"start":{"line":324,"column":16},"end":{"line":324,"column":22}},"138":{"start":{"line":326,"column":16},"end":{"line":326,"column":50}},"139":{"start":{"line":330,"column":14},"end":{"line":330,"column":47}},"140":{"start":{"line":331,"column":8},"end":{"line":331,"column":90}},"141":{"start":{"line":332,"column":8},"end":{"line":332,"column":45}},"142":{"start":{"line":335,"column":12},"end":{"line":341,"column":null}},"143":{"start":{"line":343,"column":28},"end":{"line":343,"column":null}},"144":{"start":{"line":343,"column":14},"end":{"line":343,"column":null}},"145":{"start":{"line":346,"column":8},"end":{"line":346,"column":65}},"146":{"start":{"line":349,"column":8},"end":{"line":349,"column":48}},"147":{"start":{"line":356,"column":10},"end":{"line":372,"column":null}},"148":{"start":{"line":358,"column":14},"end":{"line":358,"column":65}},"149":{"start":{"line":361,"column":22},"end":{"line":363,"column":null}},"150":{"start":{"line":361,"column":14},"end":{"line":363,"column":null}},"151":{"start":{"line":366,"column":8},"end":{"line":368,"column":null}},"152":{"start":{"line":367,"column":12},"end":{"line":367,"column":43}},"153":{"start":{"line":371,"column":8},"end":{"line":371,"column":33}},"154":{"start":{"line":378,"column":14},"end":{"line":396,"column":null}},"155":{"start":{"line":380,"column":18},"end":{"line":380,"column":69}},"156":{"start":{"line":383,"column":26},"end":{"line":388,"column":null}},"157":{"start":{"line":383,"column":18},"end":{"line":388,"column":null}},"158":{"start":{"line":390,"column":12},"end":{"line":392,"column":null}},"159":{"start":{"line":391,"column":16},"end":{"line":391,"column":47}},"160":{"start":{"line":395,"column":12},"end":{"line":395,"column":25}},"161":{"start":{"line":399,"column":10},"end":{"line":442,"column":null}},"162":{"start":{"line":401,"column":14},"end":{"line":401,"column":75}},"163":{"start":{"line":402,"column":8},"end":{"line":402,"column":38}},"164":{"start":{"line":404,"column":31},"end":{"line":406,"column":null}},"165":{"start":{"line":404,"column":14},"end":{"line":406,"column":null}},"166":{"start":{"line":407,"column":8},"end":{"line":407,"column":36}},"167":{"start":{"line":409,"column":8},"end":{"line":412,"column":null}},"168":{"start":{"line":411,"column":11},"end":{"line":411,"column":44}},"169":{"start":{"line":415,"column":14},"end":{"line":415,"column":63}},"170":{"start":{"line":418,"column":12},"end":{"line":418,"column":27}},"171":{"start":{"line":420,"column":18},"end":{"line":420,"column":42}},"172":{"start":{"line":423,"column":18},"end":{"line":423,"column":68}},"173":{"start":{"line":426,"column":38},"end":{"line":434,"column":null}},"174":{"start":{"line":426,"column":18},"end":{"line":434,"column":null}},"175":{"start":{"line":438,"column":12},"end":{"line":438,"column":37}},"176":{"start":{"line":440,"column":12},"end":{"line":440,"column":62}},"177":{"start":{"line":443,"column":10},"end":{"line":469,"column":null}},"178":{"start":{"line":445,"column":14},"end":{"line":445,"column":89}},"179":{"start":{"line":448,"column":34},"end":{"line":450,"column":null}},"180":{"start":{"line":448,"column":14},"end":{"line":450,"column":null}},"181":{"start":{"line":453,"column":8},"end":{"line":455,"column":null}},"182":{"start":{"line":454,"column":12},"end":{"line":454,"column":48}},"183":{"start":{"line":456,"column":14},"end":{"line":456,"column":null}},"184":{"start":{"line":457,"column":23},"end":{"line":465,"column":null}},"185":{"start":{"line":457,"column":14},"end":{"line":465,"column":null}},"186":{"start":{"line":468,"column":8},"end":{"line":468,"column":22}},"187":{"start":{"line":470,"column":10},"end":{"line":498,"column":null}},"188":{"start":{"line":472,"column":8},"end":{"line":472,"column":44}},"189":{"start":{"line":473,"column":14},"end":{"line":473,"column":65}},"190":{"start":{"line":474,"column":8},"end":{"line":474,"column":29}},"191":{"start":{"line":477,"column":22},"end":{"line":479,"column":null}},"192":{"start":{"line":477,"column":14},"end":{"line":479,"column":null}},"193":{"start":{"line":480,"column":8},"end":{"line":480,"column":null}},"194":{"start":{"line":482,"column":8},"end":{"line":484,"column":null}},"195":{"start":{"line":483,"column":12},"end":{"line":483,"column":47}},"196":{"start":{"line":487,"column":8},"end":{"line":487,"column":28}},"197":{"start":{"line":490,"column":29},"end":{"line":490,"column":null}},"198":{"start":{"line":490,"column":14},"end":{"line":490,"column":null}},"199":{"start":{"line":493,"column":14},"end":{"line":493,"column":47}},"200":{"start":{"line":494,"column":8},"end":{"line":494,"column":61}},"201":{"start":{"line":497,"column":8},"end":{"line":497,"column":28}},"202":{"start":{"line":505,"column":9},"end":{"line":529,"column":null}},"203":{"start":{"line":508,"column":10},"end":{"line":508,"column":79}},"204":{"start":{"line":511,"column":27},"end":{"line":513,"column":null}},"205":{"start":{"line":511,"column":10},"end":{"line":513,"column":null}},"206":{"start":{"line":516,"column":4},"end":{"line":518,"column":null}},"207":{"start":{"line":517,"column":8},"end":{"line":517,"column":41}},"208":{"start":{"line":519,"column":10},"end":{"line":519,"column":47}},"209":{"start":{"line":521,"column":19},"end":{"line":526,"column":null}},"210":{"start":{"line":521,"column":10},"end":{"line":526,"column":null}},"211":{"start":{"line":528,"column":4},"end":{"line":528,"column":18}},"212":{"start":{"line":532,"column":3},"end":{"line":532,"column":null}},"213":{"start":{"line":15,"column":13},"end":{"line":15,"column":23}}},"fnMap":{"0":{"name":"(anonymous_13)","decl":{"start":{"line":15,"column":0},"end":{"line":15,"column":13}},"loc":{"start":{"line":15,"column":0},"end":{"line":532,"column":null}}},"1":{"name":"(anonymous_15)","decl":{"start":{"line":35,"column":4},"end":{"line":35,"column":10}},"loc":{"start":{"line":35,"column":50},"end":{"line":102,"column":null}}},"2":{"name":"(anonymous_18)","decl":{"start":{"line":109,"column":4},"end":{"line":109,"column":10}},"loc":{"start":{"line":109,"column":69},"end":{"line":161,"column":null}}},"3":{"name":"(anonymous_21)","decl":{"start":{"line":169,"column":4},"end":{"line":169,"column":10}},"loc":{"start":{"line":169,"column":47},"end":{"line":193,"column":null}}},"4":{"name":"(anonymous_24)","decl":{"start":{"line":199,"column":4},"end":{"line":199,"column":10}},"loc":{"start":{"line":199,"column":44},"end":{"line":276,"column":null}}},"5":{"name":"(anonymous_27)","decl":{"start":{"line":282,"column":4},"end":{"line":282,"column":10}},"loc":{"start":{"line":282,"column":41},"end":{"line":350,"column":null}}},"6":{"name":"(anonymous_30)","decl":{"start":{"line":356,"column":4},"end":{"line":356,"column":10}},"loc":{"start":{"line":356,"column":41},"end":{"line":372,"column":null}}},"7":{"name":"(anonymous_33)","decl":{"start":{"line":378,"column":8},"end":{"line":378,"column":14}},"loc":{"start":{"line":378,"column":43},"end":{"line":396,"column":null}}},"8":{"name":"(anonymous_36)","decl":{"start":{"line":399,"column":4},"end":{"line":399,"column":10}},"loc":{"start":{"line":399,"column":75},"end":{"line":442,"column":null}}},"9":{"name":"(anonymous_39)","decl":{"start":{"line":443,"column":4},"end":{"line":443,"column":10}},"loc":{"start":{"line":443,"column":46},"end":{"line":469,"column":null}}},"10":{"name":"(anonymous_42)","decl":{"start":{"line":470,"column":4},"end":{"line":470,"column":10}},"loc":{"start":{"line":470,"column":56},"end":{"line":498,"column":null}}},"11":{"name":"(anonymous_45)","decl":{"start":{"line":505,"column":3},"end":{"line":505,"column":9}},"loc":{"start":{"line":505,"column":68},"end":{"line":529,"column":null}}}},"branchMap":{"0":{"loc":{"start":{"line":96,"column":18},"end":{"line":99,"column":null}},"type":"switch","locations":[{"start":{"line":96,"column":18},"end":{"line":99,"column":null}}]},"1":{"loc":{"start":{"line":51,"column":8},"end":{"line":53,"column":null}},"type":"if","locations":[{"start":{"line":51,"column":8},"end":{"line":53,"column":null}}]},"2":{"loc":{"start":{"line":62,"column":8},"end":{"line":64,"column":null}},"type":"if","locations":[{"start":{"line":62,"column":8},"end":{"line":64,"column":null}}]},"3":{"loc":{"start":{"line":72,"column":8},"end":{"line":74,"column":null}},"type":"if","locations":[{"start":{"line":72,"column":8},"end":{"line":74,"column":null}}]},"4":{"loc":{"start":{"line":155,"column":18},"end":{"line":158,"column":null}},"type":"switch","locations":[{"start":{"line":155,"column":18},"end":{"line":158,"column":null}}]},"5":{"loc":{"start":{"line":125,"column":8},"end":{"line":127,"column":null}},"type":"if","locations":[{"start":{"line":125,"column":8},"end":{"line":127,"column":null}}]},"6":{"loc":{"start":{"line":137,"column":8},"end":{"line":139,"column":null}},"type":"if","locations":[{"start":{"line":137,"column":8},"end":{"line":139,"column":null}}]},"7":{"loc":{"start":{"line":147,"column":8},"end":{"line":149,"column":null}},"type":"if","locations":[{"start":{"line":147,"column":8},"end":{"line":149,"column":null}}]},"8":{"loc":{"start":{"line":179,"column":8},"end":{"line":181,"column":null}},"type":"if","locations":[{"start":{"line":179,"column":8},"end":{"line":181,"column":null}}]},"9":{"loc":{"start":{"line":220,"column":27},"end":{"line":223,"column":null}},"type":"switch","locations":[{"start":{"line":220,"column":27},"end":{"line":223,"column":null}},{"start":{"line":227,"column":34},"end":{"line":229,"column":null}},{"start":{"line":275,"column":8},"end":{"line":275,"column":33}}]},"10":{"loc":{"start":{"line":210,"column":11},"end":{"line":210,"column":12}},"type":"if","locations":[{"start":{"line":210,"column":11},"end":{"line":210,"column":12}}]},"11":{"loc":{"start":{"line":258,"column":41},"end":{"line":258,"column":null}},"type":"if","locations":[{"start":{"line":258,"column":41},"end":{"line":258,"column":null}}]},"12":{"loc":{"start":{"line":296,"column":8},"end":{"line":298,"column":null}},"type":"if","locations":[{"start":{"line":296,"column":8},"end":{"line":298,"column":null}}]},"13":{"loc":{"start":{"line":309,"column":8},"end":{"line":327,"column":null}},"type":"switch","locations":[{"start":{"line":310,"column":12},"end":{"line":313,"column":22}},{"start":{"line":314,"column":12},"end":{"line":317,"column":22}},{"start":{"line":318,"column":12},"end":{"line":321,"column":22}},{"start":{"line":322,"column":12},"end":{"line":324,"column":22}},{"start":{"line":325,"column":12},"end":{"line":326,"column":50}}]},"14":{"loc":{"start":{"line":366,"column":8},"end":{"line":368,"column":null}},"type":"if","locations":[{"start":{"line":366,"column":8},"end":{"line":368,"column":null}}]},"15":{"loc":{"start":{"line":390,"column":12},"end":{"line":392,"column":null}},"type":"if","locations":[{"start":{"line":390,"column":12},"end":{"line":392,"column":null}}]},"16":{"loc":{"start":{"line":440,"column":12},"end":{"line":440,"column":62}},"type":"switch","locations":[{"start":{"line":440,"column":12},"end":{"line":440,"column":62}}]},"17":{"loc":{"start":{"line":409,"column":8},"end":{"line":412,"column":null}},"type":"if","locations":[{"start":{"line":409,"column":8},"end":{"line":412,"column":null}}]},"18":{"loc":{"start":{"line":418,"column":12},"end":{"line":418,"column":27}},"type":"if","locations":[{"start":{"line":418,"column":12},"end":{"line":418,"column":27}}]},"19":{"loc":{"start":{"line":418,"column":12},"end":{"line":418,"column":75}},"type":"binary-expr","locations":[{"start":{"line":418,"column":12},"end":{"line":418,"column":44}},{"start":{"line":418,"column":48},"end":{"line":418,"column":75}}]},"20":{"loc":{"start":{"line":453,"column":8},"end":{"line":455,"column":null}},"type":"if","locations":[{"start":{"line":453,"column":8},"end":{"line":455,"column":null}}]},"21":{"loc":{"start":{"line":482,"column":8},"end":{"line":484,"column":null}},"type":"if","locations":[{"start":{"line":482,"column":8},"end":{"line":484,"column":null}}]},"22":{"loc":{"start":{"line":516,"column":4},"end":{"line":518,"column":null}},"type":"if","locations":[{"start":{"line":516,"column":4},"end":{"line":518,"column":null}}]}},"s":{"0":1,"1":1,"2":1,"3":1,"4":1,"5":1,"6":1,"7":1,"8":1,"9":1,"10":1,"11":1,"12":1,"13":1,"14":1,"15":1,"16":1,"17":1,"18":1,"19":1,"20":1,"21":3,"22":3,"23":3,"24":3,"25":3,"26":3,"27":1,"28":2,"29":2,"30":2,"31":1,"32":1,"33":1,"34":1,"35":1,"36":1,"37":1,"38":1,"39":1,"40":1,"41":1,"42":1,"43":1,"44":1,"45":1,"46":1,"47":1,"48":1,"49":1,"50":3,"51":3,"52":3,"53":3,"54":3,"55":3,"56":1,"57":2,"58":2,"59":2,"60":1,"61":1,"62":1,"63":1,"64":1,"65":1,"66":1,"67":1,"68":1,"69":1,"70":1,"71":1,"72":1,"73":2,"74":2,"75":2,"76":2,"77":1,"78":1,"79":1,"80":1,"81":1,"82":1,"83":2,"84":2,"85":2,"86":2,"87":3,"88":1,"89":1,"90":1,"91":1,"92":1,"93":1,"94":2,"95":2,"96":2,"97":2,"98":2,"99":2,"100":2,"101":2,"102":2,"103":2,"104":4,"105":2,"106":0,"107":0,"108":0,"109":0,"110":0,"111":0,"112":0,"113":0,"114":0,"115":2,"116":1,"117":6,"118":6,"119":6,"120":6,"121":6,"122":1,"123":5,"124":5,"125":5,"126":5,"127":1,"128":1,"129":1,"130":1,"131":1,"132":1,"133":1,"134":1,"135":1,"136":1,"137":1,"138":1,"139":4,"140":4,"141":4,"142":4,"143":4,"144":4,"145":4,"146":4,"147":1,"148":2,"149":2,"150":2,"151":2,"152":1,"153":1,"154":1,"155":2,"156":2,"157":2,"158":2,"159":1,"160":1,"161":1,"162":3,"163":3,"164":3,"165":3,"166":3,"167":3,"168":1,"169":2,"170":3,"171":1,"172":1,"173":1,"174":1,"175":1,"176":1,"177":1,"178":2,"179":2,"180":2,"181":2,"182":1,"183":1,"184":1,"185":1,"186":1,"187":1,"188":2,"189":2,"190":2,"191":2,"192":2,"193":2,"194":2,"195":1,"196":1,"197":1,"198":1,"199":1,"200":1,"201":1,"202":1,"203":2,"204":2,"205":2,"206":2,"207":1,"208":1,"209":1,"210":1,"211":1,"212":1,"213":1},"f":{"0":2,"1":3,"2":3,"3":2,"4":2,"5":6,"6":2,"7":2,"8":3,"9":2,"10":2,"11":2},"b":{"0":[1],"1":[1],"2":[1],"3":[1],"4":[1],"5":[1],"6":[1],"7":[1],"8":[1],"9":[1,2,2],"10":[1],"11":[2],"12":[1],"13":[1,1,1,1,1],"14":[1],"15":[1],"16":[1],"17":[1],"18":[1],"19":[2,1],"20":[1],"21":[1],"22":[1]}}
,"C:\\Users\\dell\\Desktop\\Nutrisport_pipeline\\NutriSport-app\\orders-management-service\\src\\dto\\PreparatorSessionDto.ts": {"path":"C:\\Users\\dell\\Desktop\\Nutrisport_pipeline\\NutriSport-app\\orders-management-service\\src\\dto\\PreparatorSessionDto.ts","statementMap":{"0":{"start":{"line":3,"column":0},"end":{"line":3,"column":13}},"1":{"start":{"line":8,"column":11},"end":{"line":13,"column":null}},"2":{"start":{"line":9,"column":57},"end":{"line":9,"column":83}},"3":{"start":{"line":10,"column":6},"end":{"line":10,"column":67}},"4":{"start":{"line":11,"column":6},"end":{"line":11,"column":null}},"5":{"start":{"line":12,"column":6},"end":{"line":12,"column":34}},"6":{"start":{"line":14,"column":2},"end":{"line":14,"column":null}},"7":{"start":{"line":3,"column":13},"end":{"line":3,"column":33}}},"fnMap":{"0":{"name":"(anonymous_0)","decl":{"start":{"line":3,"column":0},"end":{"line":3,"column":13}},"loc":{"start":{"line":3,"column":0},"end":{"line":14,"column":null}}},"1":{"name":"(anonymous_2)","decl":{"start":{"line":8,"column":4},"end":{"line":8,"column":11}},"loc":{"start":{"line":8,"column":53},"end":{"line":13,"column":5}}}},"branchMap":{},"s":{"0":2,"1":2,"2":1,"3":1,"4":1,"5":1,"6":2,"7":2},"f":{"0":3,"1":1},"b":{}}
,"C:\\Users\\dell\\Desktop\\Nutrisport_pipeline\\NutriSport-app\\orders-management-service\\src\\entity\\Devis.ts": {"path":"C:\\Users\\dell\\Desktop\\Nutrisport_pipeline\\NutriSport-app\\orders-management-service\\src\\entity\\Devis.ts","statementMap":{"0":{"start":{"line":1,"column":0},"end":{"line":1,"column":97}},"1":{"start":{"line":2,"column":0},"end":{"line":2,"column":32}},"2":{"start":{"line":3,"column":0},"end":{"line":3,"column":56}},"3":{"start":{"line":6,"column":0},"end":{"line":6,"column":13}},"4":{"start":{"line":8,"column":2},"end":{"line":8,"column":null}},"5":{"start":{"line":11,"column":2},"end":{"line":11,"column":null}},"6":{"start":{"line":14,"column":2},"end":{"line":14,"column":null}},"7":{"start":{"line":18,"column":2},"end":{"line":18,"column":null}},"8":{"start":{"line":16,"column":18},"end":{"line":16,"column":25}},"9":{"start":{"line":16,"column":34},"end":{"line":16,"column":46}},"10":{"start":{"line":21,"column":2},"end":{"line":21,"column":null}},"11":{"start":{"line":20,"column":19},"end":{"line":20,"column":38}},"12":{"start":{"line":20,"column":61},"end":{"line":20,"column":85}},"13":{"start":{"line":24,"column":2},"end":{"line":24,"column":null}},"14":{"start":{"line":6,"column":13},"end":{"line":29,"column":null}},"15":{"start":{"line":29,"column":0},"end":{"line":29,"column":null}},"16":{"start":{"line":6,"column":13},"end":{"line":6,"column":18}}},"fnMap":{"0":{"name":"(anonymous_2)","decl":{"start":{"line":6,"column":0},"end":{"line":6,"column":13}},"loc":{"start":{"line":6,"column":0},"end":{"line":6,"column":13}}},"1":{"name":"(anonymous_4)","decl":{"start":{"line":16,"column":12},"end":{"line":16,"column":18}},"loc":{"start":{"line":16,"column":12},"end":{"line":16,"column":23}}},"2":{"name":"(anonymous_5)","decl":{"start":{"line":16,"column":25},"end":{"line":16,"column":30}},"loc":{"start":{"line":16,"column":30},"end":{"line":16,"column":39}}},"3":{"name":"(anonymous_6)","decl":{"start":{"line":20,"column":13},"end":{"line":20,"column":19}},"loc":{"start":{"line":20,"column":13},"end":{"line":20,"column":36}}},"4":{"name":"(anonymous_7)","decl":{"start":{"line":20,"column":38},"end":{"line":20,"column":39}},"loc":{"start":{"line":20,"column":56},"end":{"line":20,"column":78}}}},"branchMap":{},"s":{"0":4,"1":4,"2":4,"3":4,"4":4,"5":4,"6":4,"7":4,"8":0,"9":0,"10":4,"11":0,"12":0,"13":4,"14":4,"15":4,"16":4},"f":{"0":9,"1":0,"2":0,"3":0,"4":0},"b":{}}
,"C:\\Users\\dell\\Desktop\\Nutrisport_pipeline\\NutriSport-app\\orders-management-service\\src\\entity\\Offer.ts": {"path":"C:\\Users\\dell\\Desktop\\Nutrisport_pipeline\\NutriSport-app\\orders-management-service\\src\\entity\\Offer.ts","statementMap":{"0":{"start":{"line":1,"column":0},"end":{"line":1,"column":135}},"1":{"start":{"line":2,"column":0},"end":{"line":2,"column":32}},"2":{"start":{"line":3,"column":0},"end":{"line":3,"column":56}},"3":{"start":{"line":7,"column":0},"end":{"line":7,"column":13}},"4":{"start":{"line":9,"column":2},"end":{"line":9,"column":null}},"5":{"start":{"line":12,"column":2},"end":{"line":12,"column":null}},"6":{"start":{"line":15,"column":2},"end":{"line":15,"column":null}},"7":{"start":{"line":18,"column":2},"end":{"line":18,"column":null}},"8":{"start":{"line":21,"column":2},"end":{"line":21,"column":null}},"9":{"start":{"line":24,"column":2},"end":{"line":24,"column":null}},"10":{"start":{"line":27,"column":2},"end":{"line":27,"column":null}},"11":{"start":{"line":26,"column":58},"end":{"line":26,"column":79}},"12":{"start":{"line":30,"column":2},"end":{"line":30,"column":null}},"13":{"start":{"line":29,"column":58},"end":{"line":29,"column":79}},"14":{"start":{"line":33,"column":2},"end":{"line":33,"column":null}},"15":{"start":{"line":37,"column":2},"end":{"line":37,"column":null}},"16":{"start":{"line":35,"column":18},"end":{"line":35,"column":25}},"17":{"start":{"line":35,"column":34},"end":{"line":35,"column":47}},"18":{"start":{"line":40,"column":2},"end":{"line":40,"column":null}},"19":{"start":{"line":39,"column":19},"end":{"line":39,"column":38}},"20":{"start":{"line":39,"column":61},"end":{"line":39,"column":86}},"21":{"start":{"line":7,"column":13},"end":{"line":41,"column":null}},"22":{"start":{"line":41,"column":0},"end":{"line":41,"column":null}},"23":{"start":{"line":7,"column":13},"end":{"line":7,"column":18}}},"fnMap":{"0":{"name":"(anonymous_2)","decl":{"start":{"line":7,"column":0},"end":{"line":7,"column":13}},"loc":{"start":{"line":7,"column":0},"end":{"line":7,"column":13}}},"1":{"name":"(anonymous_4)","decl":{"start":{"line":26,"column":52},"end":{"line":26,"column":58}},"loc":{"start":{"line":26,"column":52},"end":{"line":26,"column":77}}},"2":{"name":"(anonymous_5)","decl":{"start":{"line":29,"column":52},"end":{"line":29,"column":58}},"loc":{"start":{"line":29,"column":52},"end":{"line":29,"column":77}}},"3":{"name":"(anonymous_6)","decl":{"start":{"line":35,"column":12},"end":{"line":35,"column":18}},"loc":{"start":{"line":35,"column":12},"end":{"line":35,"column":23}}},"4":{"name":"(anonymous_7)","decl":{"start":{"line":35,"column":25},"end":{"line":35,"column":30}},"loc":{"start":{"line":35,"column":30},"end":{"line":35,"column":39}}},"5":{"name":"(anonymous_8)","decl":{"start":{"line":39,"column":13},"end":{"line":39,"column":19}},"loc":{"start":{"line":39,"column":13},"end":{"line":39,"column":36}}},"6":{"name":"(anonymous_9)","decl":{"start":{"line":39,"column":38},"end":{"line":39,"column":39}},"loc":{"start":{"line":39,"column":56},"end":{"line":39,"column":78}}}},"branchMap":{},"s":{"0":4,"1":4,"2":4,"3":4,"4":4,"5":4,"6":4,"7":4,"8":4,"9":4,"10":4,"11":0,"12":4,"13":0,"14":4,"15":4,"16":0,"17":0,"18":4,"19":0,"20":0,"21":4,"22":4,"23":4},"f":{"0":5,"1":0,"2":0,"3":0,"4":0,"5":0,"6":0},"b":{}}
,"C:\\Users\\dell\\Desktop\\Nutrisport_pipeline\\NutriSport-app\\orders-management-service\\src\\entity\\Order.ts": {"path":"C:\\Users\\dell\\Desktop\\Nutrisport_pipeline\\NutriSport-app\\orders-management-service\\src\\entity\\Order.ts","statementMap":{"0":{"start":{"line":1,"column":0},"end":{"line":1,"column":116}},"1":{"start":{"line":2,"column":0},"end":{"line":2,"column":54}},"2":{"start":{"line":3,"column":0},"end":{"line":3,"column":32}},"3":{"start":{"line":4,"column":0},"end":{"line":4,"column":50}},"4":{"start":{"line":5,"column":0},"end":{"line":5,"column":32}},"5":{"start":{"line":8,"column":0},"end":{"line":8,"column":13}},"6":{"start":{"line":11,"column":2},"end":{"line":11,"column":null}},"7":{"start":{"line":18,"column":2},"end":{"line":18,"column":null}},"8":{"start":{"line":21,"column":2},"end":{"line":21,"column":null}},"9":{"start":{"line":20,"column":58},"end":{"line":20,"column":79}},"10":{"start":{"line":24,"column":2},"end":{"line":24,"column":null}},"11":{"start":{"line":28,"column":2},"end":{"line":28,"column":null}},"12":{"start":{"line":26,"column":18},"end":{"line":26,"column":25}},"13":{"start":{"line":26,"column":34},"end":{"line":26,"column":47}},"14":{"start":{"line":31,"column":2},"end":{"line":31,"column":null}},"15":{"start":{"line":30,"column":19},"end":{"line":30,"column":35}},"16":{"start":{"line":30,"column":53},"end":{"line":30,"column":75}},"17":{"start":{"line":34,"column":2},"end":{"line":34,"column":null}},"18":{"start":{"line":33,"column":19},"end":{"line":33,"column":26}},"19":{"start":{"line":33,"column":35},"end":{"line":33,"column":49}},"20":{"start":{"line":8,"column":13},"end":{"line":35,"column":null}},"21":{"start":{"line":35,"column":0},"end":{"line":35,"column":null}},"22":{"start":{"line":8,"column":13},"end":{"line":8,"column":18}}},"fnMap":{"0":{"name":"(anonymous_2)","decl":{"start":{"line":8,"column":0},"end":{"line":8,"column":13}},"loc":{"start":{"line":8,"column":0},"end":{"line":8,"column":13}}},"1":{"name":"(anonymous_4)","decl":{"start":{"line":20,"column":52},"end":{"line":20,"column":58}},"loc":{"start":{"line":20,"column":52},"end":{"line":20,"column":77}}},"2":{"name":"(anonymous_5)","decl":{"start":{"line":26,"column":12},"end":{"line":26,"column":18}},"loc":{"start":{"line":26,"column":12},"end":{"line":26,"column":23}}},"3":{"name":"(anonymous_6)","decl":{"start":{"line":26,"column":25},"end":{"line":26,"column":30}},"loc":{"start":{"line":26,"column":30},"end":{"line":26,"column":39}}},"4":{"name":"(anonymous_7)","decl":{"start":{"line":30,"column":13},"end":{"line":30,"column":19}},"loc":{"start":{"line":30,"column":13},"end":{"line":30,"column":33}}},"5":{"name":"(anonymous_8)","decl":{"start":{"line":30,"column":35},"end":{"line":30,"column":49}},"loc":{"start":{"line":30,"column":49},"end":{"line":30,"column":67}}},"6":{"name":"(anonymous_9)","decl":{"start":{"line":33,"column":13},"end":{"line":33,"column":19}},"loc":{"start":{"line":33,"column":13},"end":{"line":33,"column":24}}},"7":{"name":"(anonymous_10)","decl":{"start":{"line":33,"column":26},"end":{"line":33,"column":31}},"loc":{"start":{"line":33,"column":31},"end":{"line":33,"column":40}}}},"branchMap":{},"s":{"0":4,"1":4,"2":4,"3":4,"4":4,"5":4,"6":4,"7":4,"8":4,"9":0,"10":4,"11":4,"12":0,"13":0,"14":4,"15":0,"16":0,"17":4,"18":0,"19":0,"20":4,"21":4,"22":4},"f":{"0":8,"1":0,"2":0,"3":0,"4":0,"5":0,"6":0,"7":0},"b":{}}
,"C:\\Users\\dell\\Desktop\\Nutrisport_pipeline\\NutriSport-app\\orders-management-service\\src\\entity\\PreparatorSession.ts": {"path":"C:\\Users\\dell\\Desktop\\Nutrisport_pipeline\\NutriSport-app\\orders-management-service\\src\\entity\\PreparatorSession.ts","statementMap":{"0":{"start":{"line":2,"column":0},"end":{"line":2,"column":76}},"1":{"start":{"line":3,"column":0},"end":{"line":3,"column":32}},"2":{"start":{"line":4,"column":0},"end":{"line":4,"column":32}},"3":{"start":{"line":7,"column":0},"end":{"line":7,"column":13}},"4":{"start":{"line":9,"column":2},"end":{"line":9,"column":null}},"5":{"start":{"line":12,"column":2},"end":{"line":12,"column":null}},"6":{"start":{"line":15,"column":2},"end":{"line":15,"column":null}},"7":{"start":{"line":18,"column":2},"end":{"line":18,"column":null}},"8":{"start":{"line":21,"column":2},"end":{"line":21,"column":null}},"9":{"start":{"line":24,"column":2},"end":{"line":24,"column":null}},"10":{"start":{"line":27,"column":2},"end":{"line":27,"column":null}},"11":{"start":{"line":26,"column":19},"end":{"line":26,"column":26}},"12":{"start":{"line":26,"column":37},"end":{"line":26,"column":61}},"13":{"start":{"line":30,"column":2},"end":{"line":30,"column":null}},"14":{"start":{"line":29,"column":19},"end":{"line":29,"column":26}},"15":{"start":{"line":29,"column":37},"end":{"line":29,"column":61}},"16":{"start":{"line":7,"column":13},"end":{"line":33,"column":null}},"17":{"start":{"line":33,"column":0},"end":{"line":33,"column":null}},"18":{"start":{"line":7,"column":13},"end":{"line":7,"column":30}}},"fnMap":{"0":{"name":"(anonymous_2)","decl":{"start":{"line":7,"column":0},"end":{"line":7,"column":13}},"loc":{"start":{"line":7,"column":0},"end":{"line":7,"column":13}}},"1":{"name":"(anonymous_4)","decl":{"start":{"line":26,"column":13},"end":{"line":26,"column":19}},"loc":{"start":{"line":26,"column":13},"end":{"line":26,"column":24}}},"2":{"name":"(anonymous_5)","decl":{"start":{"line":26,"column":26},"end":{"line":26,"column":27}},"loc":{"start":{"line":26,"column":32},"end":{"line":26,"column":42}}},"3":{"name":"(anonymous_6)","decl":{"start":{"line":29,"column":13},"end":{"line":29,"column":19}},"loc":{"start":{"line":29,"column":13},"end":{"line":29,"column":24}}},"4":{"name":"(anonymous_7)","decl":{"start":{"line":29,"column":26},"end":{"line":29,"column":27}},"loc":{"start":{"line":29,"column":32},"end":{"line":29,"column":42}}}},"branchMap":{},"s":{"0":4,"1":4,"2":4,"3":4,"4":4,"5":4,"6":4,"7":4,"8":4,"9":4,"10":4,"11":0,"12":0,"13":4,"14":0,"15":0,"16":4,"17":4,"18":4},"f":{"0":9,"1":0,"2":0,"3":0,"4":0},"b":{}}
,"C:\\Users\\dell\\Desktop\\Nutrisport_pipeline\\NutriSport-app\\orders-management-service\\src\\entity\\SportifSession.ts": {"path":"C:\\Users\\dell\\Desktop\\Nutrisport_pipeline\\NutriSport-app\\orders-management-service\\src\\entity\\SportifSession.ts","statementMap":{"0":{"start":{"line":1,"column":0},"end":{"line":1,"column":77}},"1":{"start":{"line":2,"column":0},"end":{"line":2,"column":32}},"2":{"start":{"line":5,"column":0},"end":{"line":5,"column":13}},"3":{"start":{"line":7,"column":2},"end":{"line":7,"column":null}},"4":{"start":{"line":10,"column":2},"end":{"line":10,"column":null}},"5":{"start":{"line":13,"column":2},"end":{"line":13,"column":null}},"6":{"start":{"line":16,"column":2},"end":{"line":16,"column":null}},"7":{"start":{"line":19,"column":2},"end":{"line":19,"column":null}},"8":{"start":{"line":22,"column":2},"end":{"line":22,"column":null}},"9":{"start":{"line":25,"column":2},"end":{"line":25,"column":null}},"10":{"start":{"line":28,"column":2},"end":{"line":28,"column":null}},"11":{"start":{"line":27,"column":19},"end":{"line":27,"column":26}},"12":{"start":{"line":27,"column":35},"end":{"line":27,"column":56}},"13":{"start":{"line":5,"column":13},"end":{"line":33,"column":null}},"14":{"start":{"line":33,"column":0},"end":{"line":33,"column":null}},"15":{"start":{"line":5,"column":13},"end":{"line":5,"column":27}}},"fnMap":{"0":{"name":"(anonymous_2)","decl":{"start":{"line":5,"column":0},"end":{"line":5,"column":13}},"loc":{"start":{"line":5,"column":0},"end":{"line":5,"column":13}}},"1":{"name":"(anonymous_4)","decl":{"start":{"line":27,"column":13},"end":{"line":27,"column":19}},"loc":{"start":{"line":27,"column":13},"end":{"line":27,"column":24}}},"2":{"name":"(anonymous_5)","decl":{"start":{"line":27,"column":26},"end":{"line":27,"column":31}},"loc":{"start":{"line":27,"column":31},"end":{"line":27,"column":40}}}},"branchMap":{},"s":{"0":4,"1":4,"2":4,"3":4,"4":4,"5":4,"6":4,"7":4,"8":4,"9":4,"10":4,"11":0,"12":0,"13":4,"14":4,"15":4},"f":{"0":5,"1":0,"2":0},"b":{}}
,"C:\\Users\\dell\\Desktop\\Nutrisport_pipeline\\NutriSport-app\\orders-management-service\\src\\enum\\EnumOrderStatus.ts": {"path":"C:\\Users\\dell\\Desktop\\Nutrisport_pipeline\\NutriSport-app\\orders-management-service\\src\\enum\\EnumOrderStatus.ts","statementMap":{"0":{"start":{"line":1,"column":0},"end":{"line":1,"column":null}},"1":{"start":{"line":2,"column":4},"end":{"line":2,"column":null}},"2":{"start":{"line":3,"column":4},"end":{"line":3,"column":null}},"3":{"start":{"line":4,"column":4},"end":{"line":4,"column":null}},"4":{"start":{"line":5,"column":4},"end":{"line":5,"column":null}}},"fnMap":{"0":{"name":"(anonymous_0)","decl":{"start":{"line":1,"column":0},"end":{"line":1,"column":12}},"loc":{"start":{"line":1,"column":23},"end":{"line":6,"column":3}}}},"branchMap":{"0":{"loc":{"start":{"line":1,"column":12},"end":{"line":1,"column":null}},"type":"binary-expr","locations":[{"start":{"line":1,"column":12},"end":{"line":1,"column":23}},{"start":{"line":1,"column":12},"end":{"line":1,"column":null}}]}},"s":{"0":4,"1":4,"2":4,"3":4,"4":4},"f":{"0":4},"b":{"0":[4,4]}}
}
