TN:
SF:src\entity\Devis.ts
FN:7,(anonymous_2)
FN:17,(anonymous_4)
FN:17,(anonymous_5)
FN:21,(anonymous_6)
FN:21,(anonymous_7)
FNF:5
FNH:1
FNDA:1,(anonymous_2)
FNDA:0,(anonymous_4)
FNDA:0,(anonymous_5)
FNDA:0,(anonymous_6)
FNDA:0,(anonymous_7)
DA:1,1
DA:2,1
DA:3,1
DA:7,1
DA:9,1
DA:12,1
DA:15,1
DA:17,0
DA:19,1
DA:21,0
DA:22,1
DA:25,1
DA:30,1
LF:13
LH:11
BRF:0
BRH:0
end_of_record
TN:
SF:src\entity\Offer.ts
FN:7,(anonymous_2)
FN:26,(anonymous_4)
FN:29,(anonymous_5)
FN:35,(anonymous_6)
FN:35,(anonymous_7)
FN:39,(anonymous_8)
FN:39,(anonymous_9)
FNF:7
FNH:1
FNDA:1,(anonymous_2)
FNDA:0,(anonymous_4)
FNDA:0,(anonymous_5)
FNDA:0,(anonymous_6)
FNDA:0,(anonymous_7)
FNDA:0,(anonymous_8)
FNDA:0,(anonymous_9)
DA:1,1
DA:2,1
DA:3,1
DA:7,1
DA:9,1
DA:12,1
DA:15,1
DA:18,1
DA:21,1
DA:24,1
DA:26,0
DA:27,1
DA:29,0
DA:30,1
DA:33,1
DA:35,0
DA:37,1
DA:39,0
DA:40,1
DA:41,1
LF:20
LH:16
BRF:0
BRH:0
end_of_record
TN:
SF:src\entity\Order.ts
FN:8,(anonymous_2)
FN:20,(anonymous_4)
FN:26,(anonymous_5)
FN:26,(anonymous_6)
FN:30,(anonymous_7)
FN:30,(anonymous_8)
FN:33,(anonymous_9)
FN:33,(anonymous_10)
FNF:8
FNH:1
FNDA:1,(anonymous_2)
FNDA:0,(anonymous_4)
FNDA:0,(anonymous_5)
FNDA:0,(anonymous_6)
FNDA:0,(anonymous_7)
FNDA:0,(anonymous_8)
FNDA:0,(anonymous_9)
FNDA:0,(anonymous_10)
DA:1,1
DA:2,1
DA:3,1
DA:4,1
DA:5,1
DA:8,1
DA:11,1
DA:18,1
DA:20,0
DA:21,1
DA:24,1
DA:26,0
DA:28,1
DA:30,0
DA:31,1
DA:33,0
DA:34,1
DA:35,1
LF:18
LH:14
BRF:0
BRH:0
end_of_record
TN:
SF:src\entity\PreparatorSession.ts
FN:7,(anonymous_2)
FN:26,(anonymous_4)
FN:26,(anonymous_5)
FN:29,(anonymous_6)
FN:29,(anonymous_7)
FNF:5
FNH:1
FNDA:1,(anonymous_2)
FNDA:0,(anonymous_4)
FNDA:0,(anonymous_5)
FNDA:0,(anonymous_6)
FNDA:0,(anonymous_7)
DA:2,1
DA:3,1
DA:4,1
DA:7,1
DA:9,1
DA:12,1
DA:15,1
DA:18,1
DA:21,1
DA:24,1
DA:26,0
DA:27,1
DA:29,0
DA:30,1
DA:33,1
LF:15
LH:13
BRF:0
BRH:0
end_of_record
TN:
SF:src\entity\SportifSession.ts
FN:6,(anonymous_2)
FN:28,(anonymous_4)
FN:28,(anonymous_5)
FNF:3
FNH:1
FNDA:2,(anonymous_2)
FNDA:0,(anonymous_4)
FNDA:0,(anonymous_5)
DA:1,1
DA:2,1
DA:6,1
DA:8,1
DA:11,1
DA:14,1
DA:17,1
DA:20,1
DA:23,1
DA:26,1
DA:28,0
DA:29,1
DA:34,1
LF:13
LH:12
BRF:0
BRH:0
end_of_record
TN:
SF:src\enum\EnumOrderStatus.ts
FN:1,(anonymous_0)
FNF:1
FNH:1
FNDA:1,(anonymous_0)
DA:1,1
DA:2,1
DA:3,1
DA:4,1
DA:5,1
LF:5
LH:5
BRDA:1,0,0,1
BRDA:1,0,1,1
BRF:2
BRH:2
end_of_record
