TN:
SF:src\data-source.ts
FNF:0
FNH:0
DA:1,1
DA:2,1
DA:3,1
DA:4,1
DA:5,1
DA:6,1
DA:7,1
DA:9,1
LF:8
LH:8
BRF:0
BRH:0
end_of_record
TN:
SF:src\controller\Controller.ts
FN:15,(anonymous_13)
FN:35,(anonymous_15)
FN:109,(anonymous_18)
FN:169,(anonymous_21)
FN:199,(anonymous_24)
FN:282,(anonymous_27)
FN:356,(anonymous_30)
FN:378,(anonymous_33)
FN:399,(anonymous_36)
FN:443,(anonymous_39)
FN:470,(anonymous_42)
FN:505,(anonymous_45)
FNF:12
FNH:12
FNDA:2,(anonymous_13)
FNDA:3,(anonymous_15)
FNDA:3,(anonymous_18)
FNDA:2,(anonymous_21)
FNDA:2,(anonymous_24)
FNDA:6,(anonymous_27)
FNDA:2,(anonymous_30)
FNDA:2,(anonymous_33)
FNDA:3,(anonymous_36)
FNDA:2,(anonymous_39)
FNDA:2,(anonymous_42)
FNDA:2,(anonymous_45)
DA:1,1
DA:3,1
DA:4,1
DA:5,1
DA:6,1
DA:7,1
DA:8,1
DA:9,1
DA:10,1
DA:12,1
DA:15,1
DA:17,1
DA:18,1
DA:19,1
DA:20,1
DA:21,1
DA:23,1
DA:24,1
DA:25,1
DA:26,1
DA:35,1
DA:37,3
DA:40,3
DA:43,3
DA:46,3
DA:51,3
DA:52,1
DA:56,2
DA:62,2
DA:63,1
DA:67,1
DA:72,1
DA:73,1
DA:77,1
DA:79,1
DA:83,1
DA:91,1
DA:93,1
DA:95,1
DA:96,1
DA:97,1
DA:100,1
DA:101,1
DA:109,1
DA:111,3
DA:114,3
DA:117,3
DA:120,3
DA:125,3
DA:126,1
DA:130,2
DA:137,2
DA:138,1
DA:142,1
DA:147,1
DA:148,1
DA:151,1
DA:154,1
DA:155,1
DA:156,1
DA:159,1
DA:160,1
DA:169,1
DA:171,2
DA:174,2
DA:179,2
DA:180,1
DA:182,1
DA:184,1
DA:192,1
DA:199,1
DA:201,2
DA:203,2
DA:205,2
DA:210,3
DA:212,1
DA:216,1
DA:220,1
DA:224,1
DA:227,2
DA:231,2
DA:240,2
DA:249,2
DA:252,2
DA:256,2
DA:258,4
DA:260,0
DA:261,0
DA:263,0
DA:264,0
DA:265,0
DA:268,0
DA:272,0
DA:275,2
DA:282,1
DA:284,6
DA:287,6
DA:290,6
DA:296,6
DA:297,1
DA:301,5
DA:306,5
DA:309,5
DA:311,1
DA:312,1
DA:313,1
DA:315,1
DA:316,1
DA:317,1
DA:319,1
DA:320,1
DA:321,1
DA:323,1
DA:324,1
DA:326,1
DA:330,4
DA:331,4
DA:332,4
DA:335,4
DA:343,4
DA:346,4
DA:349,4
DA:356,1
DA:358,2
DA:361,2
DA:366,2
DA:367,1
DA:371,1
DA:378,1
DA:380,2
DA:383,2
DA:390,2
DA:391,1
DA:395,1
DA:399,1
DA:401,3
DA:402,3
DA:404,3
DA:407,3
DA:409,3
DA:411,1
DA:415,2
DA:418,3
DA:420,1
DA:423,1
DA:426,1
DA:438,1
DA:440,1
DA:443,1
DA:445,2
DA:448,2
DA:453,2
DA:454,1
DA:456,1
DA:457,1
DA:468,1
DA:470,1
DA:472,2
DA:473,2
DA:474,2
DA:477,2
DA:480,2
DA:482,2
DA:483,1
DA:487,1
DA:490,1
DA:493,1
DA:494,1
DA:497,1
DA:505,1
DA:508,2
DA:511,2
DA:516,2
DA:517,1
DA:519,1
DA:521,1
DA:528,1
DA:532,1
LF:178
LH:171
BRDA:96,0,0,1
BRDA:51,1,0,1
BRDA:62,2,0,1
BRDA:72,3,0,1
BRDA:155,4,0,1
BRDA:125,5,0,1
BRDA:137,6,0,1
BRDA:147,7,0,1
BRDA:179,8,0,1
BRDA:220,9,0,1
BRDA:220,9,1,2
BRDA:220,9,2,2
BRDA:210,10,0,1
BRDA:258,11,0,2
BRDA:296,12,0,1
BRDA:309,13,0,1
BRDA:309,13,1,1
BRDA:309,13,2,1
BRDA:309,13,3,1
BRDA:309,13,4,1
BRDA:366,14,0,1
BRDA:390,15,0,1
BRDA:440,16,0,1
BRDA:409,17,0,1
BRDA:418,18,0,1
BRDA:418,19,0,2
BRDA:418,19,1,1
BRDA:453,20,0,1
BRDA:482,21,0,1
BRDA:516,22,0,1
BRF:30
BRH:30
end_of_record
TN:
SF:src\dto\PreparatorSessionDto.ts
FN:3,(anonymous_0)
FN:8,(anonymous_2)
FNF:2
FNH:2
FNDA:3,(anonymous_0)
FNDA:1,(anonymous_2)
DA:3,2
DA:8,2
DA:9,1
DA:10,1
DA:11,1
DA:12,1
DA:14,2
LF:7
LH:7
BRF:0
BRH:0
end_of_record
TN:
SF:src\entity\Devis.ts
FN:6,(anonymous_2)
FN:16,(anonymous_4)
FN:16,(anonymous_5)
FN:20,(anonymous_6)
FN:20,(anonymous_7)
FNF:5
FNH:1
FNDA:9,(anonymous_2)
FNDA:0,(anonymous_4)
FNDA:0,(anonymous_5)
FNDA:0,(anonymous_6)
FNDA:0,(anonymous_7)
DA:1,4
DA:2,4
DA:3,4
DA:6,4
DA:8,4
DA:11,4
DA:14,4
DA:16,0
DA:18,4
DA:20,0
DA:21,4
DA:24,4
DA:29,4
LF:13
LH:11
BRF:0
BRH:0
end_of_record
TN:
SF:src\entity\Offer.ts
FN:7,(anonymous_2)
FN:26,(anonymous_4)
FN:29,(anonymous_5)
FN:35,(anonymous_6)
FN:35,(anonymous_7)
FN:39,(anonymous_8)
FN:39,(anonymous_9)
FNF:7
FNH:1
FNDA:5,(anonymous_2)
FNDA:0,(anonymous_4)
FNDA:0,(anonymous_5)
FNDA:0,(anonymous_6)
FNDA:0,(anonymous_7)
FNDA:0,(anonymous_8)
FNDA:0,(anonymous_9)
DA:1,4
DA:2,4
DA:3,4
DA:7,4
DA:9,4
DA:12,4
DA:15,4
DA:18,4
DA:21,4
DA:24,4
DA:26,0
DA:27,4
DA:29,0
DA:30,4
DA:33,4
DA:35,0
DA:37,4
DA:39,0
DA:40,4
DA:41,4
LF:20
LH:16
BRF:0
BRH:0
end_of_record
TN:
SF:src\entity\Order.ts
FN:8,(anonymous_2)
FN:20,(anonymous_4)
FN:26,(anonymous_5)
FN:26,(anonymous_6)
FN:30,(anonymous_7)
FN:30,(anonymous_8)
FN:33,(anonymous_9)
FN:33,(anonymous_10)
FNF:8
FNH:1
FNDA:8,(anonymous_2)
FNDA:0,(anonymous_4)
FNDA:0,(anonymous_5)
FNDA:0,(anonymous_6)
FNDA:0,(anonymous_7)
FNDA:0,(anonymous_8)
FNDA:0,(anonymous_9)
FNDA:0,(anonymous_10)
DA:1,4
DA:2,4
DA:3,4
DA:4,4
DA:5,4
DA:8,4
DA:11,4
DA:18,4
DA:20,0
DA:21,4
DA:24,4
DA:26,0
DA:28,4
DA:30,0
DA:31,4
DA:33,0
DA:34,4
DA:35,4
LF:18
LH:14
BRF:0
BRH:0
end_of_record
TN:
SF:src\entity\PreparatorSession.ts
FN:7,(anonymous_2)
FN:26,(anonymous_4)
FN:26,(anonymous_5)
FN:29,(anonymous_6)
FN:29,(anonymous_7)
FNF:5
FNH:1
FNDA:9,(anonymous_2)
FNDA:0,(anonymous_4)
FNDA:0,(anonymous_5)
FNDA:0,(anonymous_6)
FNDA:0,(anonymous_7)
DA:2,4
DA:3,4
DA:4,4
DA:7,4
DA:9,4
DA:12,4
DA:15,4
DA:18,4
DA:21,4
DA:24,4
DA:26,0
DA:27,4
DA:29,0
DA:30,4
DA:33,4
LF:15
LH:13
BRF:0
BRH:0
end_of_record
TN:
SF:src\entity\SportifSession.ts
FN:5,(anonymous_2)
FN:27,(anonymous_4)
FN:27,(anonymous_5)
FNF:3
FNH:1
FNDA:5,(anonymous_2)
FNDA:0,(anonymous_4)
FNDA:0,(anonymous_5)
DA:1,4
DA:2,4
DA:5,4
DA:7,4
DA:10,4
DA:13,4
DA:16,4
DA:19,4
DA:22,4
DA:25,4
DA:27,0
DA:28,4
DA:33,4
LF:13
LH:12
BRF:0
BRH:0
end_of_record
TN:
SF:src\enum\EnumOrderStatus.ts
FN:1,(anonymous_0)
FNF:1
FNH:1
FNDA:4,(anonymous_0)
DA:1,4
DA:2,4
DA:3,4
DA:4,4
DA:5,4
LF:5
LH:5
BRDA:1,0,0,4
BRDA:1,0,1,4
BRF:2
BRH:2
end_of_record
