<?xml version="1.0" encoding="UTF-8"?>
<coverage generated="1707513092250" clover="3.2.0">
  <project timestamp="1707513092251" name="All files">
    <metrics statements="364" coveredstatements="331" conditionals="43" coveredconditionals="40" methods="53" coveredmethods="29" elements="460" coveredelements="400" complexity="0" loc="364" ncloc="364" packages="5" files="10" classes="10"/>
    <package name="src">
      <metrics statements="8" coveredstatements="8" conditionals="0" coveredconditionals="0" methods="0" coveredmethods="0"/>
      <file name="data-source.ts" path="C:\Users\dell\Desktop\Nutrisport_pipeline\NutriSport-app\offers-and-requests-management-service\src\data-source.ts">
        <metrics statements="8" coveredstatements="8" conditionals="0" coveredconditionals="0" methods="0" coveredmethods="0"/>
        <line num="1" count="5" type="stmt"/>
        <line num="2" count="5" type="stmt"/>
        <line num="3" count="5" type="stmt"/>
        <line num="4" count="5" type="stmt"/>
        <line num="5" count="5" type="stmt"/>
        <line num="6" count="5" type="stmt"/>
        <line num="7" count="5" type="stmt"/>
        <line num="9" count="5" type="stmt"/>
      </file>
    </package>
    <package name="src.controller">
      <metrics statements="235" coveredstatements="217" conditionals="39" coveredconditionals="36" methods="21" coveredmethods="20"/>
      <file name="Controller.ts" path="C:\Users\dell\Desktop\Nutrisport_pipeline\NutriSport-app\offers-and-requests-management-service\src\controller\Controller.ts">
        <metrics statements="235" coveredstatements="217" conditionals="39" coveredconditionals="36" methods="21" coveredmethods="20"/>
        <line num="1" count="5" type="stmt"/>
        <line num="3" count="5" type="stmt"/>
        <line num="4" count="5" type="stmt"/>
        <line num="5" count="5" type="stmt"/>
        <line num="6" count="5" type="stmt"/>
        <line num="7" count="5" type="stmt"/>
        <line num="8" count="5" type="stmt"/>
        <line num="9" count="5" type="stmt"/>
        <line num="10" count="5" type="stmt"/>
        <line num="11" count="5" type="stmt"/>
        <line num="12" count="5" type="stmt"/>
        <line num="13" count="5" type="stmt"/>
        <line num="15" count="5" type="stmt"/>
        <line num="17" count="5" type="stmt"/>
        <line num="18" count="5" type="stmt"/>
        <line num="19" count="5" type="stmt"/>
        <line num="20" count="5" type="stmt"/>
        <line num="21" count="5" type="stmt"/>
        <line num="23" count="5" type="stmt"/>
        <line num="24" count="5" type="stmt"/>
        <line num="25" count="5" type="stmt"/>
        <line num="27" count="5" type="stmt"/>
        <line num="28" count="5" type="stmt"/>
        <line num="40" count="5" type="stmt"/>
        <line num="41" count="1" type="stmt"/>
        <line num="53" count="5" type="stmt"/>
        <line num="54" count="1" type="stmt"/>
        <line num="65" count="5" type="stmt"/>
        <line num="67" count="2" type="stmt"/>
        <line num="70" count="2" type="stmt"/>
        <line num="73" count="2" type="stmt"/>
        <line num="78" count="2" type="cond" truecount="1" falsecount="0"/>
        <line num="79" count="1" type="stmt"/>
        <line num="83" count="1" type="stmt"/>
        <line num="89" count="1" type="stmt"/>
        <line num="92" count="1" type="stmt"/>
        <line num="93" count="2" type="stmt"/>
        <line num="94" count="1" type="stmt"/>
        <line num="97" count="2" type="stmt"/>
        <line num="101" count="2" type="stmt"/>
        <line num="105" count="1" type="stmt"/>
        <line num="106" count="1" type="stmt"/>
        <line num="112" count="1" type="stmt"/>
        <line num="114" count="2" type="stmt"/>
        <line num="116" count="5" type="cond" truecount="1" falsecount="0"/>
        <line num="117" count="2" type="stmt"/>
        <line num="124" count="2" type="stmt"/>
        <line num="127" count="2" type="stmt"/>
        <line num="130" count="0" type="stmt"/>
        <line num="134" count="1" type="stmt"/>
        <line num="135" count="1" type="stmt"/>
        <line num="138" count="1" type="stmt"/>
        <line num="148" count="5" type="stmt"/>
        <line num="150" count="2" type="stmt"/>
        <line num="153" count="2" type="stmt"/>
        <line num="158" count="2" type="cond" truecount="1" falsecount="0"/>
        <line num="159" count="1" type="stmt"/>
        <line num="161" count="1" type="stmt"/>
        <line num="163" count="1" type="stmt"/>
        <line num="169" count="1" type="stmt"/>
        <line num="179" count="5" type="stmt"/>
        <line num="181" count="3" type="stmt"/>
        <line num="184" count="3" type="stmt"/>
        <line num="189" count="3" type="cond" truecount="1" falsecount="0"/>
        <line num="190" count="1" type="stmt"/>
        <line num="194" count="2" type="stmt"/>
        <line num="197" count="3" type="cond" truecount="3" falsecount="0"/>
        <line num="199" count="1" type="stmt"/>
        <line num="202" count="1" type="stmt"/>
        <line num="205" count="1" type="stmt"/>
        <line num="211" count="1" type="stmt"/>
        <line num="213" count="1" type="cond" truecount="1" falsecount="0"/>
        <line num="225" count="5" type="stmt"/>
        <line num="227" count="2" type="stmt"/>
        <line num="230" count="2" type="stmt"/>
        <line num="233" count="2" type="stmt"/>
        <line num="238" count="2" type="cond" truecount="1" falsecount="0"/>
        <line num="239" count="1" type="stmt"/>
        <line num="243" count="1" type="stmt"/>
        <line num="249" count="1" type="stmt"/>
        <line num="251" count="1" type="stmt"/>
        <line num="252" count="1" type="stmt"/>
        <line num="255" count="1" type="stmt"/>
        <line num="257" count="1" type="cond" truecount="2" falsecount="1"/>
        <line num="259" count="1" type="stmt"/>
        <line num="262" count="1" type="stmt"/>
        <line num="264" count="1" type="stmt"/>
        <line num="273" count="1" type="stmt"/>
        <line num="281" count="1" type="stmt"/>
        <line num="283" count="5" type="cond" truecount="1" falsecount="0"/>
        <line num="284" count="2" type="stmt"/>
        <line num="292" count="2" type="stmt"/>
        <line num="294" count="2" type="stmt"/>
        <line num="301" count="1" type="cond" truecount="1" falsecount="0"/>
        <line num="312" count="5" type="stmt"/>
        <line num="314" count="2" type="stmt"/>
        <line num="317" count="2" type="stmt"/>
        <line num="322" count="2" type="cond" truecount="1" falsecount="0"/>
        <line num="323" count="1" type="stmt"/>
        <line num="326" count="1" type="stmt"/>
        <line num="329" count="1" type="stmt"/>
        <line num="335" count="1" type="stmt"/>
        <line num="345" count="5" type="stmt"/>
        <line num="347" count="3" type="stmt"/>
        <line num="350" count="3" type="stmt"/>
        <line num="355" count="3" type="cond" truecount="1" falsecount="0"/>
        <line num="356" count="1" type="stmt"/>
        <line num="360" count="2" type="stmt"/>
        <line num="363" count="3" type="cond" truecount="3" falsecount="0"/>
        <line num="365" count="1" type="stmt"/>
        <line num="368" count="1" type="stmt"/>
        <line num="371" count="1" type="cond" truecount="1" falsecount="1"/>
        <line num="375" count="1" type="stmt"/>
        <line num="385" count="1" type="stmt"/>
        <line num="387" count="1" type="cond" truecount="1" falsecount="0"/>
        <line num="394" count="5" type="stmt"/>
        <line num="395" count="3" type="stmt"/>
        <line num="396" count="3" type="cond" truecount="1" falsecount="0"/>
        <line num="403" count="5" type="stmt"/>
        <line num="406" count="3" type="stmt"/>
        <line num="407" count="3" type="stmt"/>
        <line num="413" count="3" type="stmt"/>
        <line num="416" count="3" type="stmt"/>
        <line num="420" count="3" type="cond" truecount="1" falsecount="0"/>
        <line num="421" count="1" type="stmt"/>
        <line num="425" count="2" type="stmt"/>
        <line num="433" count="2" type="cond" truecount="1" falsecount="0"/>
        <line num="434" count="1" type="stmt"/>
        <line num="438" count="1" type="stmt"/>
        <line num="445" count="1" type="stmt"/>
        <line num="446" count="1" type="stmt"/>
        <line num="449" count="1" type="stmt"/>
        <line num="452" count="1" type="stmt"/>
        <line num="455" count="1" type="stmt"/>
        <line num="457" count="1" type="stmt"/>
        <line num="469" count="1" type="stmt"/>
        <line num="472" count="1" type="stmt"/>
        <line num="474" count="1" type="stmt"/>
        <line num="477" count="5" type="stmt"/>
        <line num="479" count="4" type="stmt"/>
        <line num="482" count="4" type="stmt"/>
        <line num="485" count="4" type="stmt"/>
        <line num="491" count="4" type="cond" truecount="1" falsecount="0"/>
        <line num="492" count="1" type="stmt"/>
        <line num="497" count="3" type="stmt"/>
        <line num="500" count="3" type="stmt"/>
        <line num="506" count="3" type="cond" truecount="1" falsecount="0"/>
        <line num="507" count="1" type="stmt"/>
        <line num="510" count="2" type="stmt"/>
        <line num="512" count="2" type="stmt"/>
        <line num="513" count="2" type="stmt"/>
        <line num="514" count="2" type="stmt"/>
        <line num="515" count="0" type="cond" truecount="0" falsecount="1"/>
        <line num="516" count="0" type="stmt"/>
        <line num="517" count="0" type="stmt"/>
        <line num="521" count="0" type="stmt"/>
        <line num="522" count="0" type="stmt"/>
        <line num="526" count="0" type="stmt"/>
        <line num="527" count="0" type="stmt"/>
        <line num="528" count="0" type="stmt"/>
        <line num="531" count="0" type="stmt"/>
        <line num="535" count="0" type="stmt"/>
        <line num="538" count="0" type="stmt"/>
        <line num="540" count="0" type="stmt"/>
        <line num="543" count="0" type="stmt"/>
        <line num="547" count="0" type="stmt"/>
        <line num="550" count="0" type="stmt"/>
        <line num="558" count="0" type="stmt"/>
        <line num="561" count="0" type="stmt"/>
        <line num="566" count="2" type="stmt"/>
        <line num="568" count="2" type="stmt"/>
        <line num="572" count="5" type="stmt"/>
        <line num="574" count="2" type="stmt"/>
        <line num="577" count="2" type="stmt"/>
        <line num="582" count="2" type="cond" truecount="1" falsecount="0"/>
        <line num="583" count="1" type="stmt"/>
        <line num="586" count="1" type="stmt"/>
        <line num="593" count="5" type="stmt"/>
        <line num="595" count="2" type="stmt"/>
        <line num="598" count="2" type="stmt"/>
        <line num="603" count="2" type="cond" truecount="1" falsecount="0"/>
        <line num="604" count="1" type="stmt"/>
        <line num="606" count="1" type="stmt"/>
        <line num="613" count="1" type="stmt"/>
        <line num="616" count="5" type="stmt"/>
        <line num="618" count="3" type="stmt"/>
        <line num="621" count="3" type="stmt"/>
        <line num="624" count="3" type="stmt"/>
        <line num="630" count="3" type="cond" truecount="1" falsecount="0"/>
        <line num="631" count="1" type="stmt"/>
        <line num="634" count="2" type="cond" truecount="2" falsecount="0"/>
        <line num="635" count="1" type="stmt"/>
        <line num="637" count="1" type="stmt"/>
        <line num="639" count="2" type="stmt"/>
        <line num="642" count="2" type="stmt"/>
        <line num="643" count="4" type="stmt"/>
        <line num="644" count="2" type="stmt"/>
        <line num="647" count="4" type="stmt"/>
        <line num="651" count="4" type="stmt"/>
        <line num="653" count="2" type="stmt"/>
        <line num="655" count="5" type="stmt"/>
        <line num="657" count="2" type="stmt"/>
        <line num="660" count="2" type="stmt"/>
        <line num="667" count="2" type="cond" truecount="1" falsecount="0"/>
        <line num="668" count="1" type="stmt"/>
        <line num="672" count="1" type="stmt"/>
        <line num="674" count="5" type="stmt"/>
        <line num="676" count="2" type="stmt"/>
        <line num="679" count="2" type="stmt"/>
        <line num="685" count="2" type="cond" truecount="1" falsecount="0"/>
        <line num="686" count="1" type="stmt"/>
        <line num="690" count="1" type="stmt"/>
        <line num="692" count="5" type="stmt"/>
        <line num="694" count="3" type="stmt"/>
        <line num="697" count="3" type="stmt"/>
        <line num="700" count="3" type="stmt"/>
        <line num="705" count="3" type="stmt"/>
        <line num="709" count="3" type="cond" truecount="1" falsecount="0"/>
        <line num="710" count="1" type="stmt"/>
        <line num="713" count="2" type="stmt"/>
        <line num="715" count="2" type="cond" truecount="1" falsecount="0"/>
        <line num="716" count="1" type="stmt"/>
        <line num="719" count="1" type="stmt"/>
        <line num="728" count="1" type="stmt"/>
        <line num="731" count="5" type="stmt"/>
        <line num="733" count="3" type="stmt"/>
        <line num="734" count="3" type="stmt"/>
        <line num="736" count="3" type="stmt"/>
        <line num="742" count="3" type="cond" truecount="1" falsecount="0"/>
        <line num="743" count="1" type="stmt"/>
        <line num="747" count="2" type="cond" truecount="1" falsecount="0"/>
        <line num="748" count="1" type="stmt"/>
        <line num="750" count="1" type="stmt"/>
        <line num="752" count="1" type="stmt"/>
        <line num="755" count="5" type="stmt"/>
      </file>
    </package>
    <package name="src.dto">
      <metrics statements="15" coveredstatements="15" conditionals="0" coveredconditionals="0" methods="2" coveredmethods="2"/>
      <file name="OfferDto.ts" path="C:\Users\dell\Desktop\Nutrisport_pipeline\NutriSport-app\offers-and-requests-management-service\src\dto\OfferDto.ts">
        <metrics statements="15" coveredstatements="15" conditionals="0" coveredconditionals="0" methods="2" coveredmethods="2"/>
        <line num="5" count="5" type="stmt"/>
        <line num="24" count="5" type="stmt"/>
        <line num="25" count="3" type="stmt"/>
        <line num="26" count="3" type="stmt"/>
        <line num="27" count="3" type="stmt"/>
        <line num="28" count="3" type="stmt"/>
        <line num="29" count="3" type="stmt"/>
        <line num="30" count="3" type="stmt"/>
        <line num="31" count="3" type="stmt"/>
        <line num="32" count="3" type="stmt"/>
        <line num="33" count="3" type="stmt"/>
        <line num="34" count="3" type="stmt"/>
        <line num="35" count="3" type="stmt"/>
        <line num="36" count="3" type="stmt"/>
        <line num="38" count="5" type="stmt"/>
      </file>
    </package>
    <package name="src.entity">
      <metrics statements="97" coveredstatements="82" conditionals="0" coveredconditionals="0" methods="28" coveredmethods="5"/>
      <file name="Demand.ts" path="C:\Users\dell\Desktop\Nutrisport_pipeline\NutriSport-app\offers-and-requests-management-service\src\entity\Demand.ts">
        <metrics statements="25" coveredstatements="20" conditionals="0" coveredconditionals="0" methods="8" coveredmethods="1"/>
        <line num="1" count="5" type="stmt"/>
        <line num="2" count="5" type="stmt"/>
        <line num="3" count="5" type="stmt"/>
        <line num="4" count="5" type="stmt"/>
        <line num="7" count="5" type="stmt"/>
        <line num="9" count="5" type="stmt"/>
        <line num="12" count="5" type="stmt"/>
        <line num="18" count="5" type="stmt"/>
        <line num="21" count="5" type="stmt"/>
        <line num="24" count="5" type="stmt"/>
        <line num="27" count="5" type="stmt"/>
        <line num="30" count="5" type="stmt"/>
        <line num="33" count="5" type="stmt"/>
        <line num="35" count="0" type="stmt"/>
        <line num="36" count="5" type="stmt"/>
        <line num="39" count="5" type="stmt"/>
        <line num="41" count="0" type="stmt"/>
        <line num="42" count="5" type="stmt"/>
        <line num="44" count="0" type="stmt"/>
        <line num="45" count="5" type="stmt"/>
        <line num="47" count="0" type="stmt"/>
        <line num="48" count="5" type="stmt"/>
        <line num="50" count="0" type="stmt"/>
        <line num="51" count="5" type="stmt"/>
        <line num="52" count="5" type="stmt"/>
      </file>
      <file name="Devis.ts" path="C:\Users\dell\Desktop\Nutrisport_pipeline\NutriSport-app\offers-and-requests-management-service\src\entity\Devis.ts">
        <metrics statements="17" coveredstatements="13" conditionals="0" coveredconditionals="0" methods="7" coveredmethods="1"/>
        <line num="1" count="5" type="stmt"/>
        <line num="2" count="5" type="stmt"/>
        <line num="3" count="5" type="stmt"/>
        <line num="4" count="5" type="stmt"/>
        <line num="7" count="5" type="stmt"/>
        <line num="9" count="5" type="stmt"/>
        <line num="12" count="5" type="stmt"/>
        <line num="20" count="5" type="stmt"/>
        <line num="22" count="0" type="stmt"/>
        <line num="23" count="5" type="stmt"/>
        <line num="25" count="0" type="stmt"/>
        <line num="26" count="5" type="stmt"/>
        <line num="28" count="0" type="stmt"/>
        <line num="29" count="5" type="stmt"/>
        <line num="31" count="0" type="stmt"/>
        <line num="32" count="5" type="stmt"/>
        <line num="35" count="5" type="stmt"/>
      </file>
      <file name="Offer.ts" path="C:\Users\dell\Desktop\Nutrisport_pipeline\NutriSport-app\offers-and-requests-management-service\src\entity\Offer.ts">
        <metrics statements="25" coveredstatements="22" conditionals="0" coveredconditionals="0" methods="5" coveredmethods="1"/>
        <line num="1" count="5" type="stmt"/>
        <line num="2" count="5" type="stmt"/>
        <line num="3" count="5" type="stmt"/>
        <line num="8" count="5" type="stmt"/>
        <line num="10" count="5" type="stmt"/>
        <line num="13" count="5" type="stmt"/>
        <line num="19" count="5" type="stmt"/>
        <line num="22" count="5" type="stmt"/>
        <line num="25" count="5" type="stmt"/>
        <line num="28" count="5" type="stmt"/>
        <line num="31" count="5" type="stmt"/>
        <line num="34" count="5" type="stmt"/>
        <line num="37" count="5" type="stmt"/>
        <line num="40" count="5" type="stmt"/>
        <line num="43" count="5" type="stmt"/>
        <line num="46" count="5" type="stmt"/>
        <line num="49" count="5" type="stmt"/>
        <line num="51" count="0" type="stmt"/>
        <line num="52" count="5" type="stmt"/>
        <line num="54" count="0" type="stmt"/>
        <line num="55" count="5" type="stmt"/>
        <line num="58" count="5" type="stmt"/>
        <line num="60" count="0" type="stmt"/>
        <line num="61" count="5" type="stmt"/>
        <line num="62" count="5" type="stmt"/>
      </file>
      <file name="PreparatorSession.ts" path="C:\Users\dell\Desktop\Nutrisport_pipeline\NutriSport-app\offers-and-requests-management-service\src\entity\PreparatorSession.ts">
        <metrics statements="17" coveredstatements="15" conditionals="0" coveredconditionals="0" methods="5" coveredmethods="1"/>
        <line num="2" count="5" type="stmt"/>
        <line num="3" count="5" type="stmt"/>
        <line num="4" count="5" type="stmt"/>
        <line num="7" count="5" type="stmt"/>
        <line num="9" count="5" type="stmt"/>
        <line num="12" count="5" type="stmt"/>
        <line num="15" count="5" type="stmt"/>
        <line num="18" count="5" type="stmt"/>
        <line num="21" count="5" type="stmt"/>
        <line num="24" count="5" type="stmt"/>
        <line num="27" count="5" type="stmt"/>
        <line num="30" count="5" type="stmt"/>
        <line num="32" count="0" type="stmt"/>
        <line num="33" count="5" type="stmt"/>
        <line num="35" count="0" type="stmt"/>
        <line num="36" count="5" type="stmt"/>
        <line num="38" count="5" type="stmt"/>
      </file>
      <file name="SportifSession.ts" path="C:\Users\dell\Desktop\Nutrisport_pipeline\NutriSport-app\offers-and-requests-management-service\src\entity\SportifSession.ts">
        <metrics statements="13" coveredstatements="12" conditionals="0" coveredconditionals="0" methods="3" coveredmethods="1"/>
        <line num="1" count="5" type="stmt"/>
        <line num="2" count="5" type="stmt"/>
        <line num="5" count="5" type="stmt"/>
        <line num="7" count="5" type="stmt"/>
        <line num="10" count="5" type="stmt"/>
        <line num="13" count="5" type="stmt"/>
        <line num="16" count="5" type="stmt"/>
        <line num="19" count="5" type="stmt"/>
        <line num="22" count="5" type="stmt"/>
        <line num="25" count="5" type="stmt"/>
        <line num="27" count="0" type="stmt"/>
        <line num="28" count="5" type="stmt"/>
        <line num="30" count="5" type="stmt"/>
      </file>
    </package>
    <package name="src.enum">
      <metrics statements="9" coveredstatements="9" conditionals="4" coveredconditionals="4" methods="2" coveredmethods="2"/>
      <file name="EnumDevisStatus.ts" path="C:\Users\dell\Desktop\Nutrisport_pipeline\NutriSport-app\offers-and-requests-management-service\src\enum\EnumDevisStatus.ts">
        <metrics statements="4" coveredstatements="4" conditionals="2" coveredconditionals="2" methods="1" coveredmethods="1"/>
        <line num="1" count="5" type="cond" truecount="2" falsecount="0"/>
        <line num="2" count="5" type="stmt"/>
        <line num="3" count="5" type="stmt"/>
        <line num="4" count="5" type="stmt"/>
      </file>
      <file name="EnumMealType.ts" path="C:\Users\dell\Desktop\Nutrisport_pipeline\NutriSport-app\offers-and-requests-management-service\src\enum\EnumMealType.ts">
        <metrics statements="5" coveredstatements="5" conditionals="2" coveredconditionals="2" methods="1" coveredmethods="1"/>
        <line num="1" count="5" type="cond" truecount="2" falsecount="0"/>
        <line num="2" count="5" type="stmt"/>
        <line num="3" count="5" type="stmt"/>
        <line num="4" count="5" type="stmt"/>
        <line num="5" count="5" type="stmt"/>
      </file>
    </package>
  </project>
</coverage>
