{"C:\\Users\\dell\\Desktop\\Nutrisport_pipeline\\NutriSport-app\\offers-and-requests-management-service\\src\\data-source.ts": {"path":"C:\\Users\\dell\\Desktop\\Nutrisport_pipeline\\NutriSport-app\\offers-and-requests-management-service\\src\\data-source.ts","statementMap":{"0":{"start":{"line":1,"column":0},"end":{"line":1,"column":25}},"1":{"start":{"line":2,"column":0},"end":{"line":2,"column":36}},"2":{"start":{"line":3,"column":0},"end":{"line":3,"column":56}},"3":{"start":{"line":4,"column":0},"end":{"line":4,"column":62}},"4":{"start":{"line":5,"column":0},"end":{"line":5,"column":38}},"5":{"start":{"line":6,"column":0},"end":{"line":6,"column":40}},"6":{"start":{"line":7,"column":0},"end":{"line":7,"column":38}},"7":{"start":{"line":9,"column":13},"end":{"line":21,"column":null}}},"fnMap":{},"branchMap":{},"s":{"0":5,"1":5,"2":5,"3":5,"4":5,"5":5,"6":5,"7":5},"f":{},"b":{}}
,"C:\\Users\\dell\\Desktop\\Nutrisport_pipeline\\NutriSport-app\\offers-and-requests-management-service\\src\\controller\\Controller.ts": {"path":"C:\\Users\\dell\\Desktop\\Nutrisport_pipeline\\NutriSport-app\\offers-and-requests-management-service\\src\\controller\\Controller.ts","statementMap":{"0":{"start":{"line":1,"column":0},"end":{"line":1,"column":46}},"1":{"start":{"line":3,"column":0},"end":{"line":3,"column":63}},"2":{"start":{"line":4,"column":0},"end":{"line":4,"column":57}},"3":{"start":{"line":5,"column":0},"end":{"line":5,"column":39}},"4":{"start":{"line":6,"column":0},"end":{"line":6,"column":41}},"5":{"start":{"line":7,"column":0},"end":{"line":7,"column":39}},"6":{"start":{"line":8,"column":0},"end":{"line":8,"column":53}},"7":{"start":{"line":9,"column":0},"end":{"line":9,"column":25}},"8":{"start":{"line":10,"column":0},"end":{"line":10,"column":42}},"9":{"start":{"line":11,"column":0},"end":{"line":11,"column":41}},"10":{"start":{"line":12,"column":0},"end":{"line":12,"column":42}},"11":{"start":{"line":13,"column":0},"end":{"line":13,"column":40}},"12":{"start":{"line":15,"column":0},"end":{"line":15,"column":13}},"13":{"start":{"line":17,"column":12},"end":{"line":17,"column":null}},"14":{"start":{"line":18,"column":12},"end":{"line":18,"column":null}},"15":{"start":{"line":19,"column":12},"end":{"line":19,"column":null}},"16":{"start":{"line":20,"column":12},"end":{"line":20,"column":null}},"17":{"start":{"line":21,"column":12},"end":{"line":21,"column":null}},"18":{"start":{"line":23,"column":12},"end":{"line":23,"column":39}},"19":{"start":{"line":24,"column":12},"end":{"line":24,"column":39}},"20":{"start":{"line":25,"column":12},"end":{"line":25,"column":null}},"21":{"start":{"line":27,"column":12},"end":{"line":27,"column":null}},"22":{"start":{"line":28,"column":11},"end":{"line":28,"column":44}},"23":{"start":{"line":40,"column":10},"end":{"line":42,"column":null}},"24":{"start":{"line":41,"column":9},"end":{"line":41,"column":null}},"25":{"start":{"line":53,"column":10},"end":{"line":55,"column":null}},"26":{"start":{"line":54,"column":8},"end":{"line":54,"column":null}},"27":{"start":{"line":65,"column":10},"end":{"line":139,"column":null}},"28":{"start":{"line":67,"column":14},"end":{"line":67,"column":85}},"29":{"start":{"line":70,"column":14},"end":{"line":70,"column":51}},"30":{"start":{"line":73,"column":34},"end":{"line":75,"column":null}},"31":{"start":{"line":73,"column":14},"end":{"line":75,"column":null}},"32":{"start":{"line":78,"column":8},"end":{"line":80,"column":null}},"33":{"start":{"line":79,"column":12},"end":{"line":79,"column":48}},"34":{"start":{"line":83,"column":14},"end":{"line":86,"column":11}},"35":{"start":{"line":89,"column":27},"end":{"line":89,"column":null}},"36":{"start":{"line":89,"column":14},"end":{"line":89,"column":null}},"37":{"start":{"line":92,"column":14},"end":{"line":92,"column":52}},"38":{"start":{"line":93,"column":8},"end":{"line":93,"column":38}},"39":{"start":{"line":94,"column":14},"end":{"line":96,"column":null}},"40":{"start":{"line":97,"column":8},"end":{"line":100,"column":null}},"41":{"start":{"line":101,"column":8},"end":{"line":101,"column":41}},"42":{"start":{"line":105,"column":14},"end":{"line":105,"column":61}},"43":{"start":{"line":106,"column":42},"end":{"line":110,"column":null}},"44":{"start":{"line":106,"column":14},"end":{"line":110,"column":null}},"45":{"start":{"line":112,"column":8},"end":{"line":112,"column":47}},"46":{"start":{"line":114,"column":14},"end":{"line":114,"column":112}},"47":{"start":{"line":114,"column":71},"end":{"line":114,"column":95}},"48":{"start":{"line":116,"column":38},"end":{"line":116,"column":null}},"49":{"start":{"line":116,"column":32},"end":{"line":116,"column":null}},"50":{"start":{"line":116,"column":22},"end":{"line":116,"column":32}},"51":{"start":{"line":117,"column":20},"end":{"line":123,"column":null}},"52":{"start":{"line":124,"column":33},"end":{"line":124,"column":null}},"53":{"start":{"line":124,"column":22},"end":{"line":124,"column":null}},"54":{"start":{"line":127,"column":16},"end":{"line":127,"column":70}},"55":{"start":{"line":130,"column":12},"end":{"line":130,"column":74}},"56":{"start":{"line":134,"column":15},"end":{"line":134,"column":44}},"57":{"start":{"line":135,"column":9},"end":{"line":135,"column":60}},"58":{"start":{"line":138,"column":6},"end":{"line":138,"column":24}},"59":{"start":{"line":148,"column":10},"end":{"line":170,"column":null}},"60":{"start":{"line":150,"column":14},"end":{"line":150,"column":77}},"61":{"start":{"line":153,"column":34},"end":{"line":156,"column":null}},"62":{"start":{"line":153,"column":14},"end":{"line":156,"column":null}},"63":{"start":{"line":158,"column":8},"end":{"line":160,"column":null}},"64":{"start":{"line":159,"column":12},"end":{"line":159,"column":48}},"65":{"start":{"line":161,"column":14},"end":{"line":161,"column":60}},"66":{"start":{"line":163,"column":23},"end":{"line":167,"column":null}},"67":{"start":{"line":163,"column":14},"end":{"line":167,"column":null}},"68":{"start":{"line":169,"column":8},"end":{"line":169,"column":22}},"69":{"start":{"line":179,"column":10},"end":{"line":215,"column":null}},"70":{"start":{"line":181,"column":14},"end":{"line":181,"column":75}},"71":{"start":{"line":184,"column":31},"end":{"line":186,"column":null}},"72":{"start":{"line":184,"column":14},"end":{"line":186,"column":null}},"73":{"start":{"line":189,"column":8},"end":{"line":191,"column":null}},"74":{"start":{"line":190,"column":12},"end":{"line":190,"column":45}},"75":{"start":{"line":194,"column":14},"end":{"line":194,"column":63}},"76":{"start":{"line":197,"column":12},"end":{"line":197,"column":27}},"77":{"start":{"line":199,"column":18},"end":{"line":199,"column":42}},"78":{"start":{"line":202,"column":18},"end":{"line":202,"column":68}},"79":{"start":{"line":205,"column":33},"end":{"line":210,"column":null}},"80":{"start":{"line":205,"column":18},"end":{"line":210,"column":null}},"81":{"start":{"line":211,"column":12},"end":{"line":211,"column":33}},"82":{"start":{"line":213,"column":12},"end":{"line":213,"column":62}},"83":{"start":{"line":225,"column":10},"end":{"line":302,"column":null}},"84":{"start":{"line":227,"column":14},"end":{"line":227,"column":79}},"85":{"start":{"line":230,"column":14},"end":{"line":230,"column":53}},"86":{"start":{"line":233,"column":31},"end":{"line":235,"column":null}},"87":{"start":{"line":233,"column":14},"end":{"line":235,"column":null}},"88":{"start":{"line":238,"column":8},"end":{"line":240,"column":null}},"89":{"start":{"line":239,"column":12},"end":{"line":239,"column":45}},"90":{"start":{"line":243,"column":14},"end":{"line":246,"column":11}},"91":{"start":{"line":249,"column":28},"end":{"line":249,"column":null}},"92":{"start":{"line":249,"column":14},"end":{"line":249,"column":null}},"93":{"start":{"line":251,"column":14},"end":{"line":251,"column":43}},"94":{"start":{"line":252,"column":8},"end":{"line":252,"column":62}},"95":{"start":{"line":255,"column":14},"end":{"line":255,"column":62}},"96":{"start":{"line":257,"column":12},"end":{"line":257,"column":26}},"97":{"start":{"line":259,"column":18},"end":{"line":259,"column":42}},"98":{"start":{"line":262,"column":18},"end":{"line":262,"column":68}},"99":{"start":{"line":264,"column":18},"end":{"line":264,"column":43}},"100":{"start":{"line":273,"column":45},"end":{"line":280,"column":null}},"101":{"start":{"line":273,"column":18},"end":{"line":280,"column":null}},"102":{"start":{"line":281,"column":12},"end":{"line":281,"column":50}},"103":{"start":{"line":283,"column":68},"end":{"line":283,"column":null}},"104":{"start":{"line":283,"column":44},"end":{"line":283,"column":null}},"105":{"start":{"line":283,"column":23},"end":{"line":283,"column":44}},"106":{"start":{"line":284,"column":22},"end":{"line":290,"column":18}},"107":{"start":{"line":292,"column":36},"end":{"line":292,"column":null}},"108":{"start":{"line":292,"column":22},"end":{"line":292,"column":null}},"109":{"start":{"line":294,"column":16},"end":{"line":294,"column":75}},"110":{"start":{"line":301,"column":8},"end":{"line":301,"column":27}},"111":{"start":{"line":312,"column":10},"end":{"line":336,"column":null}},"112":{"start":{"line":314,"column":14},"end":{"line":314,"column":71}},"113":{"start":{"line":317,"column":31},"end":{"line":319,"column":null}},"114":{"start":{"line":317,"column":14},"end":{"line":319,"column":null}},"115":{"start":{"line":322,"column":8},"end":{"line":324,"column":null}},"116":{"start":{"line":323,"column":12},"end":{"line":323,"column":45}},"117":{"start":{"line":326,"column":14},"end":{"line":326,"column":51}},"118":{"start":{"line":329,"column":24},"end":{"line":333,"column":null}},"119":{"start":{"line":329,"column":14},"end":{"line":333,"column":null}},"120":{"start":{"line":335,"column":8},"end":{"line":335,"column":23}},"121":{"start":{"line":345,"column":10},"end":{"line":389,"column":null}},"122":{"start":{"line":347,"column":14},"end":{"line":347,"column":81}},"123":{"start":{"line":350,"column":34},"end":{"line":352,"column":null}},"124":{"start":{"line":350,"column":14},"end":{"line":352,"column":null}},"125":{"start":{"line":355,"column":8},"end":{"line":357,"column":null}},"126":{"start":{"line":356,"column":12},"end":{"line":356,"column":48}},"127":{"start":{"line":360,"column":14},"end":{"line":360,"column":66}},"128":{"start":{"line":363,"column":12},"end":{"line":363,"column":27}},"129":{"start":{"line":365,"column":18},"end":{"line":365,"column":42}},"130":{"start":{"line":368,"column":18},"end":{"line":368,"column":68}},"131":{"start":{"line":371,"column":18},"end":{"line":371,"column":96}},"132":{"start":{"line":375,"column":34},"end":{"line":382,"column":null}},"133":{"start":{"line":375,"column":18},"end":{"line":382,"column":null}},"134":{"start":{"line":385,"column":12},"end":{"line":385,"column":34}},"135":{"start":{"line":387,"column":12},"end":{"line":387,"column":62}},"136":{"start":{"line":394,"column":10},"end":{"line":402,"column":null}},"137":{"start":{"line":395,"column":8},"end":{"line":395,"column":31}},"138":{"start":{"line":396,"column":16},"end":{"line":401,"column":19}},"139":{"start":{"line":396,"column":8},"end":{"line":401,"column":19}},"140":{"start":{"line":403,"column":10},"end":{"line":475,"column":null}},"141":{"start":{"line":406,"column":14},"end":{"line":406,"column":59}},"142":{"start":{"line":407,"column":14},"end":{"line":407,"column":81}},"143":{"start":{"line":413,"column":14},"end":{"line":413,"column":55}},"144":{"start":{"line":416,"column":34},"end":{"line":418,"column":null}},"145":{"start":{"line":416,"column":14},"end":{"line":418,"column":null}},"146":{"start":{"line":420,"column":8},"end":{"line":422,"column":null}},"147":{"start":{"line":421,"column":12},"end":{"line":421,"column":48}},"148":{"start":{"line":425,"column":23},"end":{"line":428,"column":null}},"149":{"start":{"line":425,"column":14},"end":{"line":428,"column":null}},"150":{"start":{"line":433,"column":8},"end":{"line":435,"column":null}},"151":{"start":{"line":434,"column":12},"end":{"line":434,"column":44}},"152":{"start":{"line":438,"column":14},"end":{"line":442,"column":11}},"153":{"start":{"line":445,"column":14},"end":{"line":445,"column":47}},"154":{"start":{"line":446,"column":8},"end":{"line":446,"column":78}},"155":{"start":{"line":449,"column":27},"end":{"line":449,"column":null}},"156":{"start":{"line":449,"column":14},"end":{"line":449,"column":null}},"157":{"start":{"line":452,"column":31},"end":{"line":454,"column":null}},"158":{"start":{"line":452,"column":14},"end":{"line":454,"column":null}},"159":{"start":{"line":455,"column":8},"end":{"line":455,"column":null}},"160":{"start":{"line":457,"column":12},"end":{"line":467,"column":null}},"161":{"start":{"line":469,"column":28},"end":{"line":469,"column":null}},"162":{"start":{"line":469,"column":14},"end":{"line":469,"column":null}},"163":{"start":{"line":472,"column":8},"end":{"line":472,"column":65}},"164":{"start":{"line":474,"column":8},"end":{"line":474,"column":26}},"165":{"start":{"line":477,"column":10},"end":{"line":570,"column":null}},"166":{"start":{"line":479,"column":14},"end":{"line":479,"column":57}},"167":{"start":{"line":482,"column":14},"end":{"line":482,"column":45}},"168":{"start":{"line":485,"column":22},"end":{"line":488,"column":null}},"169":{"start":{"line":485,"column":14},"end":{"line":488,"column":null}},"170":{"start":{"line":491,"column":8},"end":{"line":493,"column":null}},"171":{"start":{"line":492,"column":12},"end":{"line":492,"column":43}},"172":{"start":{"line":497,"column":14},"end":{"line":497,"column":47}},"173":{"start":{"line":500,"column":23},"end":{"line":503,"column":null}},"174":{"start":{"line":500,"column":14},"end":{"line":503,"column":null}},"175":{"start":{"line":506,"column":8},"end":{"line":508,"column":null}},"176":{"start":{"line":507,"column":12},"end":{"line":507,"column":44}},"177":{"start":{"line":510,"column":12},"end":{"line":510,"column":46}},"178":{"start":{"line":512,"column":12},"end":{"line":512,"column":45}},"179":{"start":{"line":513,"column":28},"end":{"line":513,"column":null}},"180":{"start":{"line":513,"column":18},"end":{"line":513,"column":null}},"181":{"start":{"line":514,"column":12},"end":{"line":519,"column":15}},"182":{"start":{"line":515,"column":16},"end":{"line":518,"column":null}},"183":{"start":{"line":516,"column":20},"end":{"line":516,"column":61}},"184":{"start":{"line":517,"column":20},"end":{"line":517,"column":60}},"185":{"start":{"line":521,"column":12},"end":{"line":521,"column":37}},"186":{"start":{"line":522,"column":12},"end":{"line":522,"column":47}},"187":{"start":{"line":526,"column":18},"end":{"line":526,"column":51}},"188":{"start":{"line":527,"column":12},"end":{"line":527,"column":42}},"189":{"start":{"line":528,"column":18},"end":{"line":530,"column":null}},"190":{"start":{"line":531,"column":12},"end":{"line":534,"column":null}},"191":{"start":{"line":535,"column":12},"end":{"line":535,"column":45}},"192":{"start":{"line":538,"column":18},"end":{"line":538,"column":163}},"193":{"start":{"line":540,"column":12},"end":{"line":540,"column":63}},"194":{"start":{"line":543,"column":12},"end":{"line":543,"column":45}},"195":{"start":{"line":547,"column":38},"end":{"line":549,"column":null}},"196":{"start":{"line":547,"column":18},"end":{"line":549,"column":null}},"197":{"start":{"line":550,"column":16},"end":{"line":556,"column":null}},"198":{"start":{"line":558,"column":32},"end":{"line":558,"column":null}},"199":{"start":{"line":558,"column":18},"end":{"line":558,"column":null}},"200":{"start":{"line":561,"column":12},"end":{"line":561,"column":69}},"201":{"start":{"line":566,"column":12},"end":{"line":566,"column":33}},"202":{"start":{"line":568,"column":12},"end":{"line":568,"column":74}},"203":{"start":{"line":572,"column":10},"end":{"line":590,"column":null}},"204":{"start":{"line":574,"column":14},"end":{"line":574,"column":81}},"205":{"start":{"line":577,"column":34},"end":{"line":579,"column":null}},"206":{"start":{"line":577,"column":14},"end":{"line":579,"column":null}},"207":{"start":{"line":582,"column":8},"end":{"line":584,"column":null}},"208":{"start":{"line":583,"column":12},"end":{"line":583,"column":48}},"209":{"start":{"line":586,"column":8},"end":{"line":589,"column":11}},"210":{"start":{"line":593,"column":10},"end":{"line":614,"column":null}},"211":{"start":{"line":595,"column":14},"end":{"line":595,"column":59}},"212":{"start":{"line":598,"column":23},"end":{"line":600,"column":null}},"213":{"start":{"line":598,"column":14},"end":{"line":600,"column":null}},"214":{"start":{"line":603,"column":8},"end":{"line":605,"column":null}},"215":{"start":{"line":604,"column":12},"end":{"line":604,"column":44}},"216":{"start":{"line":606,"column":22},"end":{"line":611,"column":null}},"217":{"start":{"line":606,"column":14},"end":{"line":611,"column":null}},"218":{"start":{"line":613,"column":8},"end":{"line":613,"column":21}},"219":{"start":{"line":616,"column":10},"end":{"line":654,"column":null}},"220":{"start":{"line":618,"column":14},"end":{"line":618,"column":57}},"221":{"start":{"line":621,"column":14},"end":{"line":621,"column":67}},"222":{"start":{"line":624,"column":22},"end":{"line":627,"column":null}},"223":{"start":{"line":624,"column":14},"end":{"line":627,"column":null}},"224":{"start":{"line":630,"column":8},"end":{"line":632,"column":null}},"225":{"start":{"line":631,"column":12},"end":{"line":631,"column":43}},"226":{"start":{"line":634,"column":8},"end":{"line":637,"column":37}},"227":{"start":{"line":635,"column":12},"end":{"line":635,"column":38}},"228":{"start":{"line":637,"column":12},"end":{"line":637,"column":37}},"229":{"start":{"line":639,"column":27},"end":{"line":639,"column":null}},"230":{"start":{"line":639,"column":14},"end":{"line":639,"column":null}},"231":{"start":{"line":642,"column":14},"end":{"line":642,"column":52}},"232":{"start":{"line":643,"column":8},"end":{"line":643,"column":38}},"233":{"start":{"line":644,"column":14},"end":{"line":646,"column":null}},"234":{"start":{"line":647,"column":8},"end":{"line":650,"column":null}},"235":{"start":{"line":651,"column":8},"end":{"line":651,"column":41}},"236":{"start":{"line":653,"column":8},"end":{"line":653,"column":26}},"237":{"start":{"line":655,"column":10},"end":{"line":673,"column":null}},"238":{"start":{"line":657,"column":14},"end":{"line":657,"column":57}},"239":{"start":{"line":660,"column":22},"end":{"line":664,"column":null}},"240":{"start":{"line":660,"column":14},"end":{"line":664,"column":null}},"241":{"start":{"line":667,"column":8},"end":{"line":669,"column":null}},"242":{"start":{"line":668,"column":12},"end":{"line":668,"column":43}},"243":{"start":{"line":672,"column":8},"end":{"line":672,"column":21}},"244":{"start":{"line":674,"column":10},"end":{"line":691,"column":null}},"245":{"start":{"line":676,"column":14},"end":{"line":676,"column":57}},"246":{"start":{"line":679,"column":22},"end":{"line":682,"column":null}},"247":{"start":{"line":679,"column":14},"end":{"line":682,"column":null}},"248":{"start":{"line":685,"column":8},"end":{"line":687,"column":null}},"249":{"start":{"line":686,"column":12},"end":{"line":686,"column":43}},"250":{"start":{"line":690,"column":8},"end":{"line":690,"column":21}},"251":{"start":{"line":692,"column":10},"end":{"line":729,"column":null}},"252":{"start":{"line":694,"column":14},"end":{"line":694,"column":59}},"253":{"start":{"line":697,"column":14},"end":{"line":697,"column":74}},"254":{"start":{"line":700,"column":23},"end":{"line":702,"column":null}},"255":{"start":{"line":700,"column":14},"end":{"line":702,"column":null}},"256":{"start":{"line":705,"column":34},"end":{"line":707,"column":null}},"257":{"start":{"line":705,"column":14},"end":{"line":707,"column":null}},"258":{"start":{"line":709,"column":8},"end":{"line":711,"column":null}},"259":{"start":{"line":710,"column":12},"end":{"line":710,"column":48}},"260":{"start":{"line":713,"column":14},"end":{"line":713,"column":60}},"261":{"start":{"line":715,"column":8},"end":{"line":717,"column":null}},"262":{"start":{"line":716,"column":12},"end":{"line":716,"column":44}},"263":{"start":{"line":719,"column":22},"end":{"line":726,"column":null}},"264":{"start":{"line":719,"column":14},"end":{"line":726,"column":null}},"265":{"start":{"line":728,"column":8},"end":{"line":728,"column":21}},"266":{"start":{"line":731,"column":10},"end":{"line":753,"column":null}},"267":{"start":{"line":733,"column":14},"end":{"line":733,"column":57}},"268":{"start":{"line":734,"column":8},"end":{"line":734,"column":29}},"269":{"start":{"line":736,"column":22},"end":{"line":739,"column":null}},"270":{"start":{"line":736,"column":14},"end":{"line":739,"column":null}},"271":{"start":{"line":742,"column":8},"end":{"line":744,"column":null}},"272":{"start":{"line":743,"column":12},"end":{"line":743,"column":47}},"273":{"start":{"line":747,"column":8},"end":{"line":749,"column":null}},"274":{"start":{"line":748,"column":12},"end":{"line":748,"column":60}},"275":{"start":{"line":750,"column":8},"end":{"line":750,"column":34}},"276":{"start":{"line":752,"column":8},"end":{"line":752,"column":28}},"277":{"start":{"line":755,"column":0},"end":{"line":755,"column":null}},"278":{"start":{"line":15,"column":13},"end":{"line":15,"column":23}}},"fnMap":{"0":{"name":"(anonymous_15)","decl":{"start":{"line":15,"column":0},"end":{"line":15,"column":13}},"loc":{"start":{"line":15,"column":0},"end":{"line":755,"column":null}}},"1":{"name":"(anonymous_17)","decl":{"start":{"line":40,"column":4},"end":{"line":40,"column":10}},"loc":{"start":{"line":40,"column":72},"end":{"line":42,"column":null}}},"2":{"name":"(anonymous_20)","decl":{"start":{"line":53,"column":4},"end":{"line":53,"column":10}},"loc":{"start":{"line":53,"column":72},"end":{"line":55,"column":null}}},"3":{"name":"(anonymous_23)","decl":{"start":{"line":65,"column":4},"end":{"line":65,"column":10}},"loc":{"start":{"line":65,"column":67},"end":{"line":139,"column":null}}},"4":{"name":"(anonymous_26)","decl":{"start":{"line":114,"column":53},"end":{"line":114,"column":67}},"loc":{"start":{"line":114,"column":67},"end":{"line":114,"column":85}}},"5":{"name":"(anonymous_27)","decl":{"start":{"line":148,"column":4},"end":{"line":148,"column":10}},"loc":{"start":{"line":148,"column":81},"end":{"line":170,"column":null}}},"6":{"name":"(anonymous_30)","decl":{"start":{"line":179,"column":4},"end":{"line":179,"column":10}},"loc":{"start":{"line":179,"column":82},"end":{"line":215,"column":null}}},"7":{"name":"(anonymous_33)","decl":{"start":{"line":225,"column":4},"end":{"line":225,"column":10}},"loc":{"start":{"line":225,"column":68},"end":{"line":302,"column":null}}},"8":{"name":"(anonymous_36)","decl":{"start":{"line":312,"column":4},"end":{"line":312,"column":10}},"loc":{"start":{"line":312,"column":79},"end":{"line":336,"column":null}}},"9":{"name":"(anonymous_39)","decl":{"start":{"line":345,"column":4},"end":{"line":345,"column":10}},"loc":{"start":{"line":345,"column":83},"end":{"line":389,"column":null}}},"10":{"name":"(anonymous_42)","decl":{"start":{"line":394,"column":4},"end":{"line":394,"column":10}},"loc":{"start":{"line":394,"column":45},"end":{"line":402,"column":null}}},"11":{"name":"(anonymous_45)","decl":{"start":{"line":403,"column":4},"end":{"line":403,"column":10}},"loc":{"start":{"line":403,"column":39},"end":{"line":475,"column":null}}},"12":{"name":"(anonymous_48)","decl":{"start":{"line":477,"column":4},"end":{"line":477,"column":10}},"loc":{"start":{"line":477,"column":57},"end":{"line":570,"column":null}}},"13":{"name":"(anonymous_51)","decl":{"start":{"line":514,"column":27},"end":{"line":514,"column":28}},"loc":{"start":{"line":514,"column":40},"end":{"line":519,"column":13}}},"14":{"name":"(anonymous_52)","decl":{"start":{"line":572,"column":4},"end":{"line":572,"column":10}},"loc":{"start":{"line":572,"column":47},"end":{"line":590,"column":null}}},"15":{"name":"(anonymous_55)","decl":{"start":{"line":593,"column":4},"end":{"line":593,"column":10}},"loc":{"start":{"line":593,"column":43},"end":{"line":614,"column":null}}},"16":{"name":"(anonymous_58)","decl":{"start":{"line":616,"column":4},"end":{"line":616,"column":10}},"loc":{"start":{"line":616,"column":48},"end":{"line":654,"column":null}}},"17":{"name":"(anonymous_61)","decl":{"start":{"line":655,"column":4},"end":{"line":655,"column":10}},"loc":{"start":{"line":655,"column":35},"end":{"line":673,"column":null}}},"18":{"name":"(anonymous_64)","decl":{"start":{"line":674,"column":4},"end":{"line":674,"column":10}},"loc":{"start":{"line":674,"column":39},"end":{"line":691,"column":null}}},"19":{"name":"(anonymous_67)","decl":{"start":{"line":692,"column":4},"end":{"line":692,"column":10}},"loc":{"start":{"line":692,"column":47},"end":{"line":729,"column":null}}},"20":{"name":"(anonymous_70)","decl":{"start":{"line":731,"column":4},"end":{"line":731,"column":10}},"loc":{"start":{"line":731,"column":43},"end":{"line":753,"column":null}}}},"branchMap":{"0":{"loc":{"start":{"line":78,"column":8},"end":{"line":80,"column":null}},"type":"if","locations":[{"start":{"line":78,"column":8},"end":{"line":80,"column":null}}]},"1":{"loc":{"start":{"line":116,"column":32},"end":{"line":116,"column":null}},"type":"if","locations":[{"start":{"line":116,"column":32},"end":{"line":116,"column":null}}]},"2":{"loc":{"start":{"line":158,"column":8},"end":{"line":160,"column":null}},"type":"if","locations":[{"start":{"line":158,"column":8},"end":{"line":160,"column":null}}]},"3":{"loc":{"start":{"line":213,"column":12},"end":{"line":213,"column":62}},"type":"switch","locations":[{"start":{"line":213,"column":12},"end":{"line":213,"column":62}}]},"4":{"loc":{"start":{"line":189,"column":8},"end":{"line":191,"column":null}},"type":"if","locations":[{"start":{"line":189,"column":8},"end":{"line":191,"column":null}}]},"5":{"loc":{"start":{"line":197,"column":12},"end":{"line":197,"column":27}},"type":"if","locations":[{"start":{"line":197,"column":12},"end":{"line":197,"column":27}}]},"6":{"loc":{"start":{"line":197,"column":12},"end":{"line":197,"column":75}},"type":"binary-expr","locations":[{"start":{"line":197,"column":12},"end":{"line":197,"column":44}},{"start":{"line":197,"column":48},"end":{"line":197,"column":75}}]},"7":{"loc":{"start":{"line":301,"column":8},"end":{"line":301,"column":27}},"type":"switch","locations":[{"start":{"line":301,"column":8},"end":{"line":301,"column":27}}]},"8":{"loc":{"start":{"line":238,"column":8},"end":{"line":240,"column":null}},"type":"if","locations":[{"start":{"line":238,"column":8},"end":{"line":240,"column":null}}]},"9":{"loc":{"start":{"line":257,"column":12},"end":{"line":257,"column":26}},"type":"if","locations":[{"start":{"line":257,"column":12},"end":{"line":257,"column":26}}]},"10":{"loc":{"start":{"line":257,"column":12},"end":{"line":257,"column":73}},"type":"binary-expr","locations":[{"start":{"line":257,"column":12},"end":{"line":257,"column":43}},{"start":{"line":257,"column":47},"end":{"line":257,"column":73}}]},"11":{"loc":{"start":{"line":283,"column":44},"end":{"line":283,"column":null}},"type":"if","locations":[{"start":{"line":283,"column":44},"end":{"line":283,"column":null}}]},"12":{"loc":{"start":{"line":322,"column":8},"end":{"line":324,"column":null}},"type":"if","locations":[{"start":{"line":322,"column":8},"end":{"line":324,"column":null}}]},"13":{"loc":{"start":{"line":387,"column":12},"end":{"line":387,"column":62}},"type":"switch","locations":[{"start":{"line":387,"column":12},"end":{"line":387,"column":62}}]},"14":{"loc":{"start":{"line":355,"column":8},"end":{"line":357,"column":null}},"type":"if","locations":[{"start":{"line":355,"column":8},"end":{"line":357,"column":null}}]},"15":{"loc":{"start":{"line":363,"column":12},"end":{"line":363,"column":27}},"type":"if","locations":[{"start":{"line":363,"column":12},"end":{"line":363,"column":27}}]},"16":{"loc":{"start":{"line":363,"column":12},"end":{"line":363,"column":75}},"type":"binary-expr","locations":[{"start":{"line":363,"column":12},"end":{"line":363,"column":44}},{"start":{"line":363,"column":48},"end":{"line":363,"column":75}}]},"17":{"loc":{"start":{"line":371,"column":29},"end":{"line":371,"column":95}},"type":"cond-expr","locations":[{"start":{"line":371,"column":55},"end":{"line":371,"column":88}},{"start":{"line":371,"column":91},"end":{"line":371,"column":95}}]},"18":{"loc":{"start":{"line":396,"column":8},"end":{"line":401,"column":19}},"type":"switch","locations":[{"start":{"line":396,"column":8},"end":{"line":401,"column":19}}]},"19":{"loc":{"start":{"line":420,"column":8},"end":{"line":422,"column":null}},"type":"if","locations":[{"start":{"line":420,"column":8},"end":{"line":422,"column":null}}]},"20":{"loc":{"start":{"line":433,"column":8},"end":{"line":435,"column":null}},"type":"if","locations":[{"start":{"line":433,"column":8},"end":{"line":435,"column":null}}]},"21":{"loc":{"start":{"line":491,"column":8},"end":{"line":493,"column":null}},"type":"if","locations":[{"start":{"line":491,"column":8},"end":{"line":493,"column":null}}]},"22":{"loc":{"start":{"line":506,"column":8},"end":{"line":508,"column":null}},"type":"if","locations":[{"start":{"line":506,"column":8},"end":{"line":508,"column":null}}]},"23":{"loc":{"start":{"line":515,"column":16},"end":{"line":518,"column":null}},"type":"if","locations":[{"start":{"line":515,"column":16},"end":{"line":518,"column":null}}]},"24":{"loc":{"start":{"line":582,"column":8},"end":{"line":584,"column":null}},"type":"if","locations":[{"start":{"line":582,"column":8},"end":{"line":584,"column":null}}]},"25":{"loc":{"start":{"line":603,"column":8},"end":{"line":605,"column":null}},"type":"if","locations":[{"start":{"line":603,"column":8},"end":{"line":605,"column":null}}]},"26":{"loc":{"start":{"line":630,"column":8},"end":{"line":632,"column":null}},"type":"if","locations":[{"start":{"line":630,"column":8},"end":{"line":632,"column":null}}]},"27":{"loc":{"start":{"line":634,"column":8},"end":{"line":637,"column":37}},"type":"if","locations":[{"start":{"line":634,"column":8},"end":{"line":637,"column":37}},{"start":{"line":637,"column":12},"end":{"line":637,"column":37}}]},"28":{"loc":{"start":{"line":667,"column":8},"end":{"line":669,"column":null}},"type":"if","locations":[{"start":{"line":667,"column":8},"end":{"line":669,"column":null}}]},"29":{"loc":{"start":{"line":685,"column":8},"end":{"line":687,"column":null}},"type":"if","locations":[{"start":{"line":685,"column":8},"end":{"line":687,"column":null}}]},"30":{"loc":{"start":{"line":709,"column":8},"end":{"line":711,"column":null}},"type":"if","locations":[{"start":{"line":709,"column":8},"end":{"line":711,"column":null}}]},"31":{"loc":{"start":{"line":715,"column":8},"end":{"line":717,"column":null}},"type":"if","locations":[{"start":{"line":715,"column":8},"end":{"line":717,"column":null}}]},"32":{"loc":{"start":{"line":742,"column":8},"end":{"line":744,"column":null}},"type":"if","locations":[{"start":{"line":742,"column":8},"end":{"line":744,"column":null}}]},"33":{"loc":{"start":{"line":747,"column":8},"end":{"line":749,"column":null}},"type":"if","locations":[{"start":{"line":747,"column":8},"end":{"line":749,"column":null}}]}},"s":{"0":5,"1":5,"2":5,"3":5,"4":5,"5":5,"6":5,"7":5,"8":5,"9":5,"10":5,"11":5,"12":5,"13":5,"14":5,"15":5,"16":5,"17":5,"18":5,"19":5,"20":5,"21":5,"22":5,"23":5,"24":1,"25":5,"26":1,"27":5,"28":2,"29":2,"30":2,"31":2,"32":2,"33":1,"34":1,"35":1,"36":1,"37":1,"38":2,"39":1,"40":2,"41":2,"42":1,"43":1,"44":1,"45":1,"46":1,"47":2,"48":2,"49":5,"50":2,"51":2,"52":2,"53":2,"54":2,"55":0,"56":1,"57":1,"58":1,"59":5,"60":2,"61":2,"62":2,"63":2,"64":1,"65":1,"66":1,"67":1,"68":1,"69":5,"70":3,"71":3,"72":3,"73":3,"74":1,"75":2,"76":3,"77":1,"78":1,"79":1,"80":1,"81":1,"82":1,"83":5,"84":2,"85":2,"86":2,"87":2,"88":2,"89":1,"90":1,"91":1,"92":1,"93":1,"94":1,"95":1,"96":1,"97":1,"98":1,"99":1,"100":1,"101":1,"102":1,"103":2,"104":5,"105":2,"106":2,"107":2,"108":2,"109":2,"110":1,"111":5,"112":2,"113":2,"114":2,"115":2,"116":1,"117":1,"118":1,"119":1,"120":1,"121":5,"122":3,"123":3,"124":3,"125":3,"126":1,"127":2,"128":3,"129":1,"130":1,"131":1,"132":1,"133":1,"134":1,"135":1,"136":5,"137":3,"138":3,"139":3,"140":5,"141":3,"142":3,"143":3,"144":3,"145":3,"146":3,"147":1,"148":2,"149":2,"150":2,"151":1,"152":1,"153":1,"154":1,"155":1,"156":1,"157":1,"158":1,"159":1,"160":1,"161":1,"162":1,"163":1,"164":1,"165":5,"166":4,"167":4,"168":4,"169":4,"170":4,"171":1,"172":3,"173":3,"174":3,"175":3,"176":1,"177":2,"178":2,"179":2,"180":2,"181":2,"182":0,"183":0,"184":0,"185":0,"186":0,"187":0,"188":0,"189":0,"190":0,"191":0,"192":0,"193":0,"194":0,"195":0,"196":0,"197":0,"198":0,"199":0,"200":0,"201":2,"202":2,"203":5,"204":2,"205":2,"206":2,"207":2,"208":1,"209":1,"210":5,"211":2,"212":2,"213":2,"214":2,"215":1,"216":1,"217":1,"218":1,"219":5,"220":3,"221":3,"222":3,"223":3,"224":3,"225":1,"226":2,"227":1,"228":1,"229":2,"230":2,"231":2,"232":4,"233":2,"234":4,"235":4,"236":2,"237":5,"238":2,"239":2,"240":2,"241":2,"242":1,"243":1,"244":5,"245":2,"246":2,"247":2,"248":2,"249":1,"250":1,"251":5,"252":3,"253":3,"254":3,"255":3,"256":3,"257":3,"258":3,"259":1,"260":2,"261":2,"262":1,"263":1,"264":1,"265":1,"266":5,"267":3,"268":3,"269":3,"270":3,"271":3,"272":1,"273":2,"274":1,"275":1,"276":1,"277":5,"278":5},"f":{"0":10,"1":1,"2":1,"3":2,"4":2,"5":2,"6":3,"7":2,"8":2,"9":3,"10":3,"11":3,"12":4,"13":0,"14":2,"15":2,"16":3,"17":2,"18":2,"19":3,"20":3},"b":{"0":[1],"1":[1],"2":[1],"3":[1],"4":[1],"5":[1],"6":[2,1],"7":[1],"8":[1],"9":[0],"10":[1,1],"11":[1],"12":[1],"13":[1],"14":[1],"15":[1],"16":[2,1],"17":[1,0],"18":[3],"19":[1],"20":[1],"21":[1],"22":[1],"23":[0],"24":[1],"25":[1],"26":[1],"27":[1,1],"28":[1],"29":[1],"30":[1],"31":[1],"32":[1],"33":[1]}}
,"C:\\Users\\dell\\Desktop\\Nutrisport_pipeline\\NutriSport-app\\offers-and-requests-management-service\\src\\dto\\OfferDto.ts": {"path":"C:\\Users\\dell\\Desktop\\Nutrisport_pipeline\\NutriSport-app\\offers-and-requests-management-service\\src\\dto\\OfferDto.ts","statementMap":{"0":{"start":{"line":5,"column":0},"end":{"line":5,"column":13}},"1":{"start":{"line":24,"column":9},"end":{"line":37,"column":null}},"2":{"start":{"line":25,"column":31},"end":{"line":25,"column":45}},"3":{"start":{"line":26,"column":4},"end":{"line":26,"column":35}},"4":{"start":{"line":27,"column":4},"end":{"line":27,"column":31}},"5":{"start":{"line":28,"column":4},"end":{"line":28,"column":31}},"6":{"start":{"line":29,"column":4},"end":{"line":29,"column":53}},"7":{"start":{"line":30,"column":4},"end":{"line":30,"column":45}},"8":{"start":{"line":31,"column":4},"end":{"line":31,"column":43}},"9":{"start":{"line":32,"column":4},"end":{"line":32,"column":39}},"10":{"start":{"line":33,"column":4},"end":{"line":33,"column":39}},"11":{"start":{"line":34,"column":4},"end":{"line":34,"column":53}},"12":{"start":{"line":35,"column":4},"end":{"line":35,"column":67}},"13":{"start":{"line":36,"column":4},"end":{"line":36,"column":20}},"14":{"start":{"line":38,"column":0},"end":{"line":38,"column":null}},"15":{"start":{"line":5,"column":13},"end":{"line":5,"column":21}}},"fnMap":{"0":{"name":"(anonymous_0)","decl":{"start":{"line":5,"column":0},"end":{"line":5,"column":13}},"loc":{"start":{"line":5,"column":0},"end":{"line":38,"column":null}}},"1":{"name":"(anonymous_2)","decl":{"start":{"line":24,"column":2},"end":{"line":24,"column":9}},"loc":{"start":{"line":24,"column":27},"end":{"line":37,"column":3}}}},"branchMap":{},"s":{"0":5,"1":5,"2":3,"3":3,"4":3,"5":3,"6":3,"7":3,"8":3,"9":3,"10":3,"11":3,"12":3,"13":3,"14":5,"15":5},"f":{"0":9,"1":3},"b":{}}
,"C:\\Users\\dell\\Desktop\\Nutrisport_pipeline\\NutriSport-app\\offers-and-requests-management-service\\src\\entity\\Demand.ts": {"path":"C:\\Users\\dell\\Desktop\\Nutrisport_pipeline\\NutriSport-app\\offers-and-requests-management-service\\src\\entity\\Demand.ts","statementMap":{"0":{"start":{"line":1,"column":0},"end":{"line":1,"column":124}},"1":{"start":{"line":2,"column":0},"end":{"line":2,"column":52}},"2":{"start":{"line":3,"column":0},"end":{"line":3,"column":50}},"3":{"start":{"line":4,"column":0},"end":{"line":4,"column":32}},"4":{"start":{"line":7,"column":0},"end":{"line":7,"column":13}},"5":{"start":{"line":9,"column":2},"end":{"line":9,"column":null}},"6":{"start":{"line":12,"column":2},"end":{"line":12,"column":null}},"7":{"start":{"line":18,"column":2},"end":{"line":18,"column":null}},"8":{"start":{"line":21,"column":2},"end":{"line":21,"column":null}},"9":{"start":{"line":24,"column":2},"end":{"line":24,"column":null}},"10":{"start":{"line":27,"column":2},"end":{"line":27,"column":null}},"11":{"start":{"line":30,"column":2},"end":{"line":30,"column":null}},"12":{"start":{"line":33,"column":2},"end":{"line":33,"column":null}},"13":{"start":{"line":36,"column":2},"end":{"line":36,"column":null}},"14":{"start":{"line":35,"column":58},"end":{"line":35,"column":79}},"15":{"start":{"line":39,"column":2},"end":{"line":39,"column":null}},"16":{"start":{"line":42,"column":2},"end":{"line":42,"column":null}},"17":{"start":{"line":41,"column":58},"end":{"line":41,"column":79}},"18":{"start":{"line":45,"column":2},"end":{"line":45,"column":null}},"19":{"start":{"line":44,"column":58},"end":{"line":44,"column":79}},"20":{"start":{"line":48,"column":2},"end":{"line":48,"column":null}},"21":{"start":{"line":47,"column":19},"end":{"line":47,"column":35}},"22":{"start":{"line":47,"column":55},"end":{"line":47,"column":78}},"23":{"start":{"line":51,"column":2},"end":{"line":51,"column":null}},"24":{"start":{"line":50,"column":19},"end":{"line":50,"column":26}},"25":{"start":{"line":50,"column":37},"end":{"line":50,"column":61}},"26":{"start":{"line":7,"column":13},"end":{"line":52,"column":null}},"27":{"start":{"line":52,"column":0},"end":{"line":52,"column":null}},"28":{"start":{"line":7,"column":13},"end":{"line":7,"column":19}}},"fnMap":{"0":{"name":"(anonymous_2)","decl":{"start":{"line":7,"column":0},"end":{"line":7,"column":13}},"loc":{"start":{"line":7,"column":0},"end":{"line":7,"column":13}}},"1":{"name":"(anonymous_4)","decl":{"start":{"line":35,"column":52},"end":{"line":35,"column":58}},"loc":{"start":{"line":35,"column":52},"end":{"line":35,"column":77}}},"2":{"name":"(anonymous_5)","decl":{"start":{"line":41,"column":52},"end":{"line":41,"column":58}},"loc":{"start":{"line":41,"column":52},"end":{"line":41,"column":77}}},"3":{"name":"(anonymous_6)","decl":{"start":{"line":44,"column":52},"end":{"line":44,"column":58}},"loc":{"start":{"line":44,"column":52},"end":{"line":44,"column":77}}},"4":{"name":"(anonymous_7)","decl":{"start":{"line":47,"column":13},"end":{"line":47,"column":19}},"loc":{"start":{"line":47,"column":13},"end":{"line":47,"column":33}}},"5":{"name":"(anonymous_8)","decl":{"start":{"line":47,"column":35},"end":{"line":47,"column":36}},"loc":{"start":{"line":47,"column":50},"end":{"line":47,"column":69}}},"6":{"name":"(anonymous_9)","decl":{"start":{"line":50,"column":13},"end":{"line":50,"column":19}},"loc":{"start":{"line":50,"column":13},"end":{"line":50,"column":24}}},"7":{"name":"(anonymous_10)","decl":{"start":{"line":50,"column":26},"end":{"line":50,"column":27}},"loc":{"start":{"line":50,"column":32},"end":{"line":50,"column":42}}}},"branchMap":{},"s":{"0":5,"1":5,"2":5,"3":5,"4":5,"5":5,"6":5,"7":5,"8":5,"9":5,"10":5,"11":5,"12":5,"13":5,"14":0,"15":5,"16":5,"17":0,"18":5,"19":0,"20":5,"21":0,"22":0,"23":5,"24":0,"25":0,"26":5,"27":5,"28":5},"f":{"0":5,"1":0,"2":0,"3":0,"4":0,"5":0,"6":0,"7":0},"b":{}}
,"C:\\Users\\dell\\Desktop\\Nutrisport_pipeline\\NutriSport-app\\offers-and-requests-management-service\\src\\entity\\Devis.ts": {"path":"C:\\Users\\dell\\Desktop\\Nutrisport_pipeline\\NutriSport-app\\offers-and-requests-management-service\\src\\entity\\Devis.ts","statementMap":{"0":{"start":{"line":1,"column":0},"end":{"line":1,"column":120}},"1":{"start":{"line":2,"column":0},"end":{"line":2,"column":56}},"2":{"start":{"line":3,"column":0},"end":{"line":3,"column":34}},"3":{"start":{"line":4,"column":0},"end":{"line":4,"column":54}},"4":{"start":{"line":7,"column":0},"end":{"line":7,"column":13}},"5":{"start":{"line":9,"column":2},"end":{"line":9,"column":null}},"6":{"start":{"line":12,"column":2},"end":{"line":12,"column":null}},"7":{"start":{"line":20,"column":2},"end":{"line":20,"column":null}},"8":{"start":{"line":23,"column":2},"end":{"line":23,"column":null}},"9":{"start":{"line":22,"column":58},"end":{"line":22,"column":79}},"10":{"start":{"line":26,"column":2},"end":{"line":26,"column":null}},"11":{"start":{"line":25,"column":58},"end":{"line":25,"column":79}},"12":{"start":{"line":29,"column":2},"end":{"line":29,"column":null}},"13":{"start":{"line":28,"column":19},"end":{"line":28,"column":38}},"14":{"start":{"line":28,"column":61},"end":{"line":28,"column":85}},"15":{"start":{"line":32,"column":2},"end":{"line":32,"column":null}},"16":{"start":{"line":31,"column":19},"end":{"line":31,"column":27}},"17":{"start":{"line":31,"column":39},"end":{"line":31,"column":52}},"18":{"start":{"line":7,"column":13},"end":{"line":35,"column":null}},"19":{"start":{"line":35,"column":0},"end":{"line":35,"column":null}},"20":{"start":{"line":7,"column":13},"end":{"line":7,"column":18}}},"fnMap":{"0":{"name":"(anonymous_2)","decl":{"start":{"line":7,"column":0},"end":{"line":7,"column":13}},"loc":{"start":{"line":7,"column":0},"end":{"line":7,"column":13}}},"1":{"name":"(anonymous_4)","decl":{"start":{"line":22,"column":52},"end":{"line":22,"column":58}},"loc":{"start":{"line":22,"column":52},"end":{"line":22,"column":77}}},"2":{"name":"(anonymous_5)","decl":{"start":{"line":25,"column":52},"end":{"line":25,"column":58}},"loc":{"start":{"line":25,"column":52},"end":{"line":25,"column":77}}},"3":{"name":"(anonymous_6)","decl":{"start":{"line":28,"column":13},"end":{"line":28,"column":19}},"loc":{"start":{"line":28,"column":13},"end":{"line":28,"column":36}}},"4":{"name":"(anonymous_7)","decl":{"start":{"line":28,"column":38},"end":{"line":28,"column":39}},"loc":{"start":{"line":28,"column":56},"end":{"line":28,"column":78}}},"5":{"name":"(anonymous_8)","decl":{"start":{"line":31,"column":13},"end":{"line":31,"column":19}},"loc":{"start":{"line":31,"column":13},"end":{"line":31,"column":25}}},"6":{"name":"(anonymous_9)","decl":{"start":{"line":31,"column":27},"end":{"line":31,"column":28}},"loc":{"start":{"line":31,"column":34},"end":{"line":31,"column":45}}}},"branchMap":{},"s":{"0":5,"1":5,"2":5,"3":5,"4":5,"5":5,"6":5,"7":5,"8":5,"9":0,"10":5,"11":0,"12":5,"13":0,"14":0,"15":5,"16":0,"17":0,"18":5,"19":5,"20":5},"f":{"0":5,"1":0,"2":0,"3":0,"4":0,"5":0,"6":0},"b":{}}
,"C:\\Users\\dell\\Desktop\\Nutrisport_pipeline\\NutriSport-app\\offers-and-requests-management-service\\src\\entity\\Offer.ts": {"path":"C:\\Users\\dell\\Desktop\\Nutrisport_pipeline\\NutriSport-app\\offers-and-requests-management-service\\src\\entity\\Offer.ts","statementMap":{"0":{"start":{"line":1,"column":0},"end":{"line":1,"column":122}},"1":{"start":{"line":2,"column":0},"end":{"line":2,"column":56}},"2":{"start":{"line":3,"column":0},"end":{"line":3,"column":52}},"3":{"start":{"line":8,"column":0},"end":{"line":8,"column":13}},"4":{"start":{"line":10,"column":2},"end":{"line":10,"column":null}},"5":{"start":{"line":13,"column":2},"end":{"line":13,"column":null}},"6":{"start":{"line":19,"column":2},"end":{"line":19,"column":null}},"7":{"start":{"line":22,"column":2},"end":{"line":22,"column":null}},"8":{"start":{"line":25,"column":2},"end":{"line":25,"column":null}},"9":{"start":{"line":28,"column":2},"end":{"line":28,"column":null}},"10":{"start":{"line":31,"column":2},"end":{"line":31,"column":null}},"11":{"start":{"line":34,"column":2},"end":{"line":34,"column":null}},"12":{"start":{"line":37,"column":2},"end":{"line":37,"column":null}},"13":{"start":{"line":40,"column":2},"end":{"line":40,"column":null}},"14":{"start":{"line":43,"column":2},"end":{"line":43,"column":null}},"15":{"start":{"line":46,"column":2},"end":{"line":46,"column":null}},"16":{"start":{"line":49,"column":2},"end":{"line":49,"column":null}},"17":{"start":{"line":52,"column":2},"end":{"line":52,"column":null}},"18":{"start":{"line":51,"column":58},"end":{"line":51,"column":79}},"19":{"start":{"line":55,"column":2},"end":{"line":55,"column":null}},"20":{"start":{"line":54,"column":58},"end":{"line":54,"column":79}},"21":{"start":{"line":58,"column":2},"end":{"line":58,"column":null}},"22":{"start":{"line":61,"column":2},"end":{"line":61,"column":null}},"23":{"start":{"line":60,"column":19},"end":{"line":60,"column":38}},"24":{"start":{"line":60,"column":61},"end":{"line":60,"column":86}},"25":{"start":{"line":8,"column":13},"end":{"line":62,"column":null}},"26":{"start":{"line":62,"column":0},"end":{"line":62,"column":null}},"27":{"start":{"line":8,"column":13},"end":{"line":8,"column":18}}},"fnMap":{"0":{"name":"(anonymous_2)","decl":{"start":{"line":8,"column":0},"end":{"line":8,"column":13}},"loc":{"start":{"line":8,"column":0},"end":{"line":8,"column":13}}},"1":{"name":"(anonymous_4)","decl":{"start":{"line":51,"column":52},"end":{"line":51,"column":58}},"loc":{"start":{"line":51,"column":52},"end":{"line":51,"column":77}}},"2":{"name":"(anonymous_5)","decl":{"start":{"line":54,"column":52},"end":{"line":54,"column":58}},"loc":{"start":{"line":54,"column":52},"end":{"line":54,"column":77}}},"3":{"name":"(anonymous_6)","decl":{"start":{"line":60,"column":13},"end":{"line":60,"column":19}},"loc":{"start":{"line":60,"column":13},"end":{"line":60,"column":36}}},"4":{"name":"(anonymous_7)","decl":{"start":{"line":60,"column":38},"end":{"line":60,"column":39}},"loc":{"start":{"line":60,"column":56},"end":{"line":60,"column":78}}}},"branchMap":{},"s":{"0":5,"1":5,"2":5,"3":5,"4":5,"5":5,"6":5,"7":5,"8":5,"9":5,"10":5,"11":5,"12":5,"13":5,"14":5,"15":5,"16":5,"17":5,"18":0,"19":5,"20":0,"21":5,"22":5,"23":0,"24":0,"25":5,"26":5,"27":5},"f":{"0":5,"1":0,"2":0,"3":0,"4":0},"b":{}}
,"C:\\Users\\dell\\Desktop\\Nutrisport_pipeline\\NutriSport-app\\offers-and-requests-management-service\\src\\entity\\PreparatorSession.ts": {"path":"C:\\Users\\dell\\Desktop\\Nutrisport_pipeline\\NutriSport-app\\offers-and-requests-management-service\\src\\entity\\PreparatorSession.ts","statementMap":{"0":{"start":{"line":2,"column":0},"end":{"line":2,"column":78}},"1":{"start":{"line":3,"column":0},"end":{"line":3,"column":32}},"2":{"start":{"line":4,"column":0},"end":{"line":4,"column":32}},"3":{"start":{"line":7,"column":0},"end":{"line":7,"column":13}},"4":{"start":{"line":9,"column":2},"end":{"line":9,"column":null}},"5":{"start":{"line":12,"column":2},"end":{"line":12,"column":null}},"6":{"start":{"line":15,"column":2},"end":{"line":15,"column":null}},"7":{"start":{"line":18,"column":2},"end":{"line":18,"column":null}},"8":{"start":{"line":21,"column":2},"end":{"line":21,"column":null}},"9":{"start":{"line":24,"column":2},"end":{"line":24,"column":null}},"10":{"start":{"line":27,"column":2},"end":{"line":27,"column":null}},"11":{"start":{"line":30,"column":2},"end":{"line":30,"column":null}},"12":{"start":{"line":33,"column":2},"end":{"line":33,"column":null}},"13":{"start":{"line":32,"column":19},"end":{"line":32,"column":26}},"14":{"start":{"line":32,"column":37},"end":{"line":32,"column":61}},"15":{"start":{"line":36,"column":2},"end":{"line":36,"column":null}},"16":{"start":{"line":35,"column":19},"end":{"line":35,"column":26}},"17":{"start":{"line":35,"column":37},"end":{"line":35,"column":61}},"18":{"start":{"line":7,"column":13},"end":{"line":38,"column":null}},"19":{"start":{"line":38,"column":0},"end":{"line":38,"column":null}},"20":{"start":{"line":7,"column":13},"end":{"line":7,"column":30}}},"fnMap":{"0":{"name":"(anonymous_2)","decl":{"start":{"line":7,"column":0},"end":{"line":7,"column":13}},"loc":{"start":{"line":7,"column":0},"end":{"line":7,"column":13}}},"1":{"name":"(anonymous_4)","decl":{"start":{"line":32,"column":13},"end":{"line":32,"column":19}},"loc":{"start":{"line":32,"column":13},"end":{"line":32,"column":24}}},"2":{"name":"(anonymous_5)","decl":{"start":{"line":32,"column":26},"end":{"line":32,"column":27}},"loc":{"start":{"line":32,"column":32},"end":{"line":32,"column":42}}},"3":{"name":"(anonymous_6)","decl":{"start":{"line":35,"column":13},"end":{"line":35,"column":19}},"loc":{"start":{"line":35,"column":13},"end":{"line":35,"column":24}}},"4":{"name":"(anonymous_7)","decl":{"start":{"line":35,"column":26},"end":{"line":35,"column":27}},"loc":{"start":{"line":35,"column":32},"end":{"line":35,"column":42}}}},"branchMap":{},"s":{"0":5,"1":5,"2":5,"3":5,"4":5,"5":5,"6":5,"7":5,"8":5,"9":5,"10":5,"11":5,"12":5,"13":0,"14":0,"15":5,"16":0,"17":0,"18":5,"19":5,"20":5},"f":{"0":7,"1":0,"2":0,"3":0,"4":0},"b":{}}
,"C:\\Users\\dell\\Desktop\\Nutrisport_pipeline\\NutriSport-app\\offers-and-requests-management-service\\src\\entity\\SportifSession.ts": {"path":"C:\\Users\\dell\\Desktop\\Nutrisport_pipeline\\NutriSport-app\\offers-and-requests-management-service\\src\\entity\\SportifSession.ts","statementMap":{"0":{"start":{"line":1,"column":0},"end":{"line":1,"column":77}},"1":{"start":{"line":2,"column":0},"end":{"line":2,"column":34}},"2":{"start":{"line":5,"column":0},"end":{"line":5,"column":13}},"3":{"start":{"line":7,"column":2},"end":{"line":7,"column":null}},"4":{"start":{"line":10,"column":2},"end":{"line":10,"column":null}},"5":{"start":{"line":13,"column":2},"end":{"line":13,"column":null}},"6":{"start":{"line":16,"column":2},"end":{"line":16,"column":null}},"7":{"start":{"line":19,"column":2},"end":{"line":19,"column":null}},"8":{"start":{"line":22,"column":2},"end":{"line":22,"column":null}},"9":{"start":{"line":25,"column":2},"end":{"line":25,"column":null}},"10":{"start":{"line":28,"column":2},"end":{"line":28,"column":null}},"11":{"start":{"line":27,"column":19},"end":{"line":27,"column":27}},"12":{"start":{"line":27,"column":39},"end":{"line":27,"column":61}},"13":{"start":{"line":5,"column":13},"end":{"line":30,"column":null}},"14":{"start":{"line":30,"column":0},"end":{"line":30,"column":null}},"15":{"start":{"line":5,"column":13},"end":{"line":5,"column":27}}},"fnMap":{"0":{"name":"(anonymous_2)","decl":{"start":{"line":5,"column":0},"end":{"line":5,"column":13}},"loc":{"start":{"line":5,"column":0},"end":{"line":5,"column":13}}},"1":{"name":"(anonymous_4)","decl":{"start":{"line":27,"column":13},"end":{"line":27,"column":19}},"loc":{"start":{"line":27,"column":13},"end":{"line":27,"column":25}}},"2":{"name":"(anonymous_5)","decl":{"start":{"line":27,"column":27},"end":{"line":27,"column":28}},"loc":{"start":{"line":27,"column":34},"end":{"line":27,"column":45}}}},"branchMap":{},"s":{"0":5,"1":5,"2":5,"3":5,"4":5,"5":5,"6":5,"7":5,"8":5,"9":5,"10":5,"11":0,"12":0,"13":5,"14":5,"15":5},"f":{"0":6,"1":0,"2":0},"b":{}}
,"C:\\Users\\dell\\Desktop\\Nutrisport_pipeline\\NutriSport-app\\offers-and-requests-management-service\\src\\enum\\EnumDevisStatus.ts": {"path":"C:\\Users\\dell\\Desktop\\Nutrisport_pipeline\\NutriSport-app\\offers-and-requests-management-service\\src\\enum\\EnumDevisStatus.ts","statementMap":{"0":{"start":{"line":1,"column":0},"end":{"line":1,"column":null}},"1":{"start":{"line":2,"column":4},"end":{"line":2,"column":null}},"2":{"start":{"line":3,"column":4},"end":{"line":3,"column":null}},"3":{"start":{"line":4,"column":4},"end":{"line":4,"column":null}}},"fnMap":{"0":{"name":"(anonymous_0)","decl":{"start":{"line":1,"column":0},"end":{"line":1,"column":12}},"loc":{"start":{"line":1,"column":23},"end":{"line":5,"column":3}}}},"branchMap":{"0":{"loc":{"start":{"line":1,"column":12},"end":{"line":1,"column":null}},"type":"binary-expr","locations":[{"start":{"line":1,"column":12},"end":{"line":1,"column":23}},{"start":{"line":1,"column":12},"end":{"line":1,"column":null}}]}},"s":{"0":5,"1":5,"2":5,"3":5},"f":{"0":5},"b":{"0":[5,5]}}
,"C:\\Users\\dell\\Desktop\\Nutrisport_pipeline\\NutriSport-app\\offers-and-requests-management-service\\src\\enum\\EnumMealType.ts": {"path":"C:\\Users\\dell\\Desktop\\Nutrisport_pipeline\\NutriSport-app\\offers-and-requests-management-service\\src\\enum\\EnumMealType.ts","statementMap":{"0":{"start":{"line":1,"column":0},"end":{"line":1,"column":null}},"1":{"start":{"line":2,"column":4},"end":{"line":2,"column":null}},"2":{"start":{"line":3,"column":4},"end":{"line":3,"column":null}},"3":{"start":{"line":4,"column":4},"end":{"line":4,"column":null}},"4":{"start":{"line":5,"column":4},"end":{"line":5,"column":null}}},"fnMap":{"0":{"name":"(anonymous_0)","decl":{"start":{"line":1,"column":0},"end":{"line":1,"column":12}},"loc":{"start":{"line":1,"column":24},"end":{"line":6,"column":3}}}},"branchMap":{"0":{"loc":{"start":{"line":1,"column":12},"end":{"line":1,"column":null}},"type":"binary-expr","locations":[{"start":{"line":1,"column":12},"end":{"line":1,"column":24}},{"start":{"line":1,"column":12},"end":{"line":1,"column":null}}]}},"s":{"0":5,"1":5,"2":5,"3":5,"4":5},"f":{"0":5},"b":{"0":[5,5]}}
}
