TN:
SF:src\data-source.ts
FNF:0
FNH:0
DA:1,5
DA:2,5
DA:3,5
DA:4,5
DA:5,5
DA:6,5
DA:7,5
DA:9,5
LF:8
LH:8
BRF:0
BRH:0
end_of_record
TN:
SF:src\controller\Controller.ts
FN:15,(anonymous_15)
FN:40,(anonymous_17)
FN:53,(anonymous_20)
FN:65,(anonymous_23)
FN:114,(anonymous_26)
FN:148,(anonymous_27)
FN:179,(anonymous_30)
FN:225,(anonymous_33)
FN:312,(anonymous_36)
FN:345,(anonymous_39)
FN:394,(anonymous_42)
FN:403,(anonymous_45)
FN:477,(anonymous_48)
FN:514,(anonymous_51)
FN:572,(anonymous_52)
FN:593,(anonymous_55)
FN:616,(anonymous_58)
FN:655,(anonymous_61)
FN:674,(anonymous_64)
FN:692,(anonymous_67)
FN:731,(anonymous_70)
FNF:21
FNH:20
FNDA:10,(anonymous_15)
FNDA:1,(anonymous_17)
FNDA:1,(anonymous_20)
FNDA:2,(anonymous_23)
FNDA:2,(anonymous_26)
FNDA:2,(anonymous_27)
FNDA:3,(anonymous_30)
FNDA:2,(anonymous_33)
FNDA:2,(anonymous_36)
FNDA:3,(anonymous_39)
FNDA:3,(anonymous_42)
FNDA:3,(anonymous_45)
FNDA:4,(anonymous_48)
FNDA:0,(anonymous_51)
FNDA:2,(anonymous_52)
FNDA:2,(anonymous_55)
FNDA:3,(anonymous_58)
FNDA:2,(anonymous_61)
FNDA:2,(anonymous_64)
FNDA:3,(anonymous_67)
FNDA:3,(anonymous_70)
DA:1,5
DA:3,5
DA:4,5
DA:5,5
DA:6,5
DA:7,5
DA:8,5
DA:9,5
DA:10,5
DA:11,5
DA:12,5
DA:13,5
DA:15,5
DA:17,5
DA:18,5
DA:19,5
DA:20,5
DA:21,5
DA:23,5
DA:24,5
DA:25,5
DA:27,5
DA:28,5
DA:40,5
DA:41,1
DA:53,5
DA:54,1
DA:65,5
DA:67,2
DA:70,2
DA:73,2
DA:78,2
DA:79,1
DA:83,1
DA:89,1
DA:92,1
DA:93,2
DA:94,1
DA:97,2
DA:101,2
DA:105,1
DA:106,1
DA:112,1
DA:114,2
DA:116,5
DA:117,2
DA:124,2
DA:127,2
DA:130,0
DA:134,1
DA:135,1
DA:138,1
DA:148,5
DA:150,2
DA:153,2
DA:158,2
DA:159,1
DA:161,1
DA:163,1
DA:169,1
DA:179,5
DA:181,3
DA:184,3
DA:189,3
DA:190,1
DA:194,2
DA:197,3
DA:199,1
DA:202,1
DA:205,1
DA:211,1
DA:213,1
DA:225,5
DA:227,2
DA:230,2
DA:233,2
DA:238,2
DA:239,1
DA:243,1
DA:249,1
DA:251,1
DA:252,1
DA:255,1
DA:257,1
DA:259,1
DA:262,1
DA:264,1
DA:273,1
DA:281,1
DA:283,5
DA:284,2
DA:292,2
DA:294,2
DA:301,1
DA:312,5
DA:314,2
DA:317,2
DA:322,2
DA:323,1
DA:326,1
DA:329,1
DA:335,1
DA:345,5
DA:347,3
DA:350,3
DA:355,3
DA:356,1
DA:360,2
DA:363,3
DA:365,1
DA:368,1
DA:371,1
DA:375,1
DA:385,1
DA:387,1
DA:394,5
DA:395,3
DA:396,3
DA:403,5
DA:406,3
DA:407,3
DA:413,3
DA:416,3
DA:420,3
DA:421,1
DA:425,2
DA:433,2
DA:434,1
DA:438,1
DA:445,1
DA:446,1
DA:449,1
DA:452,1
DA:455,1
DA:457,1
DA:469,1
DA:472,1
DA:474,1
DA:477,5
DA:479,4
DA:482,4
DA:485,4
DA:491,4
DA:492,1
DA:497,3
DA:500,3
DA:506,3
DA:507,1
DA:510,2
DA:512,2
DA:513,2
DA:514,2
DA:515,0
DA:516,0
DA:517,0
DA:521,0
DA:522,0
DA:526,0
DA:527,0
DA:528,0
DA:531,0
DA:535,0
DA:538,0
DA:540,0
DA:543,0
DA:547,0
DA:550,0
DA:558,0
DA:561,0
DA:566,2
DA:568,2
DA:572,5
DA:574,2
DA:577,2
DA:582,2
DA:583,1
DA:586,1
DA:593,5
DA:595,2
DA:598,2
DA:603,2
DA:604,1
DA:606,1
DA:613,1
DA:616,5
DA:618,3
DA:621,3
DA:624,3
DA:630,3
DA:631,1
DA:634,2
DA:635,1
DA:637,1
DA:639,2
DA:642,2
DA:643,4
DA:644,2
DA:647,4
DA:651,4
DA:653,2
DA:655,5
DA:657,2
DA:660,2
DA:667,2
DA:668,1
DA:672,1
DA:674,5
DA:676,2
DA:679,2
DA:685,2
DA:686,1
DA:690,1
DA:692,5
DA:694,3
DA:697,3
DA:700,3
DA:705,3
DA:709,3
DA:710,1
DA:713,2
DA:715,2
DA:716,1
DA:719,1
DA:728,1
DA:731,5
DA:733,3
DA:734,3
DA:736,3
DA:742,3
DA:743,1
DA:747,2
DA:748,1
DA:750,1
DA:752,1
DA:755,5
LF:235
LH:217
BRDA:78,0,0,1
BRDA:116,1,0,1
BRDA:158,2,0,1
BRDA:213,3,0,1
BRDA:189,4,0,1
BRDA:197,5,0,1
BRDA:197,6,0,2
BRDA:197,6,1,1
BRDA:301,7,0,1
BRDA:238,8,0,1
BRDA:257,9,0,0
BRDA:257,10,0,1
BRDA:257,10,1,1
BRDA:283,11,0,1
BRDA:322,12,0,1
BRDA:387,13,0,1
BRDA:355,14,0,1
BRDA:363,15,0,1
BRDA:363,16,0,2
BRDA:363,16,1,1
BRDA:371,17,0,1
BRDA:371,17,1,0
BRDA:396,18,0,3
BRDA:420,19,0,1
BRDA:433,20,0,1
BRDA:491,21,0,1
BRDA:506,22,0,1
BRDA:515,23,0,0
BRDA:582,24,0,1
BRDA:603,25,0,1
BRDA:630,26,0,1
BRDA:634,27,0,1
BRDA:634,27,1,1
BRDA:667,28,0,1
BRDA:685,29,0,1
BRDA:709,30,0,1
BRDA:715,31,0,1
BRDA:742,32,0,1
BRDA:747,33,0,1
BRF:39
BRH:36
end_of_record
TN:
SF:src\dto\OfferDto.ts
FN:5,(anonymous_0)
FN:24,(anonymous_2)
FNF:2
FNH:2
FNDA:9,(anonymous_0)
FNDA:3,(anonymous_2)
DA:5,5
DA:24,5
DA:25,3
DA:26,3
DA:27,3
DA:28,3
DA:29,3
DA:30,3
DA:31,3
DA:32,3
DA:33,3
DA:34,3
DA:35,3
DA:36,3
DA:38,5
LF:15
LH:15
BRF:0
BRH:0
end_of_record
TN:
SF:src\entity\Demand.ts
FN:7,(anonymous_2)
FN:35,(anonymous_4)
FN:41,(anonymous_5)
FN:44,(anonymous_6)
FN:47,(anonymous_7)
FN:47,(anonymous_8)
FN:50,(anonymous_9)
FN:50,(anonymous_10)
FNF:8
FNH:1
FNDA:5,(anonymous_2)
FNDA:0,(anonymous_4)
FNDA:0,(anonymous_5)
FNDA:0,(anonymous_6)
FNDA:0,(anonymous_7)
FNDA:0,(anonymous_8)
FNDA:0,(anonymous_9)
FNDA:0,(anonymous_10)
DA:1,5
DA:2,5
DA:3,5
DA:4,5
DA:7,5
DA:9,5
DA:12,5
DA:18,5
DA:21,5
DA:24,5
DA:27,5
DA:30,5
DA:33,5
DA:35,0
DA:36,5
DA:39,5
DA:41,0
DA:42,5
DA:44,0
DA:45,5
DA:47,0
DA:48,5
DA:50,0
DA:51,5
DA:52,5
LF:25
LH:20
BRF:0
BRH:0
end_of_record
TN:
SF:src\entity\Devis.ts
FN:7,(anonymous_2)
FN:22,(anonymous_4)
FN:25,(anonymous_5)
FN:28,(anonymous_6)
FN:28,(anonymous_7)
FN:31,(anonymous_8)
FN:31,(anonymous_9)
FNF:7
FNH:1
FNDA:5,(anonymous_2)
FNDA:0,(anonymous_4)
FNDA:0,(anonymous_5)
FNDA:0,(anonymous_6)
FNDA:0,(anonymous_7)
FNDA:0,(anonymous_8)
FNDA:0,(anonymous_9)
DA:1,5
DA:2,5
DA:3,5
DA:4,5
DA:7,5
DA:9,5
DA:12,5
DA:20,5
DA:22,0
DA:23,5
DA:25,0
DA:26,5
DA:28,0
DA:29,5
DA:31,0
DA:32,5
DA:35,5
LF:17
LH:13
BRF:0
BRH:0
end_of_record
TN:
SF:src\entity\Offer.ts
FN:8,(anonymous_2)
FN:51,(anonymous_4)
FN:54,(anonymous_5)
FN:60,(anonymous_6)
FN:60,(anonymous_7)
FNF:5
FNH:1
FNDA:5,(anonymous_2)
FNDA:0,(anonymous_4)
FNDA:0,(anonymous_5)
FNDA:0,(anonymous_6)
FNDA:0,(anonymous_7)
DA:1,5
DA:2,5
DA:3,5
DA:8,5
DA:10,5
DA:13,5
DA:19,5
DA:22,5
DA:25,5
DA:28,5
DA:31,5
DA:34,5
DA:37,5
DA:40,5
DA:43,5
DA:46,5
DA:49,5
DA:51,0
DA:52,5
DA:54,0
DA:55,5
DA:58,5
DA:60,0
DA:61,5
DA:62,5
LF:25
LH:22
BRF:0
BRH:0
end_of_record
TN:
SF:src\entity\PreparatorSession.ts
FN:7,(anonymous_2)
FN:32,(anonymous_4)
FN:32,(anonymous_5)
FN:35,(anonymous_6)
FN:35,(anonymous_7)
FNF:5
FNH:1
FNDA:7,(anonymous_2)
FNDA:0,(anonymous_4)
FNDA:0,(anonymous_5)
FNDA:0,(anonymous_6)
FNDA:0,(anonymous_7)
DA:2,5
DA:3,5
DA:4,5
DA:7,5
DA:9,5
DA:12,5
DA:15,5
DA:18,5
DA:21,5
DA:24,5
DA:27,5
DA:30,5
DA:32,0
DA:33,5
DA:35,0
DA:36,5
DA:38,5
LF:17
LH:15
BRF:0
BRH:0
end_of_record
TN:
SF:src\entity\SportifSession.ts
FN:5,(anonymous_2)
FN:27,(anonymous_4)
FN:27,(anonymous_5)
FNF:3
FNH:1
FNDA:6,(anonymous_2)
FNDA:0,(anonymous_4)
FNDA:0,(anonymous_5)
DA:1,5
DA:2,5
DA:5,5
DA:7,5
DA:10,5
DA:13,5
DA:16,5
DA:19,5
DA:22,5
DA:25,5
DA:27,0
DA:28,5
DA:30,5
LF:13
LH:12
BRF:0
BRH:0
end_of_record
TN:
SF:src\enum\EnumDevisStatus.ts
FN:1,(anonymous_0)
FNF:1
FNH:1
FNDA:5,(anonymous_0)
DA:1,5
DA:2,5
DA:3,5
DA:4,5
LF:4
LH:4
BRDA:1,0,0,5
BRDA:1,0,1,5
BRF:2
BRH:2
end_of_record
TN:
SF:src\enum\EnumMealType.ts
FN:1,(anonymous_0)
FNF:1
FNH:1
FNDA:5,(anonymous_0)
DA:1,5
DA:2,5
DA:3,5
DA:4,5
DA:5,5
LF:5
LH:5
BRDA:1,0,0,5
BRDA:1,0,1,5
BRF:2
BRH:2
end_of_record
